#
# There is insufficient memory for the Java Runtime Environment to continue.
# Native memory allocation (mmap) failed to map 266338304 bytes. Error detail: G1 virtual space
# Possible reasons:
#   The system is out of physical RAM or swap space
#   This process is running with CompressedOops enabled, and the Java Heap may be blocking the growth of the native heap
# Possible solutions:
#   Reduce memory load on the system
#   Increase physical memory or swap space
#   Check if swap backing store is full
#   Decrease Java heap size (-Xmx/-Xms)
#   Decrease number of Java threads
#   Decrease Java thread stack sizes (-Xss)
#   Set larger code cache with -XX:ReservedCodeCacheSize=
#   JVM is running with Zero Based Compressed Oops mode in which the Java heap is
#     placed in the first 32GB address space. The Java Heap base address is the
#     maximum limit for the native heap growth. Please use -XX:HeapBaseMinAddress
#     to set the Java Heap base and to place the Java Heap above 32GB virtual address.
# This output file may be truncated or incomplete.
#
#  Out of Memory Error (os_windows.cpp:3613), pid=20328, tid=15288
#
# JRE version:  (17.0.11+9) (build )
# Java VM: OpenJDK 64-Bit Server VM (17.0.11+9-LTS, mixed mode, sharing, tiered, compressed oops, compressed class ptrs, g1 gc, windows-amd64)
# No core dump will be written. Minidumps are not enabled by default on client versions of Windows
#

---------------  S U M M A R Y ------------

Command Line: -Dclassworlds.conf=D:\Program Files\apache-maven-3.9.9\bin\m2.conf -Dmaven.home=D:\Program Files\apache-maven-3.9.9 -Dlibrary.jansi.path=D:\Program Files\apache-maven-3.9.9\lib\jansi-native -Dmaven.multiModuleProjectDirectory=d:\lora\chatRoom org.codehaus.plexus.classworlds.launcher.Launcher --version

Host: 11th Gen Intel(R) Core(TM) i5-11260H @ 2.60GHz, 12 cores, 15G,  Windows 11 , 64 bit Build 22621 (10.0.22621.2506)
Time: Wed Sep 25 20:33:19 2024  Windows 11 , 64 bit Build 22621 (10.0.22621.2506) elapsed time: 0.016288 seconds (0d 0h 0m 0s)

---------------  T H R E A D  ---------------

Current thread (0x000002b37c888140):  JavaThread "Unknown thread" [_thread_in_vm, id=15288, stack(0x000000d00fc00000,0x000000d00fd00000)]

Stack: [0x000000d00fc00000,0x000000d00fd00000]
Native frames: (J=compiled Java code, j=interpreted, Vv=VM code, C=native code)
V  [jvm.dll+0x67d009]
V  [jvm.dll+0x83489a]
V  [jvm.dll+0x83635e]
V  [jvm.dll+0x8369c3]
V  [jvm.dll+0x2479df]
V  [jvm.dll+0x679e49]
V  [jvm.dll+0x66e8ba]
V  [jvm.dll+0x30755b]
V  [jvm.dll+0x30ea06]
V  [jvm.dll+0x35e40e]
V  [jvm.dll+0x35e63f]
V  [jvm.dll+0x2de298]
V  [jvm.dll+0x2df204]
V  [jvm.dll+0x806221]
V  [jvm.dll+0x36c161]
V  [jvm.dll+0x7e4c56]
V  [jvm.dll+0x3ef9cf]
V  [jvm.dll+0x3f1521]
C  [jli.dll+0x528f]
C  [ucrtbase.dll+0x29363]
C  [KERNEL32.DLL+0x1257d]
C  [ntdll.dll+0x5aa58]


---------------  P R O C E S S  ---------------

Threads class SMR info:
_java_thread_list=0x00007ffc4504eed8, length=0, elements={
}

Java Threads: ( => current thread )

Other Threads:
  0x000002b37c8ee000 GCTaskThread "GC Thread#0" [stack: 0x000000d00fd00000,0x000000d00fe00000] [id=16904]
  0x000002b37c8fea80 ConcurrentGCThread "G1 Main Marker" [stack: 0x000000d00fe00000,0x000000d00ff00000] [id=14676]
  0x000002b37c8ff340 ConcurrentGCThread "G1 Conc#0" [stack: 0x000000d00ff00000,0x000000d010000000] [id=7940]

[error occurred during error reporting (printing all threads), id 0xc0000005, EXCEPTION_ACCESS_VIOLATION (0xc0000005) at pc=0x00007ffc4480ecd7]

VM state: not at safepoint (not fully initialized)

VM Mutex/Monitor currently owned by a thread:  ([mutex/lock_event])
[0x000002b37c884010] Heap_lock - owner thread: 0x000002b37c888140

Heap address: 0x0000000703600000, size: 4042 MB, Compressed Oops mode: Zero based, Oop shift amount: 3

CDS archive(s) mapped at: [0x0000000000000000-0x0000000000000000-0x0000000000000000), size 0, SharedBaseAddress: 0x0000000800000000, ArchiveRelocationMode: 1.
Narrow klass base: 0x0000000000000000, Narrow klass shift: 0, Narrow klass range: 0x0

GC Precious Log:
<Empty>

Heap:
 garbage-first heap   total 0K, used 0K [0x0000000703600000, 0x0000000800000000)
  region size 2048K, 0 young (0K), 0 survivors (0K)

[error occurred during error reporting (printing heap information), id 0xc0000005, EXCEPTION_ACCESS_VIOLATION (0xc0000005) at pc=0x00007ffc44bf6d29]

GC Heap History (0 events):
No events

Dll operation events (1 events):
Event: 0.009 Loaded shared library C:\Users\Jastin Pepeo\.jdks\corretto-17.0.11\bin\java.dll

Deoptimization events (0 events):
No events

Classes unloaded (0 events):
No events

Classes redefined (0 events):
No events

Internal exceptions (0 events):
No events

VM Operations (0 events):
No events

Events (0 events):
No events


Dynamic libraries:
0x00007ff601d90000 - 0x00007ff601d9e000 	C:\Users\Jastin Pepeo\.jdks\corretto-17.0.11\bin\java.exe
0x00007ffcf44b0000 - 0x00007ffcf46c7000 	C:\WINDOWS\SYSTEM32\ntdll.dll
0x00007ffcf3180000 - 0x00007ffcf3244000 	C:\WINDOWS\System32\KERNEL32.DLL
0x00007ffcf1d30000 - 0x00007ffcf20d5000 	C:\WINDOWS\System32\KERNELBASE.dll
0x00007ffcf20e0000 - 0x00007ffcf21f1000 	C:\WINDOWS\System32\ucrtbase.dll
0x00007ffcb7390000 - 0x00007ffcb73a7000 	C:\Users\Jastin Pepeo\.jdks\corretto-17.0.11\bin\jli.dll
0x00007ffcb7280000 - 0x00007ffcb729b000 	C:\Users\Jastin Pepeo\.jdks\corretto-17.0.11\bin\VCRUNTIME140.dll
0x00007ffcf3570000 - 0x00007ffcf371e000 	C:\WINDOWS\System32\USER32.dll
0x00007ffcf1a50000 - 0x00007ffcf1a76000 	C:\WINDOWS\System32\win32u.dll
0x00007ffcf3a20000 - 0x00007ffcf3a49000 	C:\WINDOWS\System32\GDI32.dll
0x00007ffcf1930000 - 0x00007ffcf1a49000 	C:\WINDOWS\System32\gdi32full.dll
0x00007ffcccfa0000 - 0x00007ffccd233000 	C:\WINDOWS\WinSxS\amd64_microsoft.windows.common-controls_6595b64144ccf1df_6.0.22621.2506_none_270c5ae97388e100\COMCTL32.dll
0x00007ffcf1820000 - 0x00007ffcf18ba000 	C:\WINDOWS\System32\msvcp_win.dll
0x00007ffcf3720000 - 0x00007ffcf37c7000 	C:\WINDOWS\System32\msvcrt.dll
0x00007ffcf3860000 - 0x00007ffcf3891000 	C:\WINDOWS\System32\IMM32.DLL
0x0000000050350000 - 0x000000005035d000 	C:\Program Files (x86)\360\360Safe\safemon\SafeWrapper.dll
0x00007ffcf2ee0000 - 0x00007ffcf2f91000 	C:\WINDOWS\System32\ADVAPI32.dll
0x00007ffcf3310000 - 0x00007ffcf33b6000 	C:\WINDOWS\System32\sechost.dll
0x00007ffcf2a20000 - 0x00007ffcf2b37000 	C:\WINDOWS\System32\RPCRT4.dll
0x00007ffcd8190000 - 0x00007ffcd8293000 	C:\Program Files (x86)\360\360Safe\safemon\libzdtp64.dll
0x00007ffcf3c10000 - 0x00007ffcf4469000 	C:\WINDOWS\System32\SHELL32.dll
0x00007ffcf2440000 - 0x00007ffcf249e000 	C:\WINDOWS\System32\SHLWAPI.dll
0x00007ffcf1460000 - 0x00007ffcf146a000 	C:\WINDOWS\SYSTEM32\VERSION.dll
0x00007ffcb8790000 - 0x00007ffcb879c000 	C:\Users\Jastin Pepeo\.jdks\corretto-17.0.11\bin\vcruntime140_1.dll
0x00007ffca23d0000 - 0x00007ffca245d000 	C:\Users\Jastin Pepeo\.jdks\corretto-17.0.11\bin\msvcp140.dll
0x00007ffc44520000 - 0x00007ffc45182000 	C:\Users\Jastin Pepeo\.jdks\corretto-17.0.11\bin\server\jvm.dll
0x00007ffcf05c0000 - 0x00007ffcf060d000 	C:\WINDOWS\SYSTEM32\POWRPROF.dll
0x00007ffcea280000 - 0x00007ffcea2b4000 	C:\WINDOWS\SYSTEM32\WINMM.dll
0x00007ffcec490000 - 0x00007ffcec499000 	C:\WINDOWS\SYSTEM32\WSOCK32.dll
0x00007ffcf2fa0000 - 0x00007ffcf3011000 	C:\WINDOWS\System32\WS2_32.dll
0x00007ffcf05a0000 - 0x00007ffcf05b3000 	C:\WINDOWS\SYSTEM32\UMPDC.dll
0x00007ffcf0800000 - 0x00007ffcf0818000 	C:\WINDOWS\SYSTEM32\kernel.appcore.dll
0x00007ffcb8610000 - 0x00007ffcb861a000 	C:\Users\Jastin Pepeo\.jdks\corretto-17.0.11\bin\jimage.dll
0x00007ffceede0000 - 0x00007ffcef013000 	C:\WINDOWS\SYSTEM32\DBGHELP.DLL
0x00007ffcf2b50000 - 0x00007ffcf2ed9000 	C:\WINDOWS\System32\combase.dll
0x00007ffcf2940000 - 0x00007ffcf2a17000 	C:\WINDOWS\System32\OLEAUT32.dll
0x00007ffce5470000 - 0x00007ffce54a2000 	C:\WINDOWS\SYSTEM32\dbgcore.DLL
0x00007ffcf1bf0000 - 0x00007ffcf1c6a000 	C:\WINDOWS\System32\bcryptPrimitives.dll
0x00007ffcb4200000 - 0x00007ffcb4225000 	C:\Users\Jastin Pepeo\.jdks\corretto-17.0.11\bin\java.dll

dbghelp: loaded successfully - version: 4.0.5 - missing functions: none
symbol engine: initialized successfully - sym options: 0x614 - pdb path: .;C:\Users\Jastin Pepeo\.jdks\corretto-17.0.11\bin;C:\WINDOWS\SYSTEM32;C:\WINDOWS\WinSxS\amd64_microsoft.windows.common-controls_6595b64144ccf1df_6.0.22621.2506_none_270c5ae97388e100;C:\Program Files (x86)\360\360Safe\safemon;C:\Users\Jastin Pepeo\.jdks\corretto-17.0.11\bin\server

VM Arguments:
jvm_args: -Dclassworlds.conf=D:\Program Files\apache-maven-3.9.9\bin\m2.conf -Dmaven.home=D:\Program Files\apache-maven-3.9.9 -Dlibrary.jansi.path=D:\Program Files\apache-maven-3.9.9\lib\jansi-native -Dmaven.multiModuleProjectDirectory=d:\lora\chatRoom 
java_command: org.codehaus.plexus.classworlds.launcher.Launcher --version
java_class_path (initial): D:\Program Files\apache-maven-3.9.9\boot\plexus-classworlds-2.8.0.jar
Launcher Type: SUN_STANDARD

[Global flags]
     intx CICompilerCount                          = 4                                         {product} {ergonomic}
     uint ConcGCThreads                            = 3                                         {product} {ergonomic}
     uint G1ConcRefinementThreads                  = 10                                        {product} {ergonomic}
   size_t G1HeapRegionSize                         = 2097152                                   {product} {ergonomic}
    uintx GCDrainStackTargetSize                   = 64                                        {product} {ergonomic}
   size_t InitialHeapSize                          = 266338304                                 {product} {ergonomic}
   size_t MarkStackSize                            = 4194304                                   {product} {ergonomic}
   size_t MaxHeapSize                              = 4238344192                                {product} {ergonomic}
   size_t MinHeapDeltaBytes                        = 2097152                                   {product} {ergonomic}
   size_t MinHeapSize                              = 8388608                                   {product} {ergonomic}
    uintx NonNMethodCodeHeapSize                   = 5839372                                {pd product} {ergonomic}
    uintx NonProfiledCodeHeapSize                  = 122909434                              {pd product} {ergonomic}
    uintx ProfiledCodeHeapSize                     = 122909434                              {pd product} {ergonomic}
    uintx ReservedCodeCacheSize                    = 251658240                              {pd product} {ergonomic}
     bool SegmentedCodeCache                       = true                                      {product} {ergonomic}
   size_t SoftMaxHeapSize                          = 4238344192                             {manageable} {ergonomic}
     bool UseCompressedClassPointers               = true                           {product lp64_product} {ergonomic}
     bool UseCompressedOops                        = true                           {product lp64_product} {ergonomic}
     bool UseG1GC                                  = true                                      {product} {ergonomic}
     bool UseLargePagesIndividualAllocation        = false                                  {pd product} {ergonomic}

Logging:
Log output configuration:
 #0: stdout all=warning uptime,level,tags
 #1: stderr all=off uptime,level,tags

Environment Variables:
JAVA_HOME=C:\Users\Jastin Pepeo\.jdks\corretto-17.0.11
CLASSPATH=E:\LINGO64_18\Lingo18.jar
PATH=D:\Program Files\MATLAB\R2023b\runtime\win64;D:\Program Files\MATLAB\R2023b\bin;D:\Program Files\MATLAB\R2019a\bin\win64;C:\Users\Jastin Pepeo\.jdks\corretto-17.0.10\bin;C:\Program Files (x86)\Common Files\Intel\Shared Libraries\redist\intel64\compiler;C:\Windows\system32;C:\Windows;C:\Windows\System32\Wbem;C:\Windows\System32\WindowsPowerShell\v1.0\;C:\Windows\System32\OpenSSH\;C:\Program Files (x86)\NVIDIA Corporation\PhysX\Common;C:\Program Files\NVIDIA Corporation\NVIDIA NvDLISR;C:\Program Files\dotnet\;C:\Program Files\Microsoft SQL Server\150\Tools\Binn\;C:\Program Files (x86)\EasyShare\x86\;C:\Program Files (x86)\EasyShare\x64\;C:\WINDOWS\system32;C:\WINDOWS;C:\WINDOWS\System32\Wbem;C:\WINDOWS\System32\WindowsPowerShell\v1.0\;C:\WINDOWS\System32\OpenSSH\;C:\Users\Jastin Pepeo\AppData\Local\Programs\Python\Python312\Scripts\;C:\Users\Jastin Pepeo\AppData\Local\Programs\Python\Python312\;C:\Users\Jastin Pepeo\AppData\Local\Microsoft\WindowsApps;C:\Users\Jastin Pepeo\.dotnet\tools;C:\Program Files\Wolfram Research\WolframScript\;C:\Program Files\nodejs\;D:\Program Files\Erlang OTP\bin;C:\Program Files\CodeBlocks\MinGW\bin;C:\Program Files (x86)\NetSarang\Xftp 7\;E:\LINGO64_18\;C:\Program Files (x86)\Graphviz2.38\bin;C:\Program Files\Git\cmd;;C:\Program Files\Docker\Docker\resources\bin;C:\Program Files (x86)\NetSarang\Xshell 8\;C:\Users\Jastin Pepeo\AppData\Local\Programs\Python\Python312\Scripts\;C:\Users\Jastin Pepeo\AppData\Local\Programs\Python\Python312\;C:\Users\Jastin Pepeo\AppData\Local\Microsoft\WindowsApps;C:\Users\Jastin Pepeo\.dotnet\tools;C:\Users\Jastin Pepeo\AppData\Roaming\npm;C:\Users\Jastin Pepeo\AppData\Local\Programs\Microsoft VS Code\bin;D:\Program Files\JetBrains\PyCharm 2023.2.5\bin;C:\Users\Jastin Pepeo\AppData\Local\JetBrains\Toolbox\scripts;E:\新建文件夹\ffmpeg\bin;D:\lora\Mysql\mysql-5.7.19-winx64\bin\bin;C:\Users\Jastin Pepeo\.jdks\corretto-17.0.11\bin;C:\Users\Jastin Pepeo\.jdks\corretto-17.0.11\jre\bin;D:\Program Files\apache-mave
USERNAME=Jastin Pepeo
OS=Windows_NT
PROCESSOR_IDENTIFIER=Intel64 Family 6 Model 141 Stepping 1, GenuineIntel
TMP=C:\Users\JASTIN~1\AppData\Local\Temp
TEMP=C:\Users\JASTIN~1\AppData\Local\Temp



Periodic native trim disabled


---------------  S Y S T E M  ---------------

OS:
 Windows 11 , 64 bit Build 22621 (10.0.22621.2506)
OS uptime: 0 days 1:59 hours
Hyper-V role detected

CPU: total 12 (initial active 12) (6 cores per cpu, 2 threads per core) family 6 model 141 stepping 1 microcode 0x2c, cx8, cmov, fxsr, ht, mmx, 3dnowpref, sse, sse2, sse3, ssse3, sse4.1, sse4.2, popcnt, lzcnt, tsc, tscinvbit, avx, avx2, aes, erms, clmul, bmi1, bmi2, adx, avx512f, avx512dq, avx512cd, avx512bw, avx512vl, sha, fma, vzeroupper, avx512_vpopcntdq, avx512_vpclmulqdq, avx512_vaes, avx512_vnni, clflush, clflushopt, clwb, avx512_vbmi2, avx512_vbmi, hv
Processor Information for all 12 processors :
  Max Mhz: 2611, Current Mhz: 2611, Mhz Limit: 2611

Memory: 4k page, system-wide physical 16163M (1784M free)
TotalPageFile size 19363M (AvailPageFile size 225M)
current process WorkingSet (physical memory assigned to process): 13M, peak: 13M
current process commit charge ("private bytes"): 65M, peak: 319M

vm_info: OpenJDK 64-Bit Server VM (17.0.11+9-LTS) for windows-amd64 JRE (17.0.11+9-LTS), built on Apr 10 2024 22:12:24 by "Administrator" with MS VC++ 16.10 / 16.11 (VS2019)

END.
