#
# There is insufficient memory for the Java Runtime Environment to continue.
# Native memory allocation (malloc) failed to allocate 279856 bytes. Error detail: Chunk::new
# Possible reasons:
#   The system is out of physical RAM or swap space
#   This process is running with CompressedOops enabled, and the Java Heap may be blocking the growth of the native heap
# Possible solutions:
#   Reduce memory load on the system
#   Increase physical memory or swap space
#   Check if swap backing store is full
#   Decrease Java heap size (-Xmx/-Xms)
#   Decrease number of Java threads
#   Decrease Java thread stack sizes (-Xss)
#   Set larger code cache with -XX:ReservedCodeCacheSize=
#   JVM is running with Unscaled Compressed Oops mode in which the Java heap is
#     placed in the first 4GB address space. The Java Heap base address is the
#     maximum limit for the native heap growth. Please use -XX:HeapBaseMinAddress
#     to set the Java Heap base and to place the Java Heap above 4GB virtual address.
# This output file may be truncated or incomplete.
#
#  Out of Memory Error (arena.cpp:191), pid=1516, tid=10956
#
# JRE version: OpenJDK Runtime Environment Temurin-17.0.12+7 (17.0.12+7) (build 17.0.12+7)
# Java VM: OpenJDK 64-Bit Server VM Temurin-17.0.12+7 (17.0.12+7, mixed mode, tiered, compressed oops, compressed class ptrs, parallel gc, windows-amd64)
# No core dump will be written. Minidumps are not enabled by default on client versions of Windows
#

---------------  S U M M A R Y ------------

Command Line: --add-modules=ALL-SYSTEM --add-opens=java.base/java.util=ALL-UNNAMED --add-opens=java.base/java.lang=ALL-UNNAMED --add-opens=java.base/sun.nio.fs=ALL-UNNAMED -Declipse.application=org.eclipse.jdt.ls.core.id1 -Dosgi.bundles.defaultStartLevel=4 -Declipse.product=org.eclipse.jdt.ls.core.product -Djava.import.generatesMetadataFilesAtProjectRoot=false -DDetectVMInstallationsJob.disabled=true -Dfile.encoding=utf8 -XX:+UseParallelGC -XX:GCTimeRatio=4 -XX:AdaptiveSizePolicyWeight=90 -Dsun.zip.disableMemoryMapping=true -Xmx1G -Xms100m -Xlog:disable -javaagent:c:\Users\Jastin Pepeo\.vscode\extensions\redhat.java-1.34.0-win32-x64\lombok\lombok-1.18.33.jar -XX:+HeapDumpOnOutOfMemoryError -XX:HeapDumpPath=c:\Users\Jastin Pepeo\AppData\Roaming\Code\User\workspaceStorage\9fa170b5f4a32387a7c7270889b4dcb2\redhat.java -Daether.dependencyCollector.impl=bf c:\Users\Jastin Pepeo\.vscode\extensions\redhat.java-1.34.0-win32-x64\server\plugins\org.eclipse.equinox.launcher_1.6.900.v20240613-2009.jar -configuration c:\Users\Jastin Pepeo\AppData\Roaming\Code\User\globalStorage\redhat.java\1.34.0\config_win -data c:\Users\Jastin Pepeo\AppData\Roaming\Code\User\workspaceStorage\9fa170b5f4a32387a7c7270889b4dcb2\redhat.java\jdt_ws --pipe=\\.\pipe\lsp-76f61f8e96d2e5eba942ac3319b87068-sock

Host: 11th Gen Intel(R) Core(TM) i5-11260H @ 2.60GHz, 12 cores, 15G,  Windows 11 , 64 bit Build 22621 (10.0.22621.2506)
Time: Wed Sep 25 16:19:11 2024  Windows 11 , 64 bit Build 22621 (10.0.22621.2506) elapsed time: 1.466428 seconds (0d 0h 0m 1s)

---------------  T H R E A D  ---------------

Current thread (0x000002453e208470):  JavaThread "C2 CompilerThread0" daemon [_thread_in_native, id=10956, stack(0x000000fdb8400000,0x000000fdb8500000)]


Current CompileTask:
C2:   1466 2617       4       lombok.patcher.PatchScript::classMatches (41 bytes)

Stack: [0x000000fdb8400000,0x000000fdb8500000]
Native frames: (J=compiled Java code, j=interpreted, Vv=VM code, C=native code)
V  [jvm.dll+0x67f929]
V  [jvm.dll+0x8371ba]
V  [jvm.dll+0x838c7e]
V  [jvm.dll+0x8392e3]
V  [jvm.dll+0x24834f]
V  [jvm.dll+0xac9d4]
V  [jvm.dll+0xad01c]
V  [jvm.dll+0x3674a7]
V  [jvm.dll+0x33197a]
V  [jvm.dll+0x330e1a]
V  [jvm.dll+0x21a8b1]
V  [jvm.dll+0x219cf1]
V  [jvm.dll+0x1a58bd]
V  [jvm.dll+0x229a2d]
V  [jvm.dll+0x227bdc]
V  [jvm.dll+0x7ec1f7]
V  [jvm.dll+0x7e65dc]
V  [jvm.dll+0x67e7f7]
C  [ucrtbase.dll+0x29363]
C  [KERNEL32.DLL+0x1257d]
C  [ntdll.dll+0x5aa58]


---------------  P R O C E S S  ---------------

Threads class SMR info:
_java_thread_list=0x0000024540da9d00, length=21, elements={
0x00000245248d1e20, 0x000002453e1c8020, 0x000002452495cf90, 0x000002453e1f77d0,
0x000002453e1f7ec0, 0x000002453e1fcdb0, 0x000002453e1fec10, 0x000002453e208470,
0x000002453e232740, 0x000002453e2337f0, 0x000002453e1fb460, 0x0000024524935380,
0x000002453e1fbe80, 0x00000245400c93d0, 0x000002453e1fb970, 0x000002453e1fe1f0,
0x000002453e1fc8a0, 0x000002453e1fd2c0, 0x000002453e1fd7d0, 0x000002453e1fdce0,
0x0000024540ba3ec0
}

Java Threads: ( => current thread )
  0x00000245248d1e20 JavaThread "main" [_thread_blocked, id=4100, stack(0x000000fdb7b00000,0x000000fdb7c00000)]
  0x000002453e1c8020 JavaThread "Reference Handler" daemon [_thread_blocked, id=19984, stack(0x000000fdb7e00000,0x000000fdb7f00000)]
  0x000002452495cf90 JavaThread "Finalizer" daemon [_thread_blocked, id=14540, stack(0x000000fdb7f00000,0x000000fdb8000000)]
  0x000002453e1f77d0 JavaThread "Signal Dispatcher" daemon [_thread_blocked, id=11532, stack(0x000000fdb8000000,0x000000fdb8100000)]
  0x000002453e1f7ec0 JavaThread "Attach Listener" daemon [_thread_blocked, id=15932, stack(0x000000fdb8100000,0x000000fdb8200000)]
  0x000002453e1fcdb0 JavaThread "Service Thread" daemon [_thread_blocked, id=3112, stack(0x000000fdb8200000,0x000000fdb8300000)]
  0x000002453e1fec10 JavaThread "Monitor Deflation Thread" daemon [_thread_blocked, id=1448, stack(0x000000fdb8300000,0x000000fdb8400000)]
=>0x000002453e208470 JavaThread "C2 CompilerThread0" daemon [_thread_in_native, id=10956, stack(0x000000fdb8400000,0x000000fdb8500000)]
  0x000002453e232740 JavaThread "C1 CompilerThread0" daemon [_thread_in_vm, id=2300, stack(0x000000fdb8500000,0x000000fdb8600000)]
  0x000002453e2337f0 JavaThread "Sweeper thread" daemon [_thread_blocked, id=17056, stack(0x000000fdb8600000,0x000000fdb8700000)]
  0x000002453e1fb460 JavaThread "Common-Cleaner" daemon [_thread_blocked, id=3560, stack(0x000000fdb8700000,0x000000fdb8800000)]
  0x0000024524935380 JavaThread "C2 CompilerThread1" daemon [_thread_blocked, id=7944, stack(0x000000fdb8800000,0x000000fdb8900000)]
  0x000002453e1fbe80 JavaThread "Notification Thread" daemon [_thread_blocked, id=7060, stack(0x000000fdb8900000,0x000000fdb8a00000)]
  0x00000245400c93d0 JavaThread "C2 CompilerThread2" daemon [_thread_blocked, id=9080, stack(0x000000fdb8b00000,0x000000fdb8c00000)]
  0x000002453e1fb970 JavaThread "Active Thread: Equinox Container: 8637c80e-baef-4981-a740-24e1cdb27bc7" [_thread_blocked, id=15908, stack(0x000000fdb9200000,0x000000fdb9300000)]
  0x000002453e1fe1f0 JavaThread "Framework Event Dispatcher: Equinox Container: 8637c80e-baef-4981-a740-24e1cdb27bc7" daemon [_thread_blocked, id=10136, stack(0x000000fdb9300000,0x000000fdb9400000)]
  0x000002453e1fc8a0 JavaThread "Start Level: Equinox Container: 8637c80e-baef-4981-a740-24e1cdb27bc7" daemon [_thread_in_Java, id=10952, stack(0x000000fdb9400000,0x000000fdb9500000)]
  0x000002453e1fd2c0 JavaThread "Bundle File Closer" daemon [_thread_blocked, id=18020, stack(0x000000fdb9600000,0x000000fdb9700000)]
  0x000002453e1fd7d0 JavaThread "SCR Component Actor" daemon [_thread_blocked, id=14668, stack(0x000000fdb9900000,0x000000fdb9a00000)]
  0x000002453e1fdce0 JavaThread "SCR Component Registry" daemon [_thread_blocked, id=4568, stack(0x000000fdb9a00000,0x000000fdb9b00000)]
  0x0000024540ba3ec0 JavaThread "Worker-JM" [_thread_blocked, id=8552, stack(0x000000fdb9b00000,0x000000fdb9c00000)]

Other Threads:
  0x00000245391462e0 VMThread "VM Thread" [stack: 0x000000fdb7d00000,0x000000fdb7e00000] [id=19752]
  0x000002453fac2f30 WatcherThread [stack: 0x000000fdb8a00000,0x000000fdb8b00000] [id=2472]
  0x00000245248e6750 GCTaskThread "GC Thread#0" [stack: 0x000000fdb7c00000,0x000000fdb7d00000] [id=1220]
  0x000002453fe9ed90 GCTaskThread "GC Thread#1" [stack: 0x000000fdb8c00000,0x000000fdb8d00000] [id=18984]
  0x0000024540377440 GCTaskThread "GC Thread#2" [stack: 0x000000fdb8d00000,0x000000fdb8e00000] [id=20200]
  0x0000024540377700 GCTaskThread "GC Thread#3" [stack: 0x000000fdb8e00000,0x000000fdb8f00000] [id=19712]
  0x000002453fc4ec30 GCTaskThread "GC Thread#4" [stack: 0x000000fdb8f00000,0x000000fdb9000000] [id=11996]
  0x0000024540379af0 GCTaskThread "GC Thread#5" [stack: 0x000000fdb9000000,0x000000fdb9100000] [id=1132]
  0x0000024540379db0 GCTaskThread "GC Thread#6" [stack: 0x000000fdb9100000,0x000000fdb9200000] [id=8968]
  0x00000245408c8ce0 GCTaskThread "GC Thread#7" [stack: 0x000000fdb9500000,0x000000fdb9600000] [id=19588]
  0x00000245409dfcc0 GCTaskThread "GC Thread#8" [stack: 0x000000fdb9700000,0x000000fdb9800000] [id=15948]
  0x0000024540cab1c0 GCTaskThread "GC Thread#9" [stack: 0x000000fdb9800000,0x000000fdb9900000] [id=20364]

Threads with active compile tasks:
C2 CompilerThread0     1491 2617       4       lombok.patcher.PatchScript::classMatches (41 bytes)
C1 CompilerThread0     1491 2692       1       javax.xml.catalog.CatalogFeatures$Feature::getPropertyName (5 bytes)

VM state: not at safepoint (normal execution)

VM Mutex/Monitor currently owned by a thread: None

Heap address: 0x00000000c0000000, size: 1024 MB, Compressed Oops mode: 32-bit

CDS archive(s) not mapped
Compressed class space mapped at: 0x0000000100000000-0x0000000140000000, reserved size: 1073741824
Narrow klass base: 0x0000000000000000, Narrow klass shift: 3, Narrow klass range: 0x140000000

GC Precious Log:
 CPUs: 12 total, 12 available
 Memory: 16163M
 Large Page Support: Disabled
 NUMA Support: Disabled
 Compressed Oops: Enabled (32-bit)
 Alignments: Space 512K, Generation 512K, Heap 2M
 Heap Min Capacity: 100M
 Heap Initial Capacity: 100M
 Heap Max Capacity: 1G
 Pre-touch: Disabled
 Parallel Workers: 10

Heap:
 PSYoungGen      total 29696K, used 7212K [0x00000000eab00000, 0x00000000ecc00000, 0x0000000100000000)
  eden space 25600K, 28% used [0x00000000eab00000,0x00000000eb20b3d0,0x00000000ec400000)
  from space 4096K, 0% used [0x00000000ec400000,0x00000000ec400000,0x00000000ec800000)
  to   space 4096K, 0% used [0x00000000ec800000,0x00000000ec800000,0x00000000ecc00000)
 ParOldGen       total 68608K, used 10810K [0x00000000c0000000, 0x00000000c4300000, 0x00000000eab00000)
  object space 68608K, 15% used [0x00000000c0000000,0x00000000c0a8e8c0,0x00000000c4300000)
 Metaspace       used 22117K, committed 22592K, reserved 1114112K
  class space    used 2249K, committed 2432K, reserved 1048576K

Card table byte_map: [0x0000024536af0000,0x0000024536d00000] _byte_map_base: 0x00000245364f0000

Marking Bits: (ParMarkBitMap*) 0x00007ffc5c9058b0
 Begin Bits: [0x0000024536e60000, 0x0000024537e60000)
 End Bits:   [0x0000024537e60000, 0x0000024538e60000)

Polling page: 0x0000024524840000

Metaspace:

Usage:
  Non-class:     19.40 MB used.
      Class:      2.20 MB used.
       Both:     21.60 MB used.

Virtual space:
  Non-class space:       64.00 MB reserved,      19.69 MB ( 31%) committed,  1 nodes.
      Class space:        1.00 GB reserved,       2.38 MB ( <1%) committed,  1 nodes.
             Both:        1.06 GB reserved,      22.06 MB (  2%) committed. 

Chunk freelists:
   Non-Class:  12.28 MB
       Class:  13.58 MB
        Both:  25.87 MB

MaxMetaspaceSize: unlimited
CompressedClassSpaceSize: 1.00 GB
Initial GC threshold: 21.00 MB
Current GC threshold: 35.00 MB
CDS: off
MetaspaceReclaimPolicy: balanced
 - commit_granule_bytes: 65536.
 - commit_granule_words: 8192.
 - virtual_space_node_default_size: 8388608.
 - enlarge_chunks_in_place: 1.
 - new_chunks_are_fully_committed: 0.
 - uncommit_free_chunks: 1.
 - use_allocation_guard: 0.
 - handle_deallocations: 1.


Internal statistics:

num_allocs_failed_limit: 3.
num_arena_births: 248.
num_arena_deaths: 14.
num_vsnodes_births: 2.
num_vsnodes_deaths: 0.
num_space_committed: 353.
num_space_uncommitted: 0.
num_chunks_returned_to_freelist: 17.
num_chunks_taken_from_freelist: 748.
num_chunk_merges: 8.
num_chunk_splits: 474.
num_chunks_enlarged: 336.
num_inconsistent_stats: 0.

CodeHeap 'non-profiled nmethods': size=120000Kb used=1196Kb max_used=1196Kb free=118804Kb
 bounds [0x000002452f3e0000, 0x000002452f650000, 0x0000024536910000]
CodeHeap 'profiled nmethods': size=120000Kb used=5374Kb max_used=5374Kb free=114625Kb
 bounds [0x0000024527910000, 0x0000024527e50000, 0x000002452ee40000]
CodeHeap 'non-nmethods': size=5760Kb used=1204Kb max_used=1236Kb free=4555Kb
 bounds [0x000002452ee40000, 0x000002452f0b0000, 0x000002452f3e0000]
 total_blobs=3184 nmethods=2693 adapters=405
 compilation: enabled
              stopped_count=0, restarted_count=0
 full_count=0

Compilation events (20 events):
Event: 1.462 Thread 0x000002453e232740 nmethod 2640 0x000002452f502690 code [0x000002452f502820, 0x000002452f5028f8]
Event: 1.462 Thread 0x000002453e232740 2641       1       org.eclipse.core.internal.registry.RegistryObject::getRawChildren (5 bytes)
Event: 1.462 Thread 0x000002453e232740 nmethod 2641 0x000002452f502990 code [0x000002452f502b20, 0x000002452f502bf8]
Event: 1.462 Thread 0x000002453e232740 2642       1       org.eclipse.core.internal.registry.ExtensionRegistry::isMultiLanguage (5 bytes)
Event: 1.462 Thread 0x000002453e232740 nmethod 2642 0x000002452f502c90 code [0x000002452f502e20, 0x000002452f502ef8]
Event: 1.462 Thread 0x000002453e232740 2644       1       org.eclipse.core.internal.registry.ConfigurationElement::getContributorId (5 bytes)
Event: 1.462 Thread 0x000002453e232740 nmethod 2644 0x000002452f502f90 code [0x000002452f503120, 0x000002452f5031f8]
Event: 1.462 Thread 0x000002453e232740 2645       3       java.lang.Boolean::parseBoolean (7 bytes)
Event: 1.462 Thread 0x000002453e232740 nmethod 2645 0x0000024527e3c990 code [0x0000024527e3cb20, 0x0000024527e3cc48]
Event: 1.462 Thread 0x000002453e232740 2646       3       org.eclipse.core.internal.registry.ReferenceMap::get (54 bytes)
Event: 1.463 Thread 0x0000024524935380 nmethod 2643 0x000002452f503290 code [0x000002452f503420, 0x000002452f503528]
Event: 1.463 Thread 0x000002453e232740 nmethod 2646 0x0000024527e3cd10 code [0x0000024527e3cf00, 0x0000024527e3d3c8]
Event: 1.463 Thread 0x000002453e232740 2647  s    3       org.eclipse.core.internal.registry.RegistryObjectManager::getObject (7 bytes)
Event: 1.463 Thread 0x000002453e232740 nmethod 2647 0x0000024527e3d610 code [0x0000024527e3d7c0, 0x0000024527e3d9a8]
Event: 1.463 Thread 0x000002453e232740 2649       3       org.eclipse.core.internal.registry.RegistryObjectManager::basicGetObject (52 bytes)
Event: 1.463 Thread 0x000002453e232740 nmethod 2649 0x0000024527e3da90 code [0x0000024527e3dc80, 0x0000024527e3e038]
Event: 1.463 Thread 0x000002453e232740 2650       3       org.eclipse.core.internal.registry.ReferenceMap$SoftRef::getValue (5 bytes)
Event: 1.463 Thread 0x000002453e232740 nmethod 2650 0x0000024527e3e210 code [0x0000024527e3e3a0, 0x0000024527e3e4e8]
Event: 1.463 Thread 0x000002453e232740 2648       1       org.eclipse.core.internal.registry.ConfigurationElement::getName (5 bytes)
Event: 1.463 Thread 0x000002453e232740 nmethod 2648 0x000002452f503610 code [0x000002452f5037a0, 0x000002452f503878]

GC Heap History (12 events):
Event: 0.506 GC heap before
{Heap before GC invocations=1 (full 0):
 PSYoungGen      total 29696K, used 25600K [0x00000000eab00000, 0x00000000ecc00000, 0x0000000100000000)
  eden space 25600K, 100% used [0x00000000eab00000,0x00000000ec400000,0x00000000ec400000)
  from space 4096K, 0% used [0x00000000ec800000,0x00000000ec800000,0x00000000ecc00000)
  to   space 4096K, 0% used [0x00000000ec400000,0x00000000ec400000,0x00000000ec800000)
 ParOldGen       total 68608K, used 0K [0x00000000c0000000, 0x00000000c4300000, 0x00000000eab00000)
  object space 68608K, 0% used [0x00000000c0000000,0x00000000c0000000,0x00000000c4300000)
 Metaspace       used 10896K, committed 11072K, reserved 1114112K
  class space    used 1080K, committed 1152K, reserved 1048576K
}
Event: 0.510 GC heap after
{Heap after GC invocations=1 (full 0):
 PSYoungGen      total 29696K, used 3269K [0x00000000eab00000, 0x00000000ecc00000, 0x0000000100000000)
  eden space 25600K, 0% used [0x00000000eab00000,0x00000000eab00000,0x00000000ec400000)
  from space 4096K, 79% used [0x00000000ec400000,0x00000000ec731768,0x00000000ec800000)
  to   space 4096K, 0% used [0x00000000ec800000,0x00000000ec800000,0x00000000ecc00000)
 ParOldGen       total 68608K, used 16K [0x00000000c0000000, 0x00000000c4300000, 0x00000000eab00000)
  object space 68608K, 0% used [0x00000000c0000000,0x00000000c0004000,0x00000000c4300000)
 Metaspace       used 10896K, committed 11072K, reserved 1114112K
  class space    used 1080K, committed 1152K, reserved 1048576K
}
Event: 0.882 GC heap before
{Heap before GC invocations=2 (full 0):
 PSYoungGen      total 29696K, used 28869K [0x00000000eab00000, 0x00000000ecc00000, 0x0000000100000000)
  eden space 25600K, 100% used [0x00000000eab00000,0x00000000ec400000,0x00000000ec400000)
  from space 4096K, 79% used [0x00000000ec400000,0x00000000ec731768,0x00000000ec800000)
  to   space 4096K, 0% used [0x00000000ec800000,0x00000000ec800000,0x00000000ecc00000)
 ParOldGen       total 68608K, used 16K [0x00000000c0000000, 0x00000000c4300000, 0x00000000eab00000)
  object space 68608K, 0% used [0x00000000c0000000,0x00000000c0004000,0x00000000c4300000)
 Metaspace       used 14454K, committed 14656K, reserved 1114112K
  class space    used 1443K, committed 1536K, reserved 1048576K
}
Event: 0.886 GC heap after
{Heap after GC invocations=2 (full 0):
 PSYoungGen      total 29696K, used 4075K [0x00000000eab00000, 0x00000000ecc00000, 0x0000000100000000)
  eden space 25600K, 0% used [0x00000000eab00000,0x00000000eab00000,0x00000000ec400000)
  from space 4096K, 99% used [0x00000000ec800000,0x00000000ecbfafb0,0x00000000ecc00000)
  to   space 4096K, 0% used [0x00000000ec400000,0x00000000ec400000,0x00000000ec800000)
 ParOldGen       total 68608K, used 1655K [0x00000000c0000000, 0x00000000c4300000, 0x00000000eab00000)
  object space 68608K, 2% used [0x00000000c0000000,0x00000000c019de70,0x00000000c4300000)
 Metaspace       used 14454K, committed 14656K, reserved 1114112K
  class space    used 1443K, committed 1536K, reserved 1048576K
}
Event: 1.076 GC heap before
{Heap before GC invocations=3 (full 0):
 PSYoungGen      total 29696K, used 29658K [0x00000000eab00000, 0x00000000ecc00000, 0x0000000100000000)
  eden space 25600K, 99% used [0x00000000eab00000,0x00000000ec3fb898,0x00000000ec400000)
  from space 4096K, 99% used [0x00000000ec800000,0x00000000ecbfafb0,0x00000000ecc00000)
  to   space 4096K, 0% used [0x00000000ec400000,0x00000000ec400000,0x00000000ec800000)
 ParOldGen       total 68608K, used 1655K [0x00000000c0000000, 0x00000000c4300000, 0x00000000eab00000)
  object space 68608K, 2% used [0x00000000c0000000,0x00000000c019de70,0x00000000c4300000)
 Metaspace       used 15885K, committed 16064K, reserved 1114112K
  class space    used 1593K, committed 1664K, reserved 1048576K
}
Event: 1.080 GC heap after
{Heap after GC invocations=3 (full 0):
 PSYoungGen      total 29696K, used 4086K [0x00000000eab00000, 0x00000000ecc00000, 0x0000000100000000)
  eden space 25600K, 0% used [0x00000000eab00000,0x00000000eab00000,0x00000000ec400000)
  from space 4096K, 99% used [0x00000000ec400000,0x00000000ec7fdbb8,0x00000000ec800000)
  to   space 4096K, 0% used [0x00000000ec800000,0x00000000ec800000,0x00000000ecc00000)
 ParOldGen       total 68608K, used 5525K [0x00000000c0000000, 0x00000000c4300000, 0x00000000eab00000)
  object space 68608K, 8% used [0x00000000c0000000,0x00000000c0565650,0x00000000c4300000)
 Metaspace       used 15885K, committed 16064K, reserved 1114112K
  class space    used 1593K, committed 1664K, reserved 1048576K
}
Event: 1.349 GC heap before
{Heap before GC invocations=4 (full 0):
 PSYoungGen      total 29696K, used 29686K [0x00000000eab00000, 0x00000000ecc00000, 0x0000000100000000)
  eden space 25600K, 100% used [0x00000000eab00000,0x00000000ec400000,0x00000000ec400000)
  from space 4096K, 99% used [0x00000000ec400000,0x00000000ec7fdbb8,0x00000000ec800000)
  to   space 4096K, 0% used [0x00000000ec800000,0x00000000ec800000,0x00000000ecc00000)
 ParOldGen       total 68608K, used 5525K [0x00000000c0000000, 0x00000000c4300000, 0x00000000eab00000)
  object space 68608K, 8% used [0x00000000c0000000,0x00000000c0565650,0x00000000c4300000)
 Metaspace       used 20391K, committed 20800K, reserved 1114112K
  class space    used 2070K, committed 2240K, reserved 1048576K
}
Event: 1.351 GC heap after
{Heap after GC invocations=4 (full 0):
 PSYoungGen      total 29696K, used 4080K [0x00000000eab00000, 0x00000000ecc00000, 0x0000000100000000)
  eden space 25600K, 0% used [0x00000000eab00000,0x00000000eab00000,0x00000000ec400000)
  from space 4096K, 99% used [0x00000000ec800000,0x00000000ecbfc098,0x00000000ecc00000)
  to   space 4096K, 0% used [0x00000000ec400000,0x00000000ec400000,0x00000000ec800000)
 ParOldGen       total 68608K, used 6608K [0x00000000c0000000, 0x00000000c4300000, 0x00000000eab00000)
  object space 68608K, 9% used [0x00000000c0000000,0x00000000c06740c0,0x00000000c4300000)
 Metaspace       used 20391K, committed 20800K, reserved 1114112K
  class space    used 2070K, committed 2240K, reserved 1048576K
}
Event: 1.419 GC heap before
{Heap before GC invocations=5 (full 0):
 PSYoungGen      total 29696K, used 9156K [0x00000000eab00000, 0x00000000ecc00000, 0x0000000100000000)
  eden space 25600K, 19% used [0x00000000eab00000,0x00000000eaff52e8,0x00000000ec400000)
  from space 4096K, 99% used [0x00000000ec800000,0x00000000ecbfc098,0x00000000ecc00000)
  to   space 4096K, 0% used [0x00000000ec400000,0x00000000ec400000,0x00000000ec800000)
 ParOldGen       total 68608K, used 6608K [0x00000000c0000000, 0x00000000c4300000, 0x00000000eab00000)
  object space 68608K, 9% used [0x00000000c0000000,0x00000000c06740c0,0x00000000c4300000)
 Metaspace       used 21068K, committed 21504K, reserved 1114112K
  class space    used 2138K, committed 2304K, reserved 1048576K
}
Event: 1.421 GC heap after
{Heap after GC invocations=5 (full 0):
 PSYoungGen      total 29696K, used 4089K [0x00000000eab00000, 0x00000000ecc00000, 0x0000000100000000)
  eden space 25600K, 0% used [0x00000000eab00000,0x00000000eab00000,0x00000000ec400000)
  from space 4096K, 99% used [0x00000000ec400000,0x00000000ec7fe4c8,0x00000000ec800000)
  to   space 4096K, 0% used [0x00000000ec800000,0x00000000ec800000,0x00000000ecc00000)
 ParOldGen       total 68608K, used 7092K [0x00000000c0000000, 0x00000000c4300000, 0x00000000eab00000)
  object space 68608K, 10% used [0x00000000c0000000,0x00000000c06ed0d0,0x00000000c4300000)
 Metaspace       used 21068K, committed 21504K, reserved 1114112K
  class space    used 2138K, committed 2304K, reserved 1048576K
}
Event: 1.421 GC heap before
{Heap before GC invocations=6 (full 1):
 PSYoungGen      total 29696K, used 4089K [0x00000000eab00000, 0x00000000ecc00000, 0x0000000100000000)
  eden space 25600K, 0% used [0x00000000eab00000,0x00000000eab00000,0x00000000ec400000)
  from space 4096K, 99% used [0x00000000ec400000,0x00000000ec7fe4c8,0x00000000ec800000)
  to   space 4096K, 0% used [0x00000000ec800000,0x00000000ec800000,0x00000000ecc00000)
 ParOldGen       total 68608K, used 7092K [0x00000000c0000000, 0x00000000c4300000, 0x00000000eab00000)
  object space 68608K, 10% used [0x00000000c0000000,0x00000000c06ed0d0,0x00000000c4300000)
 Metaspace       used 21068K, committed 21504K, reserved 1114112K
  class space    used 2138K, committed 2304K, reserved 1048576K
}
Event: 1.439 GC heap after
{Heap after GC invocations=6 (full 1):
 PSYoungGen      total 29696K, used 0K [0x00000000eab00000, 0x00000000ecc00000, 0x0000000100000000)
  eden space 25600K, 0% used [0x00000000eab00000,0x00000000eab00000,0x00000000ec400000)
  from space 4096K, 0% used [0x00000000ec400000,0x00000000ec400000,0x00000000ec800000)
  to   space 4096K, 0% used [0x00000000ec800000,0x00000000ec800000,0x00000000ecc00000)
 ParOldGen       total 68608K, used 10810K [0x00000000c0000000, 0x00000000c4300000, 0x00000000eab00000)
  object space 68608K, 15% used [0x00000000c0000000,0x00000000c0a8e8c0,0x00000000c4300000)
 Metaspace       used 21055K, committed 21504K, reserved 1114112K
  class space    used 2134K, committed 2304K, reserved 1048576K
}

Dll operation events (9 events):
Event: 0.012 Loaded shared library c:\Users\Jastin Pepeo\.vscode\extensions\redhat.java-1.34.0-win32-x64\jre\17.0.12-win32-x86_64\bin\java.dll
Event: 0.114 Loaded shared library c:\Users\Jastin Pepeo\.vscode\extensions\redhat.java-1.34.0-win32-x64\jre\17.0.12-win32-x86_64\bin\zip.dll
Event: 0.119 Loaded shared library C:\Users\Jastin Pepeo\.vscode\extensions\redhat.java-1.34.0-win32-x64\jre\17.0.12-win32-x86_64\bin\instrument.dll
Event: 0.129 Loaded shared library C:\Users\Jastin Pepeo\.vscode\extensions\redhat.java-1.34.0-win32-x64\jre\17.0.12-win32-x86_64\bin\net.dll
Event: 0.131 Loaded shared library C:\Users\Jastin Pepeo\.vscode\extensions\redhat.java-1.34.0-win32-x64\jre\17.0.12-win32-x86_64\bin\nio.dll
Event: 0.136 Loaded shared library C:\Users\Jastin Pepeo\.vscode\extensions\redhat.java-1.34.0-win32-x64\jre\17.0.12-win32-x86_64\bin\zip.dll
Event: 0.149 Loaded shared library C:\Users\Jastin Pepeo\.vscode\extensions\redhat.java-1.34.0-win32-x64\jre\17.0.12-win32-x86_64\bin\jimage.dll
Event: 0.190 Loaded shared library c:\Users\Jastin Pepeo\.vscode\extensions\redhat.java-1.34.0-win32-x64\jre\17.0.12-win32-x86_64\bin\verify.dll
Event: 0.853 Loaded shared library C:\Users\Jastin Pepeo\AppData\Roaming\Code\User\globalStorage\redhat.java\1.34.0\config_win\org.eclipse.equinox.launcher\org.eclipse.equinox.launcher.win32.win32.x86_64_1.2.1100.v20240722-2106\eclipse_11904.dll

Deoptimization events (20 events):
Event: 1.368 Thread 0x000002453e1fc8a0 Uncommon trap: trap_request=0xffffffc6 fr.pc=0x000002452f4c8110 relative=0x0000000000001170
Event: 1.368 Thread 0x000002453e1fc8a0 Uncommon trap: reason=bimorphic_or_optimized_type_check action=maybe_recompile pc=0x000002452f4c8110 method=java.util.Properties$LineReader.readLine()I @ 479 c2
Event: 1.368 Thread 0x000002453e1fc8a0 DEOPT PACKING pc=0x000002452f4c8110 sp=0x000000fdb94f8fa0
Event: 1.368 Thread 0x000002453e1fc8a0 DEOPT UNPACKING pc=0x000002452ee99ea3 sp=0x000000fdb94f8f30 mode 2
Event: 1.375 Thread 0x000002453e1fc8a0 Uncommon trap: trap_request=0xffffff45 fr.pc=0x000002452f41a388 relative=0x0000000000000e48
Event: 1.375 Thread 0x000002453e1fc8a0 Uncommon trap: reason=unstable_if action=reinterpret pc=0x000002452f41a388 method=lombok.patcher.PatchScript.classMatches(Ljava/lang/String;Ljava/util/Collection;)Z @ 25 c2
Event: 1.375 Thread 0x000002453e1fc8a0 DEOPT PACKING pc=0x000002452f41a388 sp=0x000000fdb94f70d0
Event: 1.375 Thread 0x000002453e1fc8a0 DEOPT UNPACKING pc=0x000002452ee99ea3 sp=0x000000fdb94f7090 mode 2
Event: 1.443 Thread 0x000002453e1fc8a0 Uncommon trap: trap_request=0xffffff45 fr.pc=0x000002452f4c028c relative=0x0000000000000fec
Event: 1.443 Thread 0x000002453e1fc8a0 Uncommon trap: reason=unstable_if action=reinterpret pc=0x000002452f4c028c method=java.util.Properties.loadConvert([CIILjava/lang/StringBuilder;)Ljava/lang/String; @ 491 c2
Event: 1.443 Thread 0x000002453e1fc8a0 DEOPT PACKING pc=0x000002452f4c028c sp=0x000000fdb94f7c70
Event: 1.443 Thread 0x000002453e1fc8a0 DEOPT UNPACKING pc=0x000002452ee99ea3 sp=0x000000fdb94f7c50 mode 2
Event: 1.443 Thread 0x000002453e1fc8a0 Uncommon trap: trap_request=0xffffffc6 fr.pc=0x000002452f4c8110 relative=0x0000000000001170
Event: 1.443 Thread 0x000002453e1fc8a0 Uncommon trap: reason=bimorphic_or_optimized_type_check action=maybe_recompile pc=0x000002452f4c8110 method=java.util.Properties$LineReader.readLine()I @ 479 c2
Event: 1.443 Thread 0x000002453e1fc8a0 DEOPT PACKING pc=0x000002452f4c8110 sp=0x000000fdb94f7ca0
Event: 1.443 Thread 0x000002453e1fc8a0 DEOPT UNPACKING pc=0x000002452ee99ea3 sp=0x000000fdb94f7c30 mode 2
Event: 1.457 Thread 0x000002453e1fc8a0 Uncommon trap: trap_request=0xffffff45 fr.pc=0x000002452f460034 relative=0x0000000000000094
Event: 1.457 Thread 0x000002453e1fc8a0 Uncommon trap: reason=unstable_if action=reinterpret pc=0x000002452f460034 method=org.eclipse.osgi.container.ModuleRevisionBuilder.unmodifiableMap(Ljava/util/Map;)Ljava/util/Map; @ 27 c2
Event: 1.457 Thread 0x000002453e1fc8a0 DEOPT PACKING pc=0x000002452f460034 sp=0x000000fdb94f9bb0
Event: 1.457 Thread 0x000002453e1fc8a0 DEOPT UNPACKING pc=0x000002452ee99ea3 sp=0x000000fdb94f9b30 mode 2

Classes loaded (20 events):
Event: 1.388 Loading class sun/invoke/util/ValueConversions$1
Event: 1.388 Loading class sun/invoke/util/ValueConversions$1 done
Event: 1.389 Loading class java/lang/invoke/BoundMethodHandle$Species_LI
Event: 1.389 Loading class java/lang/invoke/BoundMethodHandle$Species_LI done
Event: 1.389 Loading class java/lang/invoke/ClassSpecializer$Factory$1Var
Event: 1.389 Loading class java/lang/invoke/ClassSpecializer$Factory$1Var done
Event: 1.442 Loading class java/lang/IllegalCallerException
Event: 1.442 Loading class java/lang/IllegalCallerException done
Event: 1.448 Loading class java/util/function/IntFunction
Event: 1.448 Loading class java/util/function/IntFunction done
Event: 1.458 Loading class java/util/stream/SortedOps
Event: 1.458 Loading class java/util/stream/SortedOps done
Event: 1.458 Loading class java/util/stream/SortedOps$OfRef
Event: 1.458 Loading class java/util/stream/ReferencePipeline$StatefulOp
Event: 1.458 Loading class java/util/stream/ReferencePipeline$StatefulOp done
Event: 1.458 Loading class java/util/stream/SortedOps$OfRef done
Event: 1.458 Loading class java/util/stream/SortedOps$RefSortingSink
Event: 1.458 Loading class java/util/stream/SortedOps$AbstractRefSortingSink
Event: 1.458 Loading class java/util/stream/SortedOps$AbstractRefSortingSink done
Event: 1.458 Loading class java/util/stream/SortedOps$RefSortingSink done

Classes unloaded (7 events):
Event: 1.424 Thread 0x00000245391462e0 Unloading class 0x0000000100248400 'java/lang/invoke/LambdaForm$MH+0x0000000100248400'
Event: 1.424 Thread 0x00000245391462e0 Unloading class 0x0000000100248000 'java/lang/invoke/LambdaForm$MH+0x0000000100248000'
Event: 1.424 Thread 0x00000245391462e0 Unloading class 0x0000000100247c00 'java/lang/invoke/LambdaForm$MH+0x0000000100247c00'
Event: 1.424 Thread 0x00000245391462e0 Unloading class 0x0000000100247800 'java/lang/invoke/LambdaForm$MH+0x0000000100247800'
Event: 1.424 Thread 0x00000245391462e0 Unloading class 0x0000000100247400 'java/lang/invoke/LambdaForm$BMH+0x0000000100247400'
Event: 1.424 Thread 0x00000245391462e0 Unloading class 0x0000000100247000 'java/lang/invoke/LambdaForm$DMH+0x0000000100247000'
Event: 1.424 Thread 0x00000245391462e0 Unloading class 0x0000000100244400 'java/lang/invoke/LambdaForm$DMH+0x0000000100244400'

Classes redefined (0 events):
No events

Internal exceptions (20 events):
Event: 0.900 Thread 0x000002453e1fc8a0 Exception <a 'java/lang/NoSuchMethodError'{0x00000000eac45350}: 'java.lang.Object java.lang.invoke.DirectMethodHandle$Holder.invokeSpecial(java.lang.Object, java.lang.Object, java.lang.Object, int, java.lang.Object)'> (0x00000000eac45350) 
thrown [s\src\hotspot\share\interpreter\linkResolver.cpp, line 759]
Event: 0.924 Thread 0x000002453e1fc8a0 Exception <a 'java/lang/ClassNotFoundException'{0x00000000eaf37cd0}: sun/util/logging/resources/spi/loggingProvider> (0x00000000eaf37cd0) 
thrown [s\src\hotspot\share\classfile\systemDictionary.cpp, line 256]
Event: 1.109 Thread 0x000002453e1fc8a0 Exception <a 'java/lang/NullPointerException'{0x00000000eae3cc78}> (0x00000000eae3cc78) 
thrown [s\src\hotspot\share\interpreter\linkResolver.cpp, line 1350]
Event: 1.109 Thread 0x000002453e1fc8a0 Exception <a 'java/lang/NullPointerException'{0x00000000eae3cf50}> (0x00000000eae3cf50) 
thrown [s\src\hotspot\share\interpreter\linkResolver.cpp, line 1350]
Event: 1.203 Thread 0x000002453e1fc8a0 Exception <a 'java/io/FileNotFoundException'{0x00000000eb9e6390}> (0x00000000eb9e6390) 
thrown [s\src\hotspot\share\prims\jni.cpp, line 516]
Event: 1.264 Thread 0x000002453e1fc8a0 Exception <a 'java/lang/NoSuchMethodError'{0x00000000ebd7fb10}: 'java.lang.Object java.lang.invoke.Invokers$Holder.invokeExact_MT(java.lang.Object, java.lang.Object, java.lang.Object, java.lang.Object, java.lang.Object, java.lang.Object)'> (0x00000000ebd7fb10) 
thrown [s\src\hotspot\share\interpreter\linkResolver.cpp, line 759]
Event: 1.290 Thread 0x000002453e1fc8a0 Exception <a 'java/lang/NoSuchMethodError'{0x00000000ebec3848}: 'java.lang.Object java.lang.invoke.Invokers$Holder.linkToTargetMethod(java.lang.Object, long, java.lang.Object)'> (0x00000000ebec3848) 
thrown [s\src\hotspot\share\interpreter\linkResolver.cpp, line 759]
Event: 1.330 Thread 0x000002453e1fc8a0 Exception <a 'java/lang/NoSuchMethodError'{0x00000000ec1e15f8}: 'void java.lang.invoke.DirectMethodHandle$Holder.invokeInterface(java.lang.Object, java.lang.Object, java.lang.Object)'> (0x00000000ec1e15f8) 
thrown [s\src\hotspot\share\interpreter\linkResolver.cpp, line 759]
Event: 1.370 Thread 0x000002453e1fc8a0 Exception <a 'java/lang/NoSuchMethodError'{0x00000000eacb6db0}: 'void java.lang.invoke.DirectMethodHandle$Holder.invokeVirtual(java.lang.Object, java.lang.Object)'> (0x00000000eacb6db0) 
thrown [s\src\hotspot\share\interpreter\linkResolver.cpp, line 759]
Event: 1.386 Thread 0x000002453e1fc8a0 Exception <a 'java/lang/NoSuchMethodError'{0x00000000eade52f8}: 'java.lang.Object java.lang.invoke.DirectMethodHandle$Holder.invokeStatic(java.lang.Object, java.lang.Object, int)'> (0x00000000eade52f8) 
thrown [s\src\hotspot\share\interpreter\linkResolver.cpp, line 759]
Event: 1.387 Thread 0x000002453e1fc8a0 Exception <a 'java/lang/NoSuchMethodError'{0x00000000eade9ea8}: 'void java.lang.invoke.DirectMethodHandle$Holder.invokeStatic(java.lang.Object, java.lang.Object, int, java.lang.Object)'> (0x00000000eade9ea8) 
thrown [s\src\hotspot\share\interpreter\linkResolver.cpp, line 759]
Event: 1.387 Thread 0x000002453e1fc8a0 Exception <a 'java/lang/NoSuchMethodError'{0x00000000eadf1178}: 'void java.lang.invoke.DelegatingMethodHandle$Holder.delegate(java.lang.Object, java.lang.Object, int, java.lang.Object)'> (0x00000000eadf1178) 
thrown [s\src\hotspot\share\interpreter\linkResolver.cpp, line 759]
Event: 1.388 Thread 0x000002453e1fc8a0 Exception <a 'java/lang/NoSuchMethodError'{0x00000000eadf5560}: 'int java.lang.invoke.DirectMethodHandle$Holder.invokeSpecial(java.lang.Object, java.lang.Object, java.lang.Object)'> (0x00000000eadf5560) 
thrown [s\src\hotspot\share\interpreter\linkResolver.cpp, line 759]
Event: 1.388 Thread 0x000002453e1fc8a0 Exception <a 'java/lang/NoSuchMethodError'{0x00000000eae07360}: 'int java.lang.invoke.DirectMethodHandle$Holder.invokeStatic(java.lang.Object, java.lang.Object, int)'> (0x00000000eae07360) 
thrown [s\src\hotspot\share\interpreter\linkResolver.cpp, line 759]
Event: 1.389 Thread 0x000002453e1fc8a0 Exception <a 'java/lang/NoSuchMethodError'{0x00000000eae0b388}: 'int java.lang.invoke.DirectMethodHandle$Holder.invokeSpecial(java.lang.Object, java.lang.Object, java.lang.Object, int)'> (0x00000000eae0b388) 
thrown [s\src\hotspot\share\interpreter\linkResolver.cpp, line 759]
Event: 1.390 Thread 0x000002453e1fc8a0 Exception <a 'java/lang/NoSuchMethodError'{0x00000000eae27948}: 'java.lang.Object java.lang.invoke.DirectMethodHandle$Holder.invokeStatic(java.lang.Object, java.lang.Object, java.lang.Object, java.lang.Object, int)'> (0x00000000eae27948) 
thrown [s\src\hotspot\share\interpreter\linkResolver.cpp, line 759]
Event: 1.390 Thread 0x000002453e1fc8a0 Exception <a 'java/lang/NoSuchMethodError'{0x00000000eae338d8}: 'java.lang.Object java.lang.invoke.DelegatingMethodHandle$Holder.reinvoke_L(java.lang.Object, java.lang.Object, java.lang.Object, java.lang.Object, int, int)'> (0x00000000eae338d8) 
thrown [s\src\hotspot\share\interpreter\linkResolver.cpp, line 759]
Event: 1.391 Thread 0x000002453e1fc8a0 Exception <a 'java/lang/NoSuchMethodError'{0x00000000eae481d0}: 'java.lang.Object java.lang.invoke.Invokers$Holder.invokeExact_MT(java.lang.Object, java.lang.Object, java.lang.Object, java.lang.Object)'> (0x00000000eae481d0) 
thrown [s\src\hotspot\share\interpreter\linkResolver.cpp, line 759]
Event: 1.451 Thread 0x000002453e1fc8a0 Exception <a 'java/io/FileNotFoundException'{0x00000000eac27f80}> (0x00000000eac27f80) 
thrown [s\src\hotspot\share\prims\jni.cpp, line 516]
Event: 1.451 Thread 0x000002453e1fc8a0 Exception <a 'java/io/FileNotFoundException'{0x00000000eac2fe50}> (0x00000000eac2fe50) 
thrown [s\src\hotspot\share\prims\jni.cpp, line 516]

VM Operations (20 events):
Event: 0.913 Executing VM operation: HandshakeAllThreads
Event: 0.913 Executing VM operation: HandshakeAllThreads done
Event: 0.926 Executing VM operation: HandshakeAllThreads
Event: 0.926 Executing VM operation: HandshakeAllThreads done
Event: 0.931 Executing VM operation: HandshakeAllThreads
Event: 0.931 Executing VM operation: HandshakeAllThreads done
Event: 0.946 Executing VM operation: HandshakeAllThreads
Event: 0.946 Executing VM operation: HandshakeAllThreads done
Event: 1.075 Executing VM operation: ParallelGCFailedAllocation
Event: 1.080 Executing VM operation: ParallelGCFailedAllocation done
Event: 1.107 Executing VM operation: HandshakeAllThreads
Event: 1.107 Executing VM operation: HandshakeAllThreads done
Event: 1.348 Executing VM operation: ParallelGCFailedAllocation
Event: 1.351 Executing VM operation: ParallelGCFailedAllocation done
Event: 1.386 Executing VM operation: HandshakeAllThreads
Event: 1.386 Executing VM operation: HandshakeAllThreads done
Event: 1.419 Executing VM operation: CollectForMetadataAllocation
Event: 1.439 Executing VM operation: CollectForMetadataAllocation done
Event: 1.458 Executing VM operation: HandshakeAllThreads
Event: 1.458 Executing VM operation: HandshakeAllThreads done

Events (20 events):
Event: 0.037 Thread 0x000002453e1c8020 Thread added: 0x000002453e1c8020
Event: 0.038 Thread 0x000002452495cf90 Thread added: 0x000002452495cf90
Event: 0.055 Thread 0x000002453e1f77d0 Thread added: 0x000002453e1f77d0
Event: 0.055 Thread 0x000002453e1f7ec0 Thread added: 0x000002453e1f7ec0
Event: 0.056 Thread 0x000002453e1fcdb0 Thread added: 0x000002453e1fcdb0
Event: 0.056 Thread 0x000002453e1fec10 Thread added: 0x000002453e1fec10
Event: 0.056 Thread 0x000002453e208470 Thread added: 0x000002453e208470
Event: 0.056 Thread 0x000002453e232740 Thread added: 0x000002453e232740
Event: 0.056 Thread 0x000002453e2337f0 Thread added: 0x000002453e2337f0
Event: 0.089 Thread 0x000002453e1fb460 Thread added: 0x000002453e1fb460
Event: 0.108 Thread 0x0000024524935380 Thread added: 0x0000024524935380
Event: 0.251 Thread 0x000002453e1fbe80 Thread added: 0x000002453e1fbe80
Event: 0.337 Thread 0x00000245400c93d0 Thread added: 0x00000245400c93d0
Event: 0.716 Thread 0x000002453e1fb970 Thread added: 0x000002453e1fb970
Event: 0.845 Thread 0x000002453e1fe1f0 Thread added: 0x000002453e1fe1f0
Event: 0.850 Thread 0x000002453e1fc8a0 Thread added: 0x000002453e1fc8a0
Event: 1.016 Thread 0x000002453e1fd2c0 Thread added: 0x000002453e1fd2c0
Event: 1.093 Thread 0x000002453e1fd7d0 Thread added: 0x000002453e1fd7d0
Event: 1.147 Thread 0x000002453e1fdce0 Thread added: 0x000002453e1fdce0
Event: 1.335 Thread 0x0000024540ba3ec0 Thread added: 0x0000024540ba3ec0


Dynamic libraries:
0x00007ff765530000 - 0x00007ff76553e000 	c:\Users\Jastin Pepeo\.vscode\extensions\redhat.java-1.34.0-win32-x64\jre\17.0.12-win32-x86_64\bin\java.exe
0x00007ffcbb830000 - 0x00007ffcbba47000 	C:\WINDOWS\SYSTEM32\ntdll.dll
0x00007ffcba4e0000 - 0x00007ffcba5a4000 	C:\WINDOWS\System32\KERNEL32.DLL
0x00007ffcb9110000 - 0x00007ffcb94b5000 	C:\WINDOWS\System32\KERNELBASE.dll
0x00007ffcb8ff0000 - 0x00007ffcb9101000 	C:\WINDOWS\System32\ucrtbase.dll
0x00007ffc89120000 - 0x00007ffc8913b000 	c:\Users\Jastin Pepeo\.vscode\extensions\redhat.java-1.34.0-win32-x64\jre\17.0.12-win32-x86_64\bin\VCRUNTIME140.dll
0x00007ffc7b540000 - 0x00007ffc7b557000 	c:\Users\Jastin Pepeo\.vscode\extensions\redhat.java-1.34.0-win32-x64\jre\17.0.12-win32-x86_64\bin\jli.dll
0x00007ffcbb130000 - 0x00007ffcbb2de000 	C:\WINDOWS\System32\USER32.dll
0x00007ffcb8cc0000 - 0x00007ffcb8ce6000 	C:\WINDOWS\System32\win32u.dll
0x00007ffcba310000 - 0x00007ffcba339000 	C:\WINDOWS\System32\GDI32.dll
0x00007ffcb8ba0000 - 0x00007ffcb8cb9000 	C:\WINDOWS\System32\gdi32full.dll
0x00007ffc94fc0000 - 0x00007ffc95253000 	C:\WINDOWS\WinSxS\amd64_microsoft.windows.common-controls_6595b64144ccf1df_6.0.22621.2506_none_270c5ae97388e100\COMCTL32.dll
0x00007ffcb8ed0000 - 0x00007ffcb8f6a000 	C:\WINDOWS\System32\msvcp_win.dll
0x00007ffcba5c0000 - 0x00007ffcba667000 	C:\WINDOWS\System32\msvcrt.dll
0x00007ffcba480000 - 0x00007ffcba4b1000 	C:\WINDOWS\System32\IMM32.DLL
0x0000000072600000 - 0x000000007260d000 	C:\Program Files (x86)\360\360Safe\safemon\SafeWrapper.dll
0x00007ffcb9810000 - 0x00007ffcb98c1000 	C:\WINDOWS\System32\ADVAPI32.dll
0x00007ffcbb6b0000 - 0x00007ffcbb756000 	C:\WINDOWS\System32\sechost.dll
0x00007ffcbb590000 - 0x00007ffcbb6a7000 	C:\WINDOWS\System32\RPCRT4.dll
0x00007ffca7270000 - 0x00007ffca7373000 	C:\Program Files (x86)\360\360Safe\safemon\libzdtp64.dll
0x00007ffcb9ab0000 - 0x00007ffcba309000 	C:\WINDOWS\System32\SHELL32.dll
0x00007ffcb9580000 - 0x00007ffcb95de000 	C:\WINDOWS\System32\SHLWAPI.dll
0x00007ffcb87e0000 - 0x00007ffcb87ea000 	C:\WINDOWS\SYSTEM32\VERSION.dll
0x00007ffca29e0000 - 0x00007ffca29ec000 	c:\Users\Jastin Pepeo\.vscode\extensions\redhat.java-1.34.0-win32-x64\jre\17.0.12-win32-x86_64\bin\vcruntime140_1.dll
0x00007ffc67a80000 - 0x00007ffc67b0d000 	c:\Users\Jastin Pepeo\.vscode\extensions\redhat.java-1.34.0-win32-x64\jre\17.0.12-win32-x86_64\bin\msvcp140.dll
0x00007ffc5bd60000 - 0x00007ffc5c9ca000 	c:\Users\Jastin Pepeo\.vscode\extensions\redhat.java-1.34.0-win32-x64\jre\17.0.12-win32-x86_64\bin\server\jvm.dll
0x00007ffcbb4a0000 - 0x00007ffcbb511000 	C:\WINDOWS\System32\WS2_32.dll
0x00007ffcb7940000 - 0x00007ffcb798d000 	C:\WINDOWS\SYSTEM32\POWRPROF.dll
0x00007ffcb19b0000 - 0x00007ffcb19e4000 	C:\WINDOWS\SYSTEM32\WINMM.dll
0x00007ffcb7920000 - 0x00007ffcb7933000 	C:\WINDOWS\SYSTEM32\UMPDC.dll
0x00007ffcb7b80000 - 0x00007ffcb7b98000 	C:\WINDOWS\SYSTEM32\kernel.appcore.dll
0x00007ffca0830000 - 0x00007ffca083a000 	c:\Users\Jastin Pepeo\.vscode\extensions\redhat.java-1.34.0-win32-x64\jre\17.0.12-win32-x86_64\bin\jimage.dll
0x00007ffcb6190000 - 0x00007ffcb63c3000 	C:\WINDOWS\SYSTEM32\DBGHELP.DLL
0x00007ffcba770000 - 0x00007ffcbaaf9000 	C:\WINDOWS\System32\combase.dll
0x00007ffcba340000 - 0x00007ffcba417000 	C:\WINDOWS\System32\OLEAUT32.dll
0x00007ffcac870000 - 0x00007ffcac8a2000 	C:\WINDOWS\SYSTEM32\dbgcore.DLL
0x00007ffcb8f70000 - 0x00007ffcb8fea000 	C:\WINDOWS\System32\bcryptPrimitives.dll
0x00007ffc8b190000 - 0x00007ffc8b19e000 	c:\Users\Jastin Pepeo\.vscode\extensions\redhat.java-1.34.0-win32-x64\jre\17.0.12-win32-x86_64\bin\instrument.dll
0x00007ffc67a50000 - 0x00007ffc67a75000 	c:\Users\Jastin Pepeo\.vscode\extensions\redhat.java-1.34.0-win32-x64\jre\17.0.12-win32-x86_64\bin\java.dll
0x00007ffc6a2e0000 - 0x00007ffc6a2f8000 	c:\Users\Jastin Pepeo\.vscode\extensions\redhat.java-1.34.0-win32-x64\jre\17.0.12-win32-x86_64\bin\zip.dll
0x00007ffcb6a10000 - 0x00007ffcb7304000 	C:\WINDOWS\SYSTEM32\windows.storage.dll
0x00007ffcb68d0000 - 0x00007ffcb6a0e000 	C:\WINDOWS\SYSTEM32\wintypes.dll
0x00007ffcba670000 - 0x00007ffcba763000 	C:\WINDOWS\System32\SHCORE.dll
0x00007ffcb8ad0000 - 0x00007ffcb8af6000 	C:\WINDOWS\SYSTEM32\profapi.dll
0x00007ffc67a30000 - 0x00007ffc67a49000 	C:\Users\Jastin Pepeo\.vscode\extensions\redhat.java-1.34.0-win32-x64\jre\17.0.12-win32-x86_64\bin\net.dll
0x00007ffcb14f0000 - 0x00007ffcb1627000 	C:\WINDOWS\SYSTEM32\WINHTTP.dll
0x00007ffcb8050000 - 0x00007ffcb80b9000 	C:\WINDOWS\system32\mswsock.dll
0x00007ffc67a10000 - 0x00007ffc67a26000 	C:\Users\Jastin Pepeo\.vscode\extensions\redhat.java-1.34.0-win32-x64\jre\17.0.12-win32-x86_64\bin\nio.dll
0x00007ffc7cec0000 - 0x00007ffc7ced0000 	c:\Users\Jastin Pepeo\.vscode\extensions\redhat.java-1.34.0-win32-x64\jre\17.0.12-win32-x86_64\bin\verify.dll
0x00007ffc679c0000 - 0x00007ffc67a05000 	C:\Users\Jastin Pepeo\AppData\Roaming\Code\User\globalStorage\redhat.java\1.34.0\config_win\org.eclipse.equinox.launcher\org.eclipse.equinox.launcher.win32.win32.x86_64_1.2.1100.v20240722-2106\eclipse_11904.dll
0x00007ffcbab00000 - 0x00007ffcbaca0000 	C:\WINDOWS\System32\ole32.dll

dbghelp: loaded successfully - version: 4.0.5 - missing functions: none
symbol engine: initialized successfully - sym options: 0x614 - pdb path: .;c:\Users\Jastin Pepeo\.vscode\extensions\redhat.java-1.34.0-win32-x64\jre\17.0.12-win32-x86_64\bin;C:\WINDOWS\SYSTEM32;C:\WINDOWS\WinSxS\amd64_microsoft.windows.common-controls_6595b64144ccf1df_6.0.22621.2506_none_270c5ae97388e100;C:\Program Files (x86)\360\360Safe\safemon;c:\Users\Jastin Pepeo\.vscode\extensions\redhat.java-1.34.0-win32-x64\jre\17.0.12-win32-x86_64\bin\server;C:\Users\Jastin Pepeo\AppData\Roaming\Code\User\globalStorage\redhat.java\1.34.0\config_win\org.eclipse.equinox.launcher\org.eclipse.equinox.launcher.win32.win32.x86_64_1.2.1100.v20240722-2106

VM Arguments:
jvm_args: --add-modules=ALL-SYSTEM --add-opens=java.base/java.util=ALL-UNNAMED --add-opens=java.base/java.lang=ALL-UNNAMED --add-opens=java.base/sun.nio.fs=ALL-UNNAMED -Declipse.application=org.eclipse.jdt.ls.core.id1 -Dosgi.bundles.defaultStartLevel=4 -Declipse.product=org.eclipse.jdt.ls.core.product -Djava.import.generatesMetadataFilesAtProjectRoot=false -DDetectVMInstallationsJob.disabled=true -Dfile.encoding=utf8 -XX:+UseParallelGC -XX:GCTimeRatio=4 -XX:AdaptiveSizePolicyWeight=90 -Dsun.zip.disableMemoryMapping=true -Xmx1G -Xms100m -Xlog:disable -javaagent:c:\Users\Jastin Pepeo\.vscode\extensions\redhat.java-1.34.0-win32-x64\lombok\lombok-1.18.33.jar -XX:+HeapDumpOnOutOfMemoryError -XX:HeapDumpPath=c:\Users\Jastin Pepeo\AppData\Roaming\Code\User\workspaceStorage\9fa170b5f4a32387a7c7270889b4dcb2\redhat.java -Daether.dependencyCollector.impl=bf 
java_command: c:\Users\Jastin Pepeo\.vscode\extensions\redhat.java-1.34.0-win32-x64\server\plugins\org.eclipse.equinox.launcher_1.6.900.v20240613-2009.jar -configuration c:\Users\Jastin Pepeo\AppData\Roaming\Code\User\globalStorage\redhat.java\1.34.0\config_win -data c:\Users\Jastin Pepeo\AppData\Roaming\Code\User\workspaceStorage\9fa170b5f4a32387a7c7270889b4dcb2\redhat.java\jdt_ws --pipe=\\.\pipe\lsp-76f61f8e96d2e5eba942ac3319b87068-sock
java_class_path (initial): c:\Users\Jastin Pepeo\.vscode\extensions\redhat.java-1.34.0-win32-x64\server\plugins\org.eclipse.equinox.launcher_1.6.900.v20240613-2009.jar
Launcher Type: SUN_STANDARD

[Global flags]
    uintx AdaptiveSizePolicyWeight                 = 90                                        {product} {command line}
     intx CICompilerCount                          = 4                                         {product} {ergonomic}
    uintx GCTimeRatio                              = 4                                         {product} {command line}
     bool HeapDumpOnOutOfMemoryError               = true                                   {manageable} {command line}
    ccstr HeapDumpPath                             = c:\Users\Jastin Pepeo\AppData\Roaming\Code\User\workspaceStorage\9fa170b5f4a32387a7c7270889b4dcb2\redhat.java         {manageable} {command line}
   size_t InitialHeapSize                          = 104857600                                 {product} {command line}
   size_t MaxHeapSize                              = 1073741824                                {product} {command line}
   size_t MaxNewSize                               = 357564416                                 {product} {ergonomic}
   size_t MinHeapDeltaBytes                        = 524288                                    {product} {ergonomic}
   size_t MinHeapSize                              = 104857600                                 {product} {command line}
   size_t NewSize                                  = 34603008                                  {product} {ergonomic}
    uintx NonNMethodCodeHeapSize                   = 5839372                                {pd product} {ergonomic}
    uintx NonProfiledCodeHeapSize                  = 122909434                              {pd product} {ergonomic}
   size_t OldSize                                  = 70254592                                  {product} {ergonomic}
    uintx ProfiledCodeHeapSize                     = 122909434                              {pd product} {ergonomic}
    uintx ReservedCodeCacheSize                    = 251658240                              {pd product} {ergonomic}
     bool SegmentedCodeCache                       = true                                      {product} {ergonomic}
   size_t SoftMaxHeapSize                          = 1073741824                             {manageable} {ergonomic}
     bool UseCompressedClassPointers               = true                           {product lp64_product} {ergonomic}
     bool UseCompressedOops                        = true                           {product lp64_product} {ergonomic}
     bool UseLargePagesIndividualAllocation        = false                                  {pd product} {ergonomic}
     bool UseParallelGC                            = true                                      {product} {command line}

Logging:
Log output configuration:
 #0: stdout all=off uptime,level,tags
 #1: stderr all=off uptime,level,tags

Environment Variables:
JAVA_HOME=C:\Users\Jastin Pepeo\.jdks\corretto-17.0.11
CLASSPATH=E:\LINGO64_18\Lingo18.jar
PATH=D:\Program Files\MATLAB\R2023b\runtime\win64;D:\Program Files\MATLAB\R2023b\bin;D:\Program Files\MATLAB\R2019a\bin\win64;C:\Users\Jastin Pepeo\.jdks\corretto-17.0.10\bin;C:\Program Files (x86)\Common Files\Intel\Shared Libraries\redist\intel64\compiler;C:\Windows\system32;C:\Windows;C:\Windows\System32\Wbem;C:\Windows\System32\WindowsPowerShell\v1.0\;C:\Windows\System32\OpenSSH\;C:\Program Files (x86)\NVIDIA Corporation\PhysX\Common;C:\Program Files\NVIDIA Corporation\NVIDIA NvDLISR;C:\Program Files\dotnet\;C:\Program Files\Microsoft SQL Server\150\Tools\Binn\;C:\Program Files (x86)\EasyShare\x86\;C:\Program Files (x86)\EasyShare\x64\;C:\WINDOWS\system32;C:\WINDOWS;C:\WINDOWS\System32\Wbem;C:\WINDOWS\System32\WindowsPowerShell\v1.0\;C:\WINDOWS\System32\OpenSSH\;C:\Users\Jastin Pepeo\AppData\Local\Programs\Python\Python312\Scripts\;C:\Users\Jastin Pepeo\AppData\Local\Programs\Python\Python312\;C:\Users\Jastin Pepeo\AppData\Local\Microsoft\WindowsApps;C:\Users\Jastin Pepeo\.dotnet\tools;C:\Program Files\Wolfram Research\WolframScript\;C:\Program Files\nodejs\;D:\Program Files\Erlang OTP\bin;C:\Program Files\CodeBlocks\MinGW\bin;C:\Program Files (x86)\NetSarang\Xftp 7\;E:\LINGO64_18\;C:\Program Files (x86)\Graphviz2.38\bin;C:\Program Files\Git\cmd;;C:\Program Files\Docker\Docker\resources\bin;C:\Program Files (x86)\NetSarang\Xshell 8\;C:\Users\Jastin Pepeo\AppData\Local\Programs\Python\Python312\Scripts\;C:\Users\Jastin Pepeo\AppData\Local\Programs\Python\Python312\;C:\Users\Jastin Pepeo\AppData\Local\Microsoft\WindowsApps;C:\Users\Jastin Pepeo\.dotnet\tools;C:\Users\Jastin Pepeo\AppData\Roaming\npm;C:\Users\Jastin Pepeo\AppData\Local\Programs\Microsoft VS Code\bin;D:\Program Files\JetBrains\PyCharm 2023.2.5\bin;C:\Users\Jastin Pepeo\AppData\Local\JetBrains\Toolbox\scripts;E:\\ffmpeg\bin;D:\lora\Mysql\mysql-5.7.19-winx64\bin\bin;C:\Users\Jastin Pepeo\.jdks\corretto-17.0.11\bin;C:\Users\Jastin Pepeo\.jdks\corretto-17.0.11\jre\bin;D:\Program Files\apache-mave
USERNAME=Jastin Pepeo
OS=Windows_NT
PROCESSOR_IDENTIFIER=Intel64 Family 6 Model 141 Stepping 1, GenuineIntel
TMP=C:\Users\JASTIN~1\AppData\Local\Temp
TEMP=C:\Users\JASTIN~1\AppData\Local\Temp



Periodic native trim disabled


---------------  S Y S T E M  ---------------

OS:
 Windows 11 , 64 bit Build 22621 (10.0.22621.2506)
OS uptime: 0 days 1:37 hours
Hyper-V role detected

CPU: total 12 (initial active 12) (6 cores per cpu, 2 threads per core) family 6 model 141 stepping 1 microcode 0x2c, cx8, cmov, fxsr, ht, mmx, 3dnowpref, sse, sse2, sse3, ssse3, sse4.1, sse4.2, popcnt, lzcnt, tsc, tscinvbit, avx, avx2, aes, erms, clmul, bmi1, bmi2, adx, avx512f, avx512dq, avx512cd, avx512bw, avx512vl, sha, fma, vzeroupper, avx512_vpopcntdq, avx512_vpclmulqdq, avx512_vaes, avx512_vnni, clflush, clflushopt, clwb, avx512_vbmi2, avx512_vbmi, hv
Processor Information for all 12 processors :
  Max Mhz: 2611, Current Mhz: 2611, Mhz Limit: 2611

Memory: 4k page, system-wide physical 16163M (2206M free)
TotalPageFile size 19363M (AvailPageFile size 4M)
current process WorkingSet (physical memory assigned to process): 125M, peak: 125M
current process commit charge ("private bytes"): 233M, peak: 233M

vm_info: OpenJDK 64-Bit Server VM (17.0.12+7) for windows-amd64 JRE (17.0.12+7), built on Jul 16 2024 22:08:24 by "admin" with MS VC++ 16.10 / 16.11 (VS2019)

END.
