#
# There is insufficient memory for the Java Runtime Environment to continue.
# Native memory allocation (malloc) failed to allocate 32744 bytes. Error detail: ChunkPool::allocate
# Possible reasons:
#   The system is out of physical RAM or swap space
#   This process is running with CompressedOops enabled, and the Java Heap may be blocking the growth of the native heap
# Possible solutions:
#   Reduce memory load on the system
#   Increase physical memory or swap space
#   Check if swap backing store is full
#   Decrease Java heap size (-Xmx/-Xms)
#   Decrease number of Java threads
#   Decrease Java thread stack sizes (-Xss)
#   Set larger code cache with -XX:ReservedCodeCacheSize=
#   JVM is running with Zero Based Compressed Oops mode in which the Java heap is
#     placed in the first 32GB address space. The Java Heap base address is the
#     maximum limit for the native heap growth. Please use -XX:HeapBaseMinAddress
#     to set the Java Heap base and to place the Java Heap above 32GB virtual address.
# This output file may be truncated or incomplete.
#
#  Out of Memory Error (arena.cpp:79), pid=12640, tid=17020
#
# JRE version: OpenJDK Runtime Environment Corretto-17.0.13.11.1 (17.0.13+11) (build 17.0.13+11-LTS)
# Java VM: OpenJDK 64-Bit Server VM Corretto-17.0.13.11.1 (17.0.13+11-LTS, mixed mode, sharing, tiered, compressed oops, compressed class ptrs, g1 gc, windows-amd64)
# No core dump will be written. Minidumps are not enabled by default on client versions of Windows
#

---------------  S U M M A R Y ------------

Command Line: -XX:+ShowCodeDetailsInExceptionMessages -Dspring.jmx.enabled=true -Dmanagement.endpoints.jmx.exposure.include=* -Dspring.application.admin.enabled=true -Dspring.boot.project.name=chatRoom -Djava.rmi.server.hostname=localhost -Dcom.sun.management.jmxremote.port=45556 -Dcom.sun.management.jmxremote.authenticate=false -Dcom.sun.management.jmxremote.ssl=false com.example.Application

Host: 11th Gen Intel(R) Core(TM) i5-11260H @ 2.60GHz, 12 cores, 15G,  Windows 11 , 64 bit Build 22621 (10.0.22621.2506)
Time: Mon Nov  4 22:35:48 2024  Windows 11 , 64 bit Build 22621 (10.0.22621.2506) elapsed time: 1.267012 seconds (0d 0h 0m 1s)

---------------  T H R E A D  ---------------

Current thread (0x000001df49822e90):  JavaThread "background-preinit" [_thread_in_vm, id=17020, stack(0x0000002f3a200000,0x0000002f3a300000)]

Stack: [0x0000002f3a200000,0x0000002f3a300000]
Native frames: (J=compiled Java code, j=interpreted, Vv=VM code, C=native code)
V  [jvm.dll+0x680c19]
V  [jvm.dll+0x83888a]
V  [jvm.dll+0x83a34e]
V  [jvm.dll+0x83a9b3]
V  [jvm.dll+0x2481af]
V  [jvm.dll+0xacbf1]
V  [jvm.dll+0xad03c]
V  [jvm.dll+0x1eb471]
V  [jvm.dll+0x1ec245]
V  [jvm.dll+0x1ecd02]
V  [jvm.dll+0x1e20f1]
V  [jvm.dll+0x544dce]
V  [jvm.dll+0x7b2678]
V  [jvm.dll+0x7b2764]
V  [jvm.dll+0x4119f9]
V  [jvm.dll+0x417bc9]
C  [java.dll+0x17ec]

Java frames: (J=compiled Java code, j=interpreted, Vv=VM code)
J 1241  java.lang.ClassLoader.defineClass1(Ljava/lang/ClassLoader;Ljava/lang/String;[BIILjava/security/ProtectionDomain;Ljava/lang/String;)Ljava/lang/Class; java.base@17.0.13 (0 bytes) @ 0x000001df6df3ad63 [0x000001df6df3aca0+0x00000000000000c3]
J 1586 c1 java.lang.ClassLoader.defineClass(Ljava/lang/String;[BIILjava/security/ProtectionDomain;)Ljava/lang/Class; java.base@17.0.13 (43 bytes) @ 0x000001df666c4154 [0x000001df666c3e00+0x0000000000000354]
J 1643 c1 java.security.SecureClassLoader.defineClass(Ljava/lang/String;[BIILjava/security/CodeSource;)Ljava/lang/Class; java.base@17.0.13 (16 bytes) @ 0x000001df666e910c [0x000001df666e9040+0x00000000000000cc]
J 1412 c1 jdk.internal.loader.BuiltinClassLoader.defineClass(Ljava/lang/String;Ljdk/internal/loader/Resource;)Ljava/lang/Class; java.base@17.0.13 (121 bytes) @ 0x000001df6665f8dc [0x000001df6665e980+0x0000000000000f5c]
J 1438 c1 jdk.internal.loader.BuiltinClassLoader.findClassOnClassPathOrNull(Ljava/lang/String;)Ljava/lang/Class; java.base@17.0.13 (64 bytes) @ 0x000001df66674a84 [0x000001df66673a00+0x0000000000001084]
J 1330 c1 jdk.internal.loader.BuiltinClassLoader.loadClassOrNull(Ljava/lang/String;Z)Ljava/lang/Class; java.base@17.0.13 (143 bytes) @ 0x000001df66624504 [0x000001df66623640+0x0000000000000ec4]
J 1427 c1 jdk.internal.loader.ClassLoaders$AppClassLoader.loadClass(Ljava/lang/String;Z)Ljava/lang/Class; java.base@17.0.13 (40 bytes) @ 0x000001df6666c26c [0x000001df6666bc60+0x000000000000060c]
J 1417 c1 java.lang.ClassLoader.loadClass(Ljava/lang/String;)Ljava/lang/Class; java.base@17.0.13 (7 bytes) @ 0x000001df6666114c [0x000001df66661040+0x000000000000010c]
v  ~StubRoutines::call_stub
j  org.springframework.http.converter.FormHttpMessageConverter.<init>()V+89
j  org.springframework.http.converter.support.AllEncompassingFormHttpMessageConverter.<init>()V+1
j  org.springframework.boot.autoconfigure.BackgroundPreinitializer$MessageConverterInitializer.run()V+4
j  org.springframework.boot.autoconfigure.BackgroundPreinitializer$1.runSafely(Ljava/lang/Runnable;)Z+1
j  org.springframework.boot.autoconfigure.BackgroundPreinitializer$1.run()V+32
j  java.lang.Thread.run()V+11 java.base@17.0.13
v  ~StubRoutines::call_stub

Compiled method (n/a)    1287 1241     n 0       java.lang.ClassLoader::defineClass1 (native)
 total in heap  [0x000001df6df3ab10,0x000001df6df3aff0] = 1248
 relocation     [0x000001df6df3ac68,0x000001df6df3aca0] = 56
 main code      [0x000001df6df3aca0,0x000001df6df3aff0] = 848

[Constant Pool (empty)]

[MachCode]
[Entry Point]
  # {method} {0x000001df03010f28} 'defineClass1' '(Ljava/lang/ClassLoader;Ljava/lang/String;[BIILjava/security/ProtectionDomain;Ljava/lang/String;)Ljava/lang/Class;' in 'java/lang/ClassLoader'
  # parm0:    rdx:rdx   = 'java/lang/ClassLoader'
  # parm1:    r8:r8     = 'java/lang/String'
  # parm2:    r9:r9     = '[B'
  # parm3:    rdi       = int
  # parm4:    rsi       = int
  # parm5:    rcx:rcx   = 'java/security/ProtectionDomain'
  # parm6:    [sp+0xa0]   = 'java/lang/String'  (sp of caller)
  0x000001df6df3aca0: 448b 5208 | 49bb 0000 | 0003 df01 | 0000 4d03 | d349 3bc2 | 0f84 0600 

  0x000001df6df3acb8: ;   {runtime_call ic_miss_stub}
  0x000001df6df3acb8: 0000 e9c1 | 68a4 ff90 
[Verified Entry Point]
  0x000001df6df3acc0: 8984 2400 | 90ff ff55 | 488b ec48 | 81ec 9000 | 0000 4881 | 7d10 0000 | 0000 488d | 4510 480f 
  0x000001df6df3ace0: 4445 1048 | 8944 2440 | 4889 4c24 | 7048 83f9 | 0048 8d44 | 2470 480f | 4444 2470 | 4889 4424 
  0x000001df6df3ad00: 3848 8974 | 2430 4889 | 7c24 284c | 894c 2458 | 4983 f900 | 488d 4424 | 5848 0f44 | 4424 5848 
  0x000001df6df3ad20: 8944 2420 | 4c89 4424 | 5049 83f8 | 004c 8d4c | 2450 4c0f | 444c 2450 | 4889 5424 | 4848 83fa 
  0x000001df6df3ad40: 004c 8d44 | 2448 4c0f | 4444 2448 

  0x000001df6df3ad4c: ;   {oop(a 'java/lang/Class'{0x0000000703c8a5a0} = 'java/lang/ClassLoader')}
  0x000001df6df3ad4c: 49be a0a5 | c803 0700 | 0000 4c89 | 7424 784c | 8d74 2478 | 498b d6c5 

  0x000001df6df3ad64: ;   {internal_word}
  0x000001df6df3ad64: f877 49ba | 63ad f36d | df01 0000 | 4d89 97a0 | 0200 0049 | 89a7 9802 

  0x000001df6df3ad7c: ;   {external_word}
  0x000001df6df3ad7c: 0000 49ba | 89d6 7315 | fb7f 0000 | 4180 3a00 | 0f84 5200 | 0000 5241 

  0x000001df6df3ad94: ;   {metadata({method} {0x000001df03010f28} 'defineClass1' '(Ljava/lang/ClassLoader;Ljava/lang/String;[BIILjava/security/ProtectionDomain;Ljava/lang/String;)Ljava/lang/Class;' in 'java/lang/ClassLoader')}
  0x000001df6df3ad94: 5041 5148 | ba20 0f01 | 03df 0100 | 0049 8bcf | 4883 ec20 | f7c4 0f00 | 0000 0f84 | 1a00 0000 
  0x000001df6df3adb4: 4883 ec08 

  0x000001df6df3adb8: ;   {runtime_call}
  0x000001df6df3adb8: 49ba 5060 | 2915 fb7f | 0000 41ff | d248 83c4 | 08e9 0d00 

  0x000001df6df3adcc: ;   {runtime_call}
  0x000001df6df3adcc: 0000 49ba | 5060 2915 | fb7f 0000 | 41ff d248 | 83c4 2041 | 5941 585a | 498d 8fb8 | 0200 0041 
  0x000001df6df3adec: c787 4803 | 0000 0400 

  0x000001df6df3adf4: ;   {runtime_call}
  0x000001df6df3adf4: 0000 49ba | ac16 b172 | fb7f 0000 | 41ff d2c5 | f877 41c7 | 8748 0300 | 0005 0000 | 00f0 8344 
  0x000001df6df3ae14: 24c0 0049 | 3baf 5003 | 0000 0f87 | 1100 0000 | 4181 bf38 | 0300 0000 | 0000 000f | 842c 0000 
  0x000001df6df3ae34: 00c5 f877 | 4889 45f8 | 498b cf4c | 8be4 4883 | ec20 4883 

  0x000001df6df3ae48: ;   {runtime_call}
  0x000001df6df3ae48: e4f0 49ba | e07f 3915 | fb7f 0000 | 41ff d249 | 8be4 4d33 | e448 8b45 | f841 c787 | 4803 0000 
  0x000001df6df3ae68: 0800 0000 | 4181 bfb8 | 0300 0002 | 0000 000f | 843f 0100 

  0x000001df6df3ae7c: ;   {external_word}
  0x000001df6df3ae7c: 0049 ba89 | d673 15fb | 7f00 0041 | 803a 000f | 8450 0000 | 0048 8945 

  0x000001df6df3ae94: ;   {metadata({method} {0x000001df03010f28} 'defineClass1' '(Ljava/lang/ClassLoader;Ljava/lang/String;[BIILjava/security/ProtectionDomain;Ljava/lang/String;)Ljava/lang/Class;' in 'java/lang/ClassLoader')}
  0x000001df6df3ae94: f848 ba20 | 0f01 03df | 0100 0049 | 8bcf 4883 | ec20 f7c4 | 0f00 0000 | 0f84 1a00 | 0000 4883 
  0x000001df6df3aeb4: ;   {runtime_call}
  0x000001df6df3aeb4: ec08 49ba | 5060 2915 | fb7f 0000 | 41ff d248 | 83c4 08e9 | 0d00 0000 

  0x000001df6df3aecc: ;   {runtime_call}
  0x000001df6df3aecc: 49ba 5060 | 2915 fb7f | 0000 41ff | d248 83c4 | 2048 8b45 | f849 c787 | 9802 0000 | 0000 0000 
  0x000001df6df3aeec: 49c7 87a0 | 0200 0000 | 0000 00c5 | f877 4885 | c00f 8493 | 0000 0048 | f7c0 0100 | 0000 0f84 
  0x000001df6df3af0c: 8300 0000 | 488b 40ff | 4180 7f38 | 000f 846f | 0000 0048 | 83f8 000f | 8465 0000 | 0049 8b4f 
  0x000001df6df3af2c: 2048 83f9 | 000f 8414 | 0000 0048 | 83e9 0849 | 894f 2049 | 034f 3048 | 8901 e943 | 0000 0050 
  0x000001df6df3af4c: 498b d748 | 8bc8 4883 | ec20 f7c4 | 0f00 0000 | 0f84 1a00 | 0000 4883 

  0x000001df6df3af64: ;   {runtime_call}
  0x000001df6df3af64: ec08 49ba | e056 e814 | fb7f 0000 | 41ff d248 | 83c4 08e9 | 0d00 0000 

  0x000001df6df3af7c: ;   {runtime_call}
  0x000001df6df3af7c: 49ba e056 | e814 fb7f | 0000 41ff | d248 83c4 | 2058 e903 | 0000 0048 | 8b00 498b | 8fd8 0000 
  0x000001df6df3af9c: 00c7 8100 | 0100 0000 | 0000 00c9 | 4981 7f08 | 0000 0000 | 0f85 0100 

  0x000001df6df3afb4: ;   {runtime_call StubRoutines (1)}
  0x000001df6df3afb4: 0000 c3e9 | 445f 9fff | c5f8 7748 | 8945 f84c | 8be4 4883 | ec20 4883 

  0x000001df6df3afcc: ;   {runtime_call}
  0x000001df6df3afcc: e4f0 49ba | d090 2915 | fb7f 0000 | 41ff d249 | 8be4 4d33 | e448 8b45 | f8e9 93fe | ffff f4f4 
  0x000001df6df3afec: f4f4 f4f4 
[/MachCode]


Compiled method (c1)    1293 1586       3       java.lang.ClassLoader::defineClass (43 bytes)
 total in heap  [0x000001df666c3c10,0x000001df666c4548] = 2360
 relocation     [0x000001df666c3d68,0x000001df666c3df8] = 144
 main code      [0x000001df666c3e00,0x000001df666c42a0] = 1184
 stub code      [0x000001df666c42a0,0x000001df666c4318] = 120
 metadata       [0x000001df666c4318,0x000001df666c4348] = 48
 scopes data    [0x000001df666c4348,0x000001df666c4438] = 240
 scopes pcs     [0x000001df666c4438,0x000001df666c4518] = 224
 dependencies   [0x000001df666c4518,0x000001df666c4520] = 8
 nul chk table  [0x000001df666c4520,0x000001df666c4548] = 40

[Constant Pool (empty)]

[MachCode]
[Entry Point]
  # {method} {0x000001df03010cc0} 'defineClass' '(Ljava/lang/String;[BIILjava/security/ProtectionDomain;)Ljava/lang/Class;' in 'java/lang/ClassLoader'
  # this:     rdx:rdx   = 'java/lang/ClassLoader'
  # parm0:    r8:r8     = 'java/lang/String'
  # parm1:    r9:r9     = '[B'
  # parm2:    rdi       = int
  # parm3:    rsi       = int
  # parm4:    rcx:rcx   = 'java/security/ProtectionDomain'
  #           [sp+0xc0]  (sp of caller)
  0x000001df666c3e00: 448b 5208 | 49bb 0000 | 0003 df01 | 0000 4d03 | d34c 3bd0 

  0x000001df666c3e14: ;   {runtime_call ic_miss_stub}
  0x000001df666c3e14: 0f85 66d7 | 2b07 660f | 1f44 0000 
[Verified Entry Point]
  0x000001df666c3e20: 8984 2400 | 90ff ff55 | 4881 ecb0 | 0000 0048 | 8954 2478 

  0x000001df666c3e34: ;   {metadata(method data for {method} {0x000001df03010cc0} 'defineClass' '(Ljava/lang/String;[BIILjava/security/ProtectionDomain;)Ljava/lang/Class;' in 'java/lang/ClassLoader')}
  0x000001df666c3e34: 48bb e0c4 | 9044 df01 | 0000 8b83 | cc00 0000 | 83c0 0289 | 83cc 0000 | 0081 e0fe | 0700 0083 
  0x000001df666c3e54: f800 0f84 | 4e03 0000 | 89b4 2494 | 0000 0089 | bc24 9000 | 0000 4c89 | 8c24 8800 | 0000 488b 
  0x000001df666c3e74: ;   {metadata(method data for {method} {0x000001df03010cc0} 'defineClass' '(Ljava/lang/String;[BIILjava/security/ProtectionDomain;)Ljava/lang/Class;' in 'java/lang/ClassLoader')}
  0x000001df666c3e74: da48 b8e0 | c490 44df | 0100 0048 | 8380 1001 | 0000 0149 | 8bd8 4c8b | c34c 8bc9 | 488b ca48 
  0x000001df666c3e94: 8bd1 4889 | 9c24 8000 

  0x000001df666c3e9c: ;   {optimized virtual_call}
  0x000001df666c3e9c: 0000 90e8 

  0x000001df666c3ea0: ; ImmutableOopMap {[120]=Oop [136]=Oop [128]=Oop }
                      ;*invokevirtual preDefineClass {reexecute=0 rethrow=0 return_oop=0}
                      ; - java.lang.ClassLoader::defineClass@4 (line 1015)
  0x000001df666c3ea0: fc72 ffff | 4889 8424 | 9800 0000 | 488b 5424 

  0x000001df666c3eb0: ;   {metadata(method data for {method} {0x000001df03010cc0} 'defineClass' '(Ljava/lang/String;[BIILjava/security/ProtectionDomain;)Ljava/lang/Class;' in 'java/lang/ClassLoader')}
  0x000001df666c3eb0: 7849 b8e0 | c490 44df | 0100 0049 | 8380 4801 

  0x000001df666c3ec0: ;   {metadata(method data for {method} {0x000001df03010ed0} 'defineClassSourceLocation' '(Ljava/security/ProtectionDomain;)Ljava/lang/String;' in 'java/lang/ClassLoader')}
  0x000001df666c3ec0: 0000 0149 | b8b0 9790 | 44df 0100 | 0041 8b90 | cc00 0000 | 83c2 0241 | 8990 cc00 | 0000 81e2 
  0x000001df666c3ee0: feff 1f00 | 83fa 000f | 84de 0200 | 0048 3b00 

  0x000001df666c3ef0: ;   {metadata(method data for {method} {0x000001df03010ed0} 'defineClassSourceLocation' '(Ljava/security/ProtectionDomain;)Ljava/lang/String;' in 'java/lang/ClassLoader')}
  0x000001df666c3ef0: 4c8b c048 | bab0 9790 | 44df 0100 | 0048 8382 | 1001 0000 | 0144 8b40 | 1049 c1e0 | 0349 83f8 
  0x000001df666c3f10: ;   {metadata(method data for {method} {0x000001df03010ed0} 'defineClassSourceLocation' '(Ljava/security/ProtectionDomain;)Ljava/lang/String;' in 'java/lang/ClassLoader')}
  0x000001df666c3f10: 0048 bab0 | 9790 44df | 0100 0048 | c7c6 5801 | 0000 0f85 | 0700 0000 | 48c7 c648 | 0100 0048 
  0x000001df666c3f30: 8b3c 3248 | 8d7f 0148 | 893c 320f | 850f 0000 

  0x000001df666c3f40: ;   {oop(NULL)}
  0x000001df666c3f40: 0048 bb00 | 0000 0000 | 0000 00e9 | af01 0000 

  0x000001df666c3f50: ; implicit exception: dispatches to 0x000001df666c41f1
  0x000001df666c3f50: 493b 0049 

  0x000001df666c3f54: ;   {metadata(method data for {method} {0x000001df03010ed0} 'defineClassSourceLocation' '(Ljava/security/ProtectionDomain;)Ljava/lang/String;' in 'java/lang/ClassLoader')}
  0x000001df666c3f54: 8bd0 48be | b097 9044 | df01 0000 | 4883 8668 | 0100 0001 | 418b 500c | 48c1 e203 | 4883 fa00 
  0x000001df666c3f74: ;   {metadata(method data for {method} {0x000001df03010ed0} 'defineClassSourceLocation' '(Ljava/security/ProtectionDomain;)Ljava/lang/String;' in 'java/lang/ClassLoader')}
  0x000001df666c3f74: 48be b097 | 9044 df01 | 0000 48c7 | c7b0 0100 | 000f 8507 | 0000 0048 | c7c7 a001 | 0000 488b 
  0x000001df666c3f94: 1c3e 488d | 5b01 4889 | 1c3e 0f85 | 0f00 0000 

  0x000001df666c3fa4: ;   {oop(NULL)}
  0x000001df666c3fa4: 48bb 0000 | 0000 0000 | 0000 e94c 

  0x000001df666c3fb0: ;   {metadata(method data for {method} {0x000001df03010ed0} 'defineClassSourceLocation' '(Ljava/security/ProtectionDomain;)Ljava/lang/String;' in 'java/lang/ClassLoader')}
  0x000001df666c3fb0: 0100 0048 | beb0 9790 | 44df 0100 | 0048 8386 | c001 0000 | 0148 3b02 

  0x000001df666c3fc8: ;   {metadata(method data for {method} {0x000001df03010ed0} 'defineClassSourceLocation' '(Ljava/security/ProtectionDomain;)Ljava/lang/String;' in 'java/lang/ClassLoader')}
  0x000001df666c3fc8: 4c8b c248 | beb0 9790 | 44df 0100 | 0048 8386 | f801 0000 

  0x000001df666c3fdc: ;   {metadata(method data for {method} {0x000001df0306af58} 'toString' '()Ljava/lang/String;' in 'java/net/URL')}
  0x000001df666c3fdc: 0149 b808 | 447f 44df | 0100 0041 | 8bb0 cc00 | 0000 83c6 | 0241 89b0 | cc00 0000 | 81e6 feff 
  0x000001df666c3ffc: 1f00 83fe | 000f 84f4 | 0100 004c 

  0x000001df666c4008: ;   {metadata(method data for {method} {0x000001df0306af58} 'toString' '()Ljava/lang/String;' in 'java/net/URL')}
  0x000001df666c4008: 8bc2 48be | 0844 7f44 | df01 0000 | 4883 8610 | 0100 0001 

  0x000001df666c401c: ;   {metadata(method data for {method} {0x000001df0306b7f0} 'toExternalForm' '()Ljava/lang/String;' in 'java/net/URL')}
  0x000001df666c401c: 49b8 183b | 7f44 df01 | 0000 418b | b0cc 0000 | 0083 c602 | 4189 b0cc | 0000 0081 | e6fe ff1f 
  0x000001df666c403c: 0083 fe00 | 0f84 d601 | 0000 8b72 | 3848 c1e6 | 0348 3b06 

  0x000001df666c4050: ;   {metadata(method data for {method} {0x000001df0306b7f0} 'toExternalForm' '()Ljava/lang/String;' in 'java/net/URL')}
  0x000001df666c4050: 4c8b c648 | bf18 3b7f | 44df 0100 | 0045 8b40 | 0849 ba00 | 0000 03df | 0100 004d | 03c2 4c3b 
  0x000001df666c4070: 8720 0100 | 0075 0d48 | 8387 2801 | 0000 01e9 | 6600 0000 | 4c3b 8730 | 0100 0075 | 0d48 8387 
  0x000001df666c4090: 3801 0000 | 01e9 5000 | 0000 4881 | bf20 0100 | 0000 0000 | 0075 174c | 8987 2001 | 0000 48c7 
  0x000001df666c40b0: 8728 0100 | 0001 0000 | 00e9 2c00 | 0000 4881 | bf30 0100 | 0000 0000 | 0075 174c | 8987 3001 
  0x000001df666c40d0: 0000 48c7 | 8738 0100 | 0001 0000 | 00e9 0800 | 0000 4883 | 8710 0100 | 0001 4c8b | c248 8bd6 
  0x000001df666c40f0: 0f1f 8000 

  0x000001df666c40f4: ;   {optimized virtual_call}
  0x000001df666c40f4: 0000 00e8 

  0x000001df666c40f8: ; ImmutableOopMap {[120]=Oop [136]=Oop [128]=Oop [152]=Oop }
                      ;*invokevirtual toExternalForm {reexecute=0 rethrow=0 return_oop=0}
                      ; - java.net.URL::toExternalForm@5 (line 1039)
                      ; - java.net.URL::toString@1 (line 1025)
                      ; - java.lang.ClassLoader::defineClassSourceLocation@22 (line 917)
                      ; - java.lang.ClassLoader::defineClass@12 (line 1016)
  0x000001df666c40f8: 4450 f8ff | 488b d848 | 8b84 2498 | 0000 008b | b424 9400 | 0000 8bbc | 2490 0000 | 004c 8b8c 
  0x000001df666c4118: 2488 0000 | 004c 8b84 | 2480 0000 | 0048 8b54 

  0x000001df666c4128: ;   {metadata(method data for {method} {0x000001df03010cc0} 'defineClass' '(Ljava/lang/String;[BIILjava/security/ProtectionDomain;)Ljava/lang/Class;' in 'java/lang/ClassLoader')}
  0x000001df666c4128: 2478 48b9 | e0c4 9044 | df01 0000 | 4883 8180 | 0100 0001 | 4c8b da49 | 8bd3 488b | c848 891c 
  0x000001df666c4148: 2466 0f1f 

  0x000001df666c414c: ;   {static_call}
  0x000001df666c414c: 4400 00e8 

  0x000001df666c4150: ; ImmutableOopMap {[152]=Oop [120]=Oop }
                      ;*invokestatic defineClass1 {reexecute=0 rethrow=0 return_oop=0}
                      ; - java.lang.ClassLoader::defineClass@27 (line 1017)
  0x000001df666c4150: 6c6b 8707 | 488b 5424 

  0x000001df666c4158: ;   {metadata(method data for {method} {0x000001df03010cc0} 'defineClass' '(Ljava/lang/String;[BIILjava/security/ProtectionDomain;)Ljava/lang/Class;' in 'java/lang/ClassLoader')}
  0x000001df666c4158: 7849 b8e0 | c490 44df | 0100 0049 | 8380 9001 | 0000 014c | 8bc0 4c8b | 8c24 9800 | 0000 488b 
  0x000001df666c4178: 5424 7848 | 8984 24a0 | 0000 000f 

  0x000001df666c4184: ;   {optimized virtual_call}
  0x000001df666c4184: 1f40 00e8 

  0x000001df666c4188: ; ImmutableOopMap {[160]=Oop }
                      ;*invokevirtual postDefineClass {reexecute=0 rethrow=0 return_oop=0}
                      ; - java.lang.ClassLoader::defineClass@37 (line 1018)
  0x000001df666c4188: 9460 f9ff | 488b 8424 | a000 0000 | 4881 c4b0 | 0000 005d 

  0x000001df666c419c: ;   {poll_return}
  0x000001df666c419c: 493b a750 | 0300 000f | 8799 0000 

  0x000001df666c41a8: ;   {metadata({method} {0x000001df03010cc0} 'defineClass' '(Ljava/lang/String;[BIILjava/security/ProtectionDomain;)Ljava/lang/Class;' in 'java/lang/ClassLoader')}
  0x000001df666c41a8: 00c3 49ba | b80c 0103 | df01 0000 | 4c89 5424 | 0848 c704 | 24ff ffff 

  0x000001df666c41c0: ;   {runtime_call counter_overflow Runtime1 stub}
  0x000001df666c41c0: ffe8 3aab 

  0x000001df666c41c4: ; ImmutableOopMap {rdx=Oop [120]=Oop r8=Oop r9=Oop rcx=Oop }
                      ;*synchronization entry
                      ; - java.lang.ClassLoader::defineClass@-1 (line 1015)
  0x000001df666c41c4: 3607 e991 

  0x000001df666c41c8: ;   {metadata({method} {0x000001df03010ed0} 'defineClassSourceLocation' '(Ljava/security/ProtectionDomain;)Ljava/lang/String;' in 'java/lang/ClassLoader')}
  0x000001df666c41c8: fcff ff49 | bac8 0e01 | 03df 0100 | 004c 8954 | 2408 48c7 | 0424 ffff 

  0x000001df666c41e0: ;   {runtime_call counter_overflow Runtime1 stub}
  0x000001df666c41e0: ffff e819 

  0x000001df666c41e4: ; ImmutableOopMap {[120]=Oop [136]=Oop [128]=Oop rax=Oop [152]=Oop }
                      ;*synchronization entry
                      ; - java.lang.ClassLoader::defineClassSourceLocation@-1 (line 914)
                      ; - java.lang.ClassLoader::defineClass@12 (line 1016)
  0x000001df666c41e4: ab36 07e9 | 01fd ffff 

  0x000001df666c41ec: ;   {runtime_call throw_null_pointer_exception Runtime1 stub}
  0x000001df666c41ec: e8af 4536 

  0x000001df666c41f0: ; ImmutableOopMap {[120]=Oop [136]=Oop [128]=Oop rax=Oop [152]=Oop }
                      ;*invokevirtual getCodeSource {reexecute=0 rethrow=0 return_oop=0}
                      ; - java.lang.ClassLoader::defineClassSourceLocation@1 (line 914)
                      ; - java.lang.ClassLoader::defineClass@12 (line 1016)
                      ;   {runtime_call throw_null_pointer_exception Runtime1 stub}
  0x000001df666c41f0: 07e8 aa45 

  0x000001df666c41f4: ; ImmutableOopMap {[120]=Oop [136]=Oop [128]=Oop rax=Oop [152]=Oop r8=Oop }
                      ;*invokevirtual getLocation {reexecute=0 rethrow=0 return_oop=0}
                      ; - java.lang.ClassLoader::defineClassSourceLocation@12 (line 916)
                      ; - java.lang.ClassLoader::defineClass@12 (line 1016)
                      ;   {runtime_call throw_null_pointer_exception Runtime1 stub}
  0x000001df666c41f4: 3607 e8a5 

  0x000001df666c41f8: ; ImmutableOopMap {[120]=Oop [136]=Oop [128]=Oop [152]=Oop rdx=Oop }
                      ;*invokevirtual toString {reexecute=0 rethrow=0 return_oop=0}
                      ; - java.lang.ClassLoader::defineClassSourceLocation@22 (line 917)
                      ; - java.lang.ClassLoader::defineClass@12 (line 1016)
                      ;   {metadata({method} {0x000001df0306af58} 'toString' '()Ljava/lang/String;' in 'java/net/URL')}
  0x000001df666c41f8: 4536 0749 | ba50 af06 | 03df 0100 | 004c 8954 | 2408 48c7 | 0424 ffff 

  0x000001df666c4210: ;   {runtime_call counter_overflow Runtime1 stub}
  0x000001df666c4210: ffff e8e9 

  0x000001df666c4214: ; ImmutableOopMap {[120]=Oop [136]=Oop [128]=Oop [152]=Oop rdx=Oop }
                      ;*synchronization entry
                      ; - java.net.URL::toString@-1 (line 1025)
                      ; - java.lang.ClassLoader::defineClassSourceLocation@22 (line 917)
                      ; - java.lang.ClassLoader::defineClass@12 (line 1016)
  0x000001df666c4214: aa36 07e9 | ebfd ffff 

  0x000001df666c421c: ;   {metadata({method} {0x000001df0306b7f0} 'toExternalForm' '()Ljava/lang/String;' in 'java/net/URL')}
  0x000001df666c421c: 49ba e8b7 | 0603 df01 | 0000 4c89 | 5424 0848 | c704 24ff 

  0x000001df666c4230: ;   {runtime_call counter_overflow Runtime1 stub}
  0x000001df666c4230: ffff ffe8 

  0x000001df666c4234: ; ImmutableOopMap {[120]=Oop [136]=Oop [128]=Oop [152]=Oop rdx=Oop }
                      ;*synchronization entry
                      ; - java.net.URL::toExternalForm@-1 (line 1039)
                      ; - java.net.URL::toString@1 (line 1025)
                      ; - java.lang.ClassLoader::defineClassSourceLocation@22 (line 917)
                      ; - java.lang.ClassLoader::defineClass@12 (line 1016)
  0x000001df666c4234: c8aa 3607 | e909 feff 

  0x000001df666c423c: ;   {runtime_call throw_null_pointer_exception Runtime1 stub}
  0x000001df666c423c: ffe8 5e45 

  0x000001df666c4240: ; ImmutableOopMap {[120]=Oop [136]=Oop [128]=Oop [152]=Oop rdx=Oop rsi=Oop }
                      ;*invokevirtual toExternalForm {reexecute=0 rethrow=0 return_oop=0}
                      ; - java.net.URL::toExternalForm@5 (line 1039)
                      ; - java.net.URL::toString@1 (line 1025)
                      ; - java.lang.ClassLoader::defineClassSourceLocation@22 (line 917)
                      ; - java.lang.ClassLoader::defineClass@12 (line 1016)
                      ;   {internal_word}
  0x000001df666c4240: 3607 49ba | 9c41 6c66 | df01 0000 | 4d89 9768 

  0x000001df666c4250: ;   {runtime_call SafepointBlob}
  0x000001df666c4250: 0300 00e9 | 284d 2c07 | 9090 498b | 87e0 0300 | 0049 c787 | e003 0000 | 0000 0000 | 49c7 87e8 
  0x000001df666c4270: 0300 0000 | 0000 0048 | 81c4 b000 

  0x000001df666c427c: ;   {runtime_call unwind_exception Runtime1 stub}
  0x000001df666c427c: 0000 5de9 | 7c2c 3607 | f4f4 f4f4 | f4f4 f4f4 | f4f4 f4f4 | f4f4 f4f4 | f4f4 f4f4 | f4f4 f4f4 
  0x000001df666c429c: f4f4 f4f4 
[Stub Code]
  0x000001df666c42a0: ;   {no_reloc}
  0x000001df666c42a0: 0f1f 4400 

  0x000001df666c42a4: ;   {static_stub}
  0x000001df666c42a4: 0048 bb00 | 0000 0000 

  0x000001df666c42ac: ;   {runtime_call}
  0x000001df666c42ac: 0000 00e9 | fbff ffff 

  0x000001df666c42b4: ;   {static_stub}
  0x000001df666c42b4: 9048 bb00 | 0000 0000 

  0x000001df666c42bc: ;   {runtime_call}
  0x000001df666c42bc: 0000 00e9 | fbff ffff 

  0x000001df666c42c4: ;   {static_stub}
  0x000001df666c42c4: 9048 bb00 | 0000 0000 

  0x000001df666c42cc: ;   {runtime_call}
  0x000001df666c42cc: 0000 00e9 | fbff ffff 

  0x000001df666c42d4: ;   {static_stub}
  0x000001df666c42d4: 9048 bb00 | 0000 0000 

  0x000001df666c42dc: ;   {runtime_call}
  0x000001df666c42dc: 0000 00e9 | fbff ffff 
[Exception Handler]
  0x000001df666c42e4: ;   {runtime_call handle_exception_from_callee Runtime1 stub}
  0x000001df666c42e4: e897 6d36 

  0x000001df666c42e8: ;   {external_word}
  0x000001df666c42e8: 0748 b940 | ea4d 15fb | 7f00 0048 

  0x000001df666c42f4: ;   {runtime_call}
  0x000001df666c42f4: 83e4 f049 | ba90 5316 | 15fb 7f00 | 0041 ffd2 

  0x000001df666c4304: ;   {section_word}
  0x000001df666c4304: f449 ba05 | 436c 66df | 0100 0041 

  0x000001df666c4310: ;   {runtime_call DeoptimizationBlob}
  0x000001df666c4310: 52e9 0a61 | 2c07 f4f4 
[/MachCode]


Compiled method (c1)    1301 1643       3       java.security.SecureClassLoader::defineClass (16 bytes)
 total in heap  [0x000001df666e8e90,0x000001df666e9280] = 1008
 relocation     [0x000001df666e8fe8,0x000001df666e9030] = 72
 main code      [0x000001df666e9040,0x000001df666e9180] = 320
 stub code      [0x000001df666e9180,0x000001df666e91d8] = 88
 metadata       [0x000001df666e91d8,0x000001df666e91e0] = 8
 scopes data    [0x000001df666e91e0,0x000001df666e9228] = 72
 scopes pcs     [0x000001df666e9228,0x000001df666e9278] = 80
 dependencies   [0x000001df666e9278,0x000001df666e9280] = 8

[Constant Pool (empty)]

[MachCode]
[Entry Point]
  # {method} {0x000001df03434dd8} 'defineClass' '(Ljava/lang/String;[BIILjava/security/CodeSource;)Ljava/lang/Class;' in 'java/security/SecureClassLoader'
  # this:     rdx:rdx   = 'java/security/SecureClassLoader'
  # parm0:    r8:r8     = 'java/lang/String'
  # parm1:    r9:r9     = '[B'
  # parm2:    rdi       = int
  # parm3:    rsi       = int
  # parm4:    rcx:rcx   = 'java/security/CodeSource'
  #           [sp+0x80]  (sp of caller)
  0x000001df666e9040: 448b 5208 | 49bb 0000 | 0003 df01 | 0000 4d03 | d34c 3bd0 

  0x000001df666e9054: ;   {runtime_call ic_miss_stub}
  0x000001df666e9054: 0f85 2685 | 2907 660f | 1f44 0000 
[Verified Entry Point]
  0x000001df666e9060: 8984 2400 | 90ff ff55 | 4883 ec70 

  0x000001df666e906c: ;   {metadata(method data for {method} {0x000001df03434dd8} 'defineClass' '(Ljava/lang/String;[BIILjava/security/CodeSource;)Ljava/lang/Class;' in 'java/security/SecureClassLoader')}
  0x000001df666e906c: 48bb f0b1 | 7f44 df01 | 0000 8b83 | cc00 0000 | 83c0 0289 | 83cc 0000 | 0081 e0fe | 0700 0083 
  0x000001df666e908c: f800 0f84 | 8b00 0000 | 8974 245c | 897c 2458 | 4c89 4c24 | 504c 8944 | 2448 488b 

  0x000001df666e90a8: ;   {metadata(method data for {method} {0x000001df03434dd8} 'defineClass' '(Ljava/lang/String;[BIILjava/security/CodeSource;)Ljava/lang/Class;' in 'java/security/SecureClassLoader')}
  0x000001df666e90a8: da48 b8f0 | b17f 44df | 0100 0048 | 8380 1001 | 0000 014c | 8bc1 488b | c248 8bd0 | 4889 4424 
  0x000001df666e90c8: 4066 0f1f 

  0x000001df666e90cc: ;   {optimized virtual_call}
  0x000001df666e90cc: 4400 00e8 

  0x000001df666e90d0: ; ImmutableOopMap {[80]=Oop [64]=Oop [72]=Oop }
                      ;*invokevirtual getProtectionDomain {reexecute=0 rethrow=0 return_oop=0}
                      ; - java.security.SecureClassLoader::defineClass@9 (line 150)
  0x000001df666e90d0: cc06 f7ff | 488b 5424 

  0x000001df666e90d8: ;   {metadata(method data for {method} {0x000001df03434dd8} 'defineClass' '(Ljava/lang/String;[BIILjava/security/CodeSource;)Ljava/lang/Class;' in 'java/security/SecureClassLoader')}
  0x000001df666e90d8: 4049 b8f0 | b17f 44df | 0100 0049 | 8380 4801 | 0000 014c | 8b44 2448 | 4c8b 4c24 | 508b 7c24 
  0x000001df666e90f8: 588b 7424 | 5c48 8bc8 | 488b 5424 

  0x000001df666e9104: ;   {optimized virtual_call}
  0x000001df666e9104: 4066 90e8 

  0x000001df666e9108: ; ImmutableOopMap {}
                      ;*invokevirtual defineClass {reexecute=0 rethrow=0 return_oop=0}
                      ; - java.security.SecureClassLoader::defineClass@12 (line 150)
  0x000001df666e9108: 14ad fdff | 4883 c470 

  0x000001df666e9110: ;   {poll_return}
  0x000001df666e9110: 5d49 3ba7 | 5003 0000 | 0f87 2200 

  0x000001df666e911c: ;   {metadata({method} {0x000001df03434dd8} 'defineClass' '(Ljava/lang/String;[BIILjava/security/CodeSource;)Ljava/lang/Class;' in 'java/security/SecureClassLoader')}
  0x000001df666e911c: 0000 c349 | bad0 4d43 | 03df 0100 | 004c 8954 | 2408 48c7 | 0424 ffff 

  0x000001df666e9134: ;   {runtime_call counter_overflow Runtime1 stub}
  0x000001df666e9134: ffff e8c5 

  0x000001df666e9138: ; ImmutableOopMap {rdx=Oop r8=Oop r9=Oop rcx=Oop }
                      ;*synchronization entry
                      ; - java.security.SecureClassLoader::defineClass@-1 (line 150)
  0x000001df666e9138: 5b34 07e9 | 54ff ffff 

  0x000001df666e9140: ;   {internal_word}
  0x000001df666e9140: 49ba 1191 | 6e66 df01 | 0000 4d89 | 9768 0300 

  0x000001df666e9150: ;   {runtime_call SafepointBlob}
  0x000001df666e9150: 00e9 2afe | 2907 9090 | 498b 87e0 | 0300 0049 | c787 e003 | 0000 0000 | 0000 49c7 | 87e8 0300 
  0x000001df666e9170: 0000 0000 | 0048 83c4 

  0x000001df666e9178: ;   {runtime_call unwind_exception Runtime1 stub}
  0x000001df666e9178: 705d e981 | dd33 07f4 
[Stub Code]
  0x000001df666e9180: ;   {no_reloc}
  0x000001df666e9180: 0f1f 4400 

  0x000001df666e9184: ;   {static_stub}
  0x000001df666e9184: 0048 bb00 | 0000 0000 

  0x000001df666e918c: ;   {runtime_call}
  0x000001df666e918c: 0000 00e9 | fbff ffff 

  0x000001df666e9194: ;   {static_stub}
  0x000001df666e9194: 9048 bb00 | 0000 0000 

  0x000001df666e919c: ;   {runtime_call}
  0x000001df666e919c: 0000 00e9 | fbff ffff 
[Exception Handler]
  0x000001df666e91a4: ;   {runtime_call handle_exception_from_callee Runtime1 stub}
  0x000001df666e91a4: e8d7 1e34 

  0x000001df666e91a8: ;   {external_word}
  0x000001df666e91a8: 0748 b940 | ea4d 15fb | 7f00 0048 

  0x000001df666e91b4: ;   {runtime_call}
  0x000001df666e91b4: 83e4 f049 | ba90 5316 | 15fb 7f00 | 0041 ffd2 

  0x000001df666e91c4: ;   {section_word}
  0x000001df666e91c4: f449 bac5 | 916e 66df | 0100 0041 

  0x000001df666e91d0: ;   {runtime_call DeoptimizationBlob}
  0x000001df666e91d0: 52e9 4a12 | 2a07 f4f4 
[/MachCode]


---------------  P R O C E S S  ---------------

Threads class SMR info:
_java_thread_list=0x000001df49ad4a50, length=22, elements={
0x000001df5cbde990, 0x000001df7f866a30, 0x000001df7f8675f0, 0x000001df7f8a8700,
0x000001df7f8837b0, 0x000001df7f884170, 0x000001df7f884b30, 0x000001df7f8858d0,
0x000001df7f888fb0, 0x000001df7f88fde0, 0x000001df7f853130, 0x000001df025be5b0,
0x000001df02632340, 0x000001df48649b50, 0x000001df4866b850, 0x000001df4862e160,
0x000001df48746370, 0x000001df48766a00, 0x000001df48766ee0, 0x000001df487af190,
0x000001df487655c0, 0x000001df49822e90
}

Java Threads: ( => current thread )
  0x000001df5cbde990 JavaThread "main" [_thread_in_vm, id=2564, stack(0x0000002f37c00000,0x0000002f37d00000)]
  0x000001df7f866a30 JavaThread "Reference Handler" daemon [_thread_blocked, id=6728, stack(0x0000002f38300000,0x0000002f38400000)]
  0x000001df7f8675f0 JavaThread "Finalizer" daemon [_thread_blocked, id=12456, stack(0x0000002f38400000,0x0000002f38500000)]
  0x000001df7f8a8700 JavaThread "Signal Dispatcher" daemon [_thread_blocked, id=5356, stack(0x0000002f38500000,0x0000002f38600000)]
  0x000001df7f8837b0 JavaThread "Attach Listener" daemon [_thread_blocked, id=6592, stack(0x0000002f38600000,0x0000002f38700000)]
  0x000001df7f884170 JavaThread "Service Thread" daemon [_thread_blocked, id=18076, stack(0x0000002f38700000,0x0000002f38800000)]
  0x000001df7f884b30 JavaThread "Monitor Deflation Thread" daemon [_thread_blocked, id=11548, stack(0x0000002f38800000,0x0000002f38900000)]
  0x000001df7f8858d0 JavaThread "C2 CompilerThread0" daemon [_thread_in_native, id=2960, stack(0x0000002f38900000,0x0000002f38a00000)]
  0x000001df7f888fb0 JavaThread "C1 CompilerThread0" daemon [_thread_blocked, id=5792, stack(0x0000002f38a00000,0x0000002f38b00000)]
  0x000001df7f88fde0 JavaThread "Sweeper thread" daemon [_thread_blocked, id=13972, stack(0x0000002f38b00000,0x0000002f38c00000)]
  0x000001df7f853130 JavaThread "Common-Cleaner" daemon [_thread_blocked, id=12328, stack(0x0000002f38c00000,0x0000002f38d00000)]
  0x000001df025be5b0 JavaThread "C2 CompilerThread1" daemon [_thread_in_native, id=14016, stack(0x0000002f38d00000,0x0000002f38e00000)]
  0x000001df02632340 JavaThread "Notification Thread" daemon [_thread_blocked, id=9376, stack(0x0000002f38e00000,0x0000002f38f00000)]
  0x000001df48649b50 JavaThread "RMI TCP Accept-0" daemon [_thread_in_native, id=13508, stack(0x0000002f38f00000,0x0000002f39000000)]
  0x000001df4866b850 JavaThread "RMI TCP Accept-45556" daemon [_thread_in_native, id=3872, stack(0x0000002f39000000,0x0000002f39100000)]
  0x000001df4862e160 JavaThread "RMI TCP Accept-0" daemon [_thread_in_native, id=9684, stack(0x0000002f39100000,0x0000002f39200000)]
  0x000001df48746370 JavaThread "RMI TCP Connection(1)-127.0.0.1" daemon [_thread_in_native, id=11808, stack(0x0000002f39300000,0x0000002f39400000)]
  0x000001df48766a00 JavaThread "RMI Scheduler(0)" daemon [_thread_blocked, id=1876, stack(0x0000002f39400000,0x0000002f39500000)]
  0x000001df48766ee0 JavaThread "RMI TCP Connection(2)-127.0.0.1" daemon [_thread_in_native, id=15080, stack(0x0000002f39500000,0x0000002f39600000)]
  0x000001df487af190 JavaThread "C2 CompilerThread2" daemon [_thread_in_native, id=8116, stack(0x0000002f39600000,0x0000002f39700000)]
  0x000001df487655c0 JavaThread "JMX server connection timeout 22" daemon [_thread_blocked, id=12300, stack(0x0000002f39700000,0x0000002f39800000)]
=>0x000001df49822e90 JavaThread "background-preinit" [_thread_in_vm, id=17020, stack(0x0000002f3a200000,0x0000002f3a300000)]

Other Threads:
  0x000001df7f863500 VMThread "VM Thread" [stack: 0x0000002f38200000,0x0000002f38300000] [id=2096]
  0x000001df5e4f8710 WatcherThread [stack: 0x0000002f39200000,0x0000002f39300000] [id=5740]
  0x000001df5e56bbb0 GCTaskThread "GC Thread#0" [stack: 0x0000002f37d00000,0x0000002f37e00000] [id=15832]
  0x000001df48c4f100 GCTaskThread "GC Thread#1" [stack: 0x0000002f39800000,0x0000002f39900000] [id=17288]
  0x000001df48c4f3c0 GCTaskThread "GC Thread#2" [stack: 0x0000002f39900000,0x0000002f39a00000] [id=3996]
  0x000001df48f576a0 GCTaskThread "GC Thread#3" [stack: 0x0000002f39a00000,0x0000002f39b00000] [id=11360]
  0x000001df48ee4a10 GCTaskThread "GC Thread#4" [stack: 0x0000002f39b00000,0x0000002f39c00000] [id=16204]
  0x000001df48ee4cd0 GCTaskThread "GC Thread#5" [stack: 0x0000002f39c00000,0x0000002f39d00000] [id=11060]
  0x000001df48b69750 GCTaskThread "GC Thread#6" [stack: 0x0000002f39d00000,0x0000002f39e00000] [id=11840]
  0x000001df48b69a10 GCTaskThread "GC Thread#7" [stack: 0x0000002f39e00000,0x0000002f39f00000] [id=5988]
  0x000001df491c2ae0 GCTaskThread "GC Thread#8" [stack: 0x0000002f3a000000,0x0000002f3a100000] [id=4116]
  0x000001df49829b20 GCTaskThread "GC Thread#9" [stack: 0x0000002f3a100000,0x0000002f3a200000] [id=4112]
  0x000001df7f6cff80 ConcurrentGCThread "G1 Main Marker" [stack: 0x0000002f37e00000,0x0000002f37f00000] [id=8816]
  0x000001df7f6d0840 ConcurrentGCThread "G1 Conc#0" [stack: 0x0000002f37f00000,0x0000002f38000000] [id=2344]
  0x000001df7f79a280 ConcurrentGCThread "G1 Refine#0" [stack: 0x0000002f38000000,0x0000002f38100000] [id=7648]
  0x000001df48d57610 ConcurrentGCThread "G1 Refine#1" [stack: 0x0000002f39f00000,0x0000002f3a000000] [id=15316]
  0x000001df7f79ab50 ConcurrentGCThread "G1 Service" [stack: 0x0000002f38100000,0x0000002f38200000] [id=1132]

Threads with active compile tasks:
C2 CompilerThread0     1306 1971       4       jdk.internal.org.objectweb.asm.Frame::execute (2305 bytes)
C2 CompilerThread1     1306 1989       4       org.springframework.boot.context.properties.source.ConfigurationPropertyName$ElementsParser::parse (234 bytes)
C2 CompilerThread2     1306 2179   !   4       java.net.URL::<init> (543 bytes)

VM state: not at safepoint (normal execution)

VM Mutex/Monitor currently owned by a thread: None

Heap address: 0x0000000703600000, size: 4042 MB, Compressed Oops mode: Zero based, Oop shift amount: 3

CDS archive(s) mapped at: [0x000001df03000000-0x000001df03bb0000-0x000001df03bb0000), size 12255232, SharedBaseAddress: 0x000001df03000000, ArchiveRelocationMode: 1.
Compressed class space mapped at: 0x000001df04000000-0x000001df44000000, reserved size: 1073741824
Narrow klass base: 0x000001df03000000, Narrow klass shift: 0, Narrow klass range: 0x100000000

GC Precious Log:
 CPUs: 12 total, 12 available
 Memory: 16163M
 Large Page Support: Disabled
 NUMA Support: Disabled
 Compressed Oops: Enabled (Zero based)
 Heap Region Size: 2M
 Heap Min Capacity: 8M
 Heap Initial Capacity: 254M
 Heap Max Capacity: 4042M
 Pre-touch: Disabled
 Parallel Workers: 10
 Concurrent Workers: 3
 Concurrent Refinement Workers: 10
 Periodic GC: Disabled

Heap:
 garbage-first heap   total 260096K, used 30605K [0x0000000703600000, 0x0000000800000000)
  region size 2048K, 11 young (22528K), 1 survivors (2048K)
 Metaspace       used 15097K, committed 15424K, reserved 1114112K
  class space    used 1946K, committed 2112K, reserved 1048576K

Heap Regions: E=young(eden), S=young(survivor), O=old, HS=humongous(starts), HC=humongous(continues), CS=collection set, F=free, OA=open archive, CA=closed archive, TAMS=top-at-mark-start (previous, next)
|   0|0x0000000703600000, 0x0000000703800000, 0x0000000703800000|100%|HS|  |TAMS 0x0000000703600000, 0x0000000703600000| Complete 
|   1|0x0000000703800000, 0x0000000703a00000, 0x0000000703a00000|100%| O|  |TAMS 0x0000000703800000, 0x0000000703800000| Untracked 
|   2|0x0000000703a00000, 0x0000000703c00000, 0x0000000703c00000|100%| O|  |TAMS 0x0000000703a00000, 0x0000000703a00000| Untracked 
|   3|0x0000000703c00000, 0x0000000703e00000, 0x0000000703e00000|100%| O|  |TAMS 0x0000000703c00000, 0x0000000703c00000| Untracked 
|   4|0x0000000703e00000, 0x0000000704000000, 0x0000000704000000|100%| O|  |TAMS 0x0000000703e00000, 0x0000000703e00000| Untracked 
|   5|0x0000000704000000, 0x0000000704036800, 0x0000000704200000| 10%| O|  |TAMS 0x0000000704000000, 0x0000000704000000| Untracked 
|   6|0x0000000704200000, 0x0000000704200000, 0x0000000704400000|  0%| F|  |TAMS 0x0000000704200000, 0x0000000704200000| Untracked 
|   7|0x0000000704400000, 0x0000000704400000, 0x0000000704600000|  0%| F|  |TAMS 0x0000000704400000, 0x0000000704400000| Untracked 
|   8|0x0000000704600000, 0x0000000704600000, 0x0000000704800000|  0%| F|  |TAMS 0x0000000704600000, 0x0000000704600000| Untracked 
|   9|0x0000000704800000, 0x0000000704800000, 0x0000000704a00000|  0%| F|  |TAMS 0x0000000704800000, 0x0000000704800000| Untracked 
|  10|0x0000000704a00000, 0x0000000704a00000, 0x0000000704c00000|  0%| F|  |TAMS 0x0000000704a00000, 0x0000000704a00000| Untracked 
|  11|0x0000000704c00000, 0x0000000704c00000, 0x0000000704e00000|  0%| F|  |TAMS 0x0000000704c00000, 0x0000000704c00000| Untracked 
|  12|0x0000000704e00000, 0x0000000704e00000, 0x0000000705000000|  0%| F|  |TAMS 0x0000000704e00000, 0x0000000704e00000| Untracked 
|  13|0x0000000705000000, 0x0000000705000000, 0x0000000705200000|  0%| F|  |TAMS 0x0000000705000000, 0x0000000705000000| Untracked 
|  14|0x0000000705200000, 0x0000000705200000, 0x0000000705400000|  0%| F|  |TAMS 0x0000000705200000, 0x0000000705200000| Untracked 
|  15|0x0000000705400000, 0x0000000705400000, 0x0000000705600000|  0%| F|  |TAMS 0x0000000705400000, 0x0000000705400000| Untracked 
|  16|0x0000000705600000, 0x0000000705600000, 0x0000000705800000|  0%| F|  |TAMS 0x0000000705600000, 0x0000000705600000| Untracked 
|  17|0x0000000705800000, 0x0000000705800000, 0x0000000705a00000|  0%| F|  |TAMS 0x0000000705800000, 0x0000000705800000| Untracked 
|  18|0x0000000705a00000, 0x0000000705a00000, 0x0000000705c00000|  0%| F|  |TAMS 0x0000000705a00000, 0x0000000705a00000| Untracked 
|  19|0x0000000705c00000, 0x0000000705c00000, 0x0000000705e00000|  0%| F|  |TAMS 0x0000000705c00000, 0x0000000705c00000| Untracked 
|  20|0x0000000705e00000, 0x0000000705e00000, 0x0000000706000000|  0%| F|  |TAMS 0x0000000705e00000, 0x0000000705e00000| Untracked 
|  21|0x0000000706000000, 0x0000000706000000, 0x0000000706200000|  0%| F|  |TAMS 0x0000000706000000, 0x0000000706000000| Untracked 
|  22|0x0000000706200000, 0x0000000706200000, 0x0000000706400000|  0%| F|  |TAMS 0x0000000706200000, 0x0000000706200000| Untracked 
|  23|0x0000000706400000, 0x0000000706400000, 0x0000000706600000|  0%| F|  |TAMS 0x0000000706400000, 0x0000000706400000| Untracked 
|  24|0x0000000706600000, 0x0000000706600000, 0x0000000706800000|  0%| F|  |TAMS 0x0000000706600000, 0x0000000706600000| Untracked 
|  25|0x0000000706800000, 0x0000000706800000, 0x0000000706a00000|  0%| F|  |TAMS 0x0000000706800000, 0x0000000706800000| Untracked 
|  26|0x0000000706a00000, 0x0000000706a00000, 0x0000000706c00000|  0%| F|  |TAMS 0x0000000706a00000, 0x0000000706a00000| Untracked 
|  27|0x0000000706c00000, 0x0000000706c00000, 0x0000000706e00000|  0%| F|  |TAMS 0x0000000706c00000, 0x0000000706c00000| Untracked 
|  28|0x0000000706e00000, 0x0000000706e00000, 0x0000000707000000|  0%| F|  |TAMS 0x0000000706e00000, 0x0000000706e00000| Untracked 
|  29|0x0000000707000000, 0x0000000707000000, 0x0000000707200000|  0%| F|  |TAMS 0x0000000707000000, 0x0000000707000000| Untracked 
|  30|0x0000000707200000, 0x0000000707200000, 0x0000000707400000|  0%| F|  |TAMS 0x0000000707200000, 0x0000000707200000| Untracked 
|  31|0x0000000707400000, 0x0000000707400000, 0x0000000707600000|  0%| F|  |TAMS 0x0000000707400000, 0x0000000707400000| Untracked 
|  32|0x0000000707600000, 0x0000000707600000, 0x0000000707800000|  0%| F|  |TAMS 0x0000000707600000, 0x0000000707600000| Untracked 
|  33|0x0000000707800000, 0x0000000707800000, 0x0000000707a00000|  0%| F|  |TAMS 0x0000000707800000, 0x0000000707800000| Untracked 
|  34|0x0000000707a00000, 0x0000000707a00000, 0x0000000707c00000|  0%| F|  |TAMS 0x0000000707a00000, 0x0000000707a00000| Untracked 
|  35|0x0000000707c00000, 0x0000000707c00000, 0x0000000707e00000|  0%| F|  |TAMS 0x0000000707c00000, 0x0000000707c00000| Untracked 
|  36|0x0000000707e00000, 0x0000000707e00000, 0x0000000708000000|  0%| F|  |TAMS 0x0000000707e00000, 0x0000000707e00000| Untracked 
|  37|0x0000000708000000, 0x0000000708000000, 0x0000000708200000|  0%| F|  |TAMS 0x0000000708000000, 0x0000000708000000| Untracked 
|  38|0x0000000708200000, 0x0000000708200000, 0x0000000708400000|  0%| F|  |TAMS 0x0000000708200000, 0x0000000708200000| Untracked 
|  39|0x0000000708400000, 0x0000000708400000, 0x0000000708600000|  0%| F|  |TAMS 0x0000000708400000, 0x0000000708400000| Untracked 
|  40|0x0000000708600000, 0x0000000708600000, 0x0000000708800000|  0%| F|  |TAMS 0x0000000708600000, 0x0000000708600000| Untracked 
|  41|0x0000000708800000, 0x0000000708800000, 0x0000000708a00000|  0%| F|  |TAMS 0x0000000708800000, 0x0000000708800000| Untracked 
|  42|0x0000000708a00000, 0x0000000708a00000, 0x0000000708c00000|  0%| F|  |TAMS 0x0000000708a00000, 0x0000000708a00000| Untracked 
|  43|0x0000000708c00000, 0x0000000708c00000, 0x0000000708e00000|  0%| F|  |TAMS 0x0000000708c00000, 0x0000000708c00000| Untracked 
|  44|0x0000000708e00000, 0x0000000708e00000, 0x0000000709000000|  0%| F|  |TAMS 0x0000000708e00000, 0x0000000708e00000| Untracked 
|  45|0x0000000709000000, 0x0000000709000000, 0x0000000709200000|  0%| F|  |TAMS 0x0000000709000000, 0x0000000709000000| Untracked 
|  46|0x0000000709200000, 0x0000000709200000, 0x0000000709400000|  0%| F|  |TAMS 0x0000000709200000, 0x0000000709200000| Untracked 
|  47|0x0000000709400000, 0x0000000709400000, 0x0000000709600000|  0%| F|  |TAMS 0x0000000709400000, 0x0000000709400000| Untracked 
|  48|0x0000000709600000, 0x0000000709600000, 0x0000000709800000|  0%| F|  |TAMS 0x0000000709600000, 0x0000000709600000| Untracked 
|  49|0x0000000709800000, 0x0000000709800000, 0x0000000709a00000|  0%| F|  |TAMS 0x0000000709800000, 0x0000000709800000| Untracked 
|  50|0x0000000709a00000, 0x0000000709a00000, 0x0000000709c00000|  0%| F|  |TAMS 0x0000000709a00000, 0x0000000709a00000| Untracked 
|  51|0x0000000709c00000, 0x0000000709c00000, 0x0000000709e00000|  0%| F|  |TAMS 0x0000000709c00000, 0x0000000709c00000| Untracked 
|  52|0x0000000709e00000, 0x0000000709e00000, 0x000000070a000000|  0%| F|  |TAMS 0x0000000709e00000, 0x0000000709e00000| Untracked 
|  53|0x000000070a000000, 0x000000070a000000, 0x000000070a200000|  0%| F|  |TAMS 0x000000070a000000, 0x000000070a000000| Untracked 
|  54|0x000000070a200000, 0x000000070a200000, 0x000000070a400000|  0%| F|  |TAMS 0x000000070a200000, 0x000000070a200000| Untracked 
|  55|0x000000070a400000, 0x000000070a400000, 0x000000070a600000|  0%| F|  |TAMS 0x000000070a400000, 0x000000070a400000| Untracked 
|  56|0x000000070a600000, 0x000000070a600000, 0x000000070a800000|  0%| F|  |TAMS 0x000000070a600000, 0x000000070a600000| Untracked 
|  57|0x000000070a800000, 0x000000070a800000, 0x000000070aa00000|  0%| F|  |TAMS 0x000000070a800000, 0x000000070a800000| Untracked 
|  58|0x000000070aa00000, 0x000000070aa00000, 0x000000070ac00000|  0%| F|  |TAMS 0x000000070aa00000, 0x000000070aa00000| Untracked 
|  59|0x000000070ac00000, 0x000000070ac00000, 0x000000070ae00000|  0%| F|  |TAMS 0x000000070ac00000, 0x000000070ac00000| Untracked 
|  60|0x000000070ae00000, 0x000000070ae00000, 0x000000070b000000|  0%| F|  |TAMS 0x000000070ae00000, 0x000000070ae00000| Untracked 
|  61|0x000000070b000000, 0x000000070b000000, 0x000000070b200000|  0%| F|  |TAMS 0x000000070b000000, 0x000000070b000000| Untracked 
|  62|0x000000070b200000, 0x000000070b200000, 0x000000070b400000|  0%| F|  |TAMS 0x000000070b200000, 0x000000070b200000| Untracked 
|  63|0x000000070b400000, 0x000000070b400000, 0x000000070b600000|  0%| F|  |TAMS 0x000000070b400000, 0x000000070b400000| Untracked 
|  64|0x000000070b600000, 0x000000070b600000, 0x000000070b800000|  0%| F|  |TAMS 0x000000070b600000, 0x000000070b600000| Untracked 
|  65|0x000000070b800000, 0x000000070b800000, 0x000000070ba00000|  0%| F|  |TAMS 0x000000070b800000, 0x000000070b800000| Untracked 
|  66|0x000000070ba00000, 0x000000070ba00000, 0x000000070bc00000|  0%| F|  |TAMS 0x000000070ba00000, 0x000000070ba00000| Untracked 
|  67|0x000000070bc00000, 0x000000070bc00000, 0x000000070be00000|  0%| F|  |TAMS 0x000000070bc00000, 0x000000070bc00000| Untracked 
|  68|0x000000070be00000, 0x000000070be00000, 0x000000070c000000|  0%| F|  |TAMS 0x000000070be00000, 0x000000070be00000| Untracked 
|  69|0x000000070c000000, 0x000000070c000000, 0x000000070c200000|  0%| F|  |TAMS 0x000000070c000000, 0x000000070c000000| Untracked 
|  70|0x000000070c200000, 0x000000070c200000, 0x000000070c400000|  0%| F|  |TAMS 0x000000070c200000, 0x000000070c200000| Untracked 
|  71|0x000000070c400000, 0x000000070c400000, 0x000000070c600000|  0%| F|  |TAMS 0x000000070c400000, 0x000000070c400000| Untracked 
|  72|0x000000070c600000, 0x000000070c600000, 0x000000070c800000|  0%| F|  |TAMS 0x000000070c600000, 0x000000070c600000| Untracked 
|  73|0x000000070c800000, 0x000000070c800000, 0x000000070ca00000|  0%| F|  |TAMS 0x000000070c800000, 0x000000070c800000| Untracked 
|  74|0x000000070ca00000, 0x000000070ca00000, 0x000000070cc00000|  0%| F|  |TAMS 0x000000070ca00000, 0x000000070ca00000| Untracked 
|  75|0x000000070cc00000, 0x000000070cc00000, 0x000000070ce00000|  0%| F|  |TAMS 0x000000070cc00000, 0x000000070cc00000| Untracked 
|  76|0x000000070ce00000, 0x000000070ce00000, 0x000000070d000000|  0%| F|  |TAMS 0x000000070ce00000, 0x000000070ce00000| Untracked 
|  77|0x000000070d000000, 0x000000070d000000, 0x000000070d200000|  0%| F|  |TAMS 0x000000070d000000, 0x000000070d000000| Untracked 
|  78|0x000000070d200000, 0x000000070d200000, 0x000000070d400000|  0%| F|  |TAMS 0x000000070d200000, 0x000000070d200000| Untracked 
|  79|0x000000070d400000, 0x000000070d400000, 0x000000070d600000|  0%| F|  |TAMS 0x000000070d400000, 0x000000070d400000| Untracked 
|  80|0x000000070d600000, 0x000000070d600000, 0x000000070d800000|  0%| F|  |TAMS 0x000000070d600000, 0x000000070d600000| Untracked 
|  81|0x000000070d800000, 0x000000070d800000, 0x000000070da00000|  0%| F|  |TAMS 0x000000070d800000, 0x000000070d800000| Untracked 
|  82|0x000000070da00000, 0x000000070da00000, 0x000000070dc00000|  0%| F|  |TAMS 0x000000070da00000, 0x000000070da00000| Untracked 
|  83|0x000000070dc00000, 0x000000070dc00000, 0x000000070de00000|  0%| F|  |TAMS 0x000000070dc00000, 0x000000070dc00000| Untracked 
|  84|0x000000070de00000, 0x000000070de00000, 0x000000070e000000|  0%| F|  |TAMS 0x000000070de00000, 0x000000070de00000| Untracked 
|  85|0x000000070e000000, 0x000000070e000000, 0x000000070e200000|  0%| F|  |TAMS 0x000000070e000000, 0x000000070e000000| Untracked 
|  86|0x000000070e200000, 0x000000070e200000, 0x000000070e400000|  0%| F|  |TAMS 0x000000070e200000, 0x000000070e200000| Untracked 
|  87|0x000000070e400000, 0x000000070e400000, 0x000000070e600000|  0%| F|  |TAMS 0x000000070e400000, 0x000000070e400000| Untracked 
|  88|0x000000070e600000, 0x000000070e600000, 0x000000070e800000|  0%| F|  |TAMS 0x000000070e600000, 0x000000070e600000| Untracked 
|  89|0x000000070e800000, 0x000000070e800000, 0x000000070ea00000|  0%| F|  |TAMS 0x000000070e800000, 0x000000070e800000| Untracked 
|  90|0x000000070ea00000, 0x000000070ea00000, 0x000000070ec00000|  0%| F|  |TAMS 0x000000070ea00000, 0x000000070ea00000| Untracked 
|  91|0x000000070ec00000, 0x000000070ec00000, 0x000000070ee00000|  0%| F|  |TAMS 0x000000070ec00000, 0x000000070ec00000| Untracked 
|  92|0x000000070ee00000, 0x000000070ee00000, 0x000000070f000000|  0%| F|  |TAMS 0x000000070ee00000, 0x000000070ee00000| Untracked 
|  93|0x000000070f000000, 0x000000070f000000, 0x000000070f200000|  0%| F|  |TAMS 0x000000070f000000, 0x000000070f000000| Untracked 
|  94|0x000000070f200000, 0x000000070f200000, 0x000000070f400000|  0%| F|  |TAMS 0x000000070f200000, 0x000000070f200000| Untracked 
|  95|0x000000070f400000, 0x000000070f400000, 0x000000070f600000|  0%| F|  |TAMS 0x000000070f400000, 0x000000070f400000| Untracked 
|  96|0x000000070f600000, 0x000000070f600000, 0x000000070f800000|  0%| F|  |TAMS 0x000000070f600000, 0x000000070f600000| Untracked 
|  97|0x000000070f800000, 0x000000070f800000, 0x000000070fa00000|  0%| F|  |TAMS 0x000000070f800000, 0x000000070f800000| Untracked 
|  98|0x000000070fa00000, 0x000000070fa00000, 0x000000070fc00000|  0%| F|  |TAMS 0x000000070fa00000, 0x000000070fa00000| Untracked 
|  99|0x000000070fc00000, 0x000000070fc00000, 0x000000070fe00000|  0%| F|  |TAMS 0x000000070fc00000, 0x000000070fc00000| Untracked 
| 100|0x000000070fe00000, 0x000000070fe00000, 0x0000000710000000|  0%| F|  |TAMS 0x000000070fe00000, 0x000000070fe00000| Untracked 
| 101|0x0000000710000000, 0x0000000710000000, 0x0000000710200000|  0%| F|  |TAMS 0x0000000710000000, 0x0000000710000000| Untracked 
| 102|0x0000000710200000, 0x0000000710200000, 0x0000000710400000|  0%| F|  |TAMS 0x0000000710200000, 0x0000000710200000| Untracked 
| 103|0x0000000710400000, 0x0000000710400000, 0x0000000710600000|  0%| F|  |TAMS 0x0000000710400000, 0x0000000710400000| Untracked 
| 104|0x0000000710600000, 0x0000000710600000, 0x0000000710800000|  0%| F|  |TAMS 0x0000000710600000, 0x0000000710600000| Untracked 
| 105|0x0000000710800000, 0x0000000710800000, 0x0000000710a00000|  0%| F|  |TAMS 0x0000000710800000, 0x0000000710800000| Untracked 
| 106|0x0000000710a00000, 0x0000000710a00000, 0x0000000710c00000|  0%| F|  |TAMS 0x0000000710a00000, 0x0000000710a00000| Untracked 
| 107|0x0000000710c00000, 0x0000000710c00000, 0x0000000710e00000|  0%| F|  |TAMS 0x0000000710c00000, 0x0000000710c00000| Untracked 
| 108|0x0000000710e00000, 0x0000000710e00000, 0x0000000711000000|  0%| F|  |TAMS 0x0000000710e00000, 0x0000000710e00000| Untracked 
| 109|0x0000000711000000, 0x0000000711000000, 0x0000000711200000|  0%| F|  |TAMS 0x0000000711000000, 0x0000000711000000| Untracked 
| 110|0x0000000711200000, 0x0000000711200000, 0x0000000711400000|  0%| F|  |TAMS 0x0000000711200000, 0x0000000711200000| Untracked 
| 111|0x0000000711400000, 0x0000000711400000, 0x0000000711600000|  0%| F|  |TAMS 0x0000000711400000, 0x0000000711400000| Untracked 
| 112|0x0000000711600000, 0x0000000711600000, 0x0000000711800000|  0%| F|  |TAMS 0x0000000711600000, 0x0000000711600000| Untracked 
| 113|0x0000000711800000, 0x0000000711800000, 0x0000000711a00000|  0%| F|  |TAMS 0x0000000711800000, 0x0000000711800000| Untracked 
| 114|0x0000000711a00000, 0x0000000711a00000, 0x0000000711c00000|  0%| F|  |TAMS 0x0000000711a00000, 0x0000000711a00000| Untracked 
| 115|0x0000000711c00000, 0x0000000711c00000, 0x0000000711e00000|  0%| F|  |TAMS 0x0000000711c00000, 0x0000000711c00000| Untracked 
| 116|0x0000000711e00000, 0x0000000711f7f568, 0x0000000712000000| 74%| E|  |TAMS 0x0000000711e00000, 0x0000000711e00000| Complete 
| 117|0x0000000712000000, 0x0000000712200000, 0x0000000712200000|100%| E|CS|TAMS 0x0000000712000000, 0x0000000712000000| Complete 
| 118|0x0000000712200000, 0x00000007123acd50, 0x0000000712400000| 83%| S|CS|TAMS 0x0000000712200000, 0x0000000712200000| Complete 
| 119|0x0000000712400000, 0x0000000712600000, 0x0000000712600000|100%| E|CS|TAMS 0x0000000712400000, 0x0000000712400000| Complete 
| 120|0x0000000712600000, 0x0000000712800000, 0x0000000712800000|100%| E|CS|TAMS 0x0000000712600000, 0x0000000712600000| Complete 
| 121|0x0000000712800000, 0x0000000712a00000, 0x0000000712a00000|100%| E|CS|TAMS 0x0000000712800000, 0x0000000712800000| Complete 
| 122|0x0000000712a00000, 0x0000000712c00000, 0x0000000712c00000|100%| E|CS|TAMS 0x0000000712a00000, 0x0000000712a00000| Complete 
| 123|0x0000000712c00000, 0x0000000712e00000, 0x0000000712e00000|100%| E|CS|TAMS 0x0000000712c00000, 0x0000000712c00000| Complete 
| 124|0x0000000712e00000, 0x0000000713000000, 0x0000000713000000|100%| E|CS|TAMS 0x0000000712e00000, 0x0000000712e00000| Complete 
| 125|0x0000000713000000, 0x0000000713200000, 0x0000000713200000|100%| E|CS|TAMS 0x0000000713000000, 0x0000000713000000| Complete 
| 126|0x0000000713200000, 0x0000000713400000, 0x0000000713400000|100%| E|CS|TAMS 0x0000000713200000, 0x0000000713200000| Complete 

Card table byte_map: [0x000001df76880000,0x000001df77070000] _byte_map_base: 0x000001df73065000

Marking Bits (Prev, Next): (CMBitMap*) 0x000001df5e56c070, (CMBitMap*) 0x000001df5e56c0b0
 Prev Bits: [0x000001df77860000, 0x000001df7b788000)
 Next Bits: [0x000001df7b790000, 0x000001df7f6b8000)

Polling page: 0x000001df5e440000

Metaspace:

Usage:
  Non-class:     12.84 MB used.
      Class:      1.90 MB used.
       Both:     14.74 MB used.

Virtual space:
  Non-class space:       64.00 MB reserved,      13.00 MB ( 20%) committed,  1 nodes.
      Class space:        1.00 GB reserved,       2.06 MB ( <1%) committed,  1 nodes.
             Both:        1.06 GB reserved,      15.06 MB (  1%) committed. 

Chunk freelists:
   Non-Class:  2.92 MB
       Class:  13.86 MB
        Both:  16.78 MB

MaxMetaspaceSize: unlimited
CompressedClassSpaceSize: 1.00 GB
Initial GC threshold: 21.00 MB
Current GC threshold: 21.00 MB
CDS: on
MetaspaceReclaimPolicy: balanced
 - commit_granule_bytes: 65536.
 - commit_granule_words: 8192.
 - virtual_space_node_default_size: 8388608.
 - enlarge_chunks_in_place: 1.
 - new_chunks_are_fully_committed: 0.
 - uncommit_free_chunks: 1.
 - use_allocation_guard: 0.
 - handle_deallocations: 1.


Internal statistics:

num_allocs_failed_limit: 0.
num_arena_births: 302.
num_arena_deaths: 0.
num_vsnodes_births: 2.
num_vsnodes_deaths: 0.
num_space_committed: 241.
num_space_uncommitted: 0.
num_chunks_returned_to_freelist: 0.
num_chunks_taken_from_freelist: 701.
num_chunk_merges: 0.
num_chunk_splits: 421.
num_chunks_enlarged: 266.
num_inconsistent_stats: 0.

CodeHeap 'non-profiled nmethods': size=120000Kb used=881Kb max_used=881Kb free=119118Kb
 bounds [0x000001df6ded0000, 0x000001df6e140000, 0x000001df75400000]
CodeHeap 'profiled nmethods': size=120000Kb used=3973Kb max_used=3973Kb free=116026Kb
 bounds [0x000001df66400000, 0x000001df667f0000, 0x000001df6d930000]
CodeHeap 'non-nmethods': size=5760Kb used=1215Kb max_used=1233Kb free=4544Kb
 bounds [0x000001df6d930000, 0x000001df6dba0000, 0x000001df6ded0000]
 total_blobs=2679 nmethods=2177 adapters=414
 compilation: enabled
              stopped_count=0, restarted_count=0
 full_count=0

Compilation events (20 events):
Event: 1.220 Thread 0x000001df7f888fb0 2175       3       org.springframework.core.ResolvableType::equalsType (34 bytes)
Event: 1.220 Thread 0x000001df7f888fb0 nmethod 2175 0x000001df667d5d10 code [0x000001df667d5ec0, 0x000001df667d60f8]
Event: 1.220 Thread 0x000001df7f888fb0 2176       3       java.util.Collections::singleton (9 bytes)
Event: 1.220 Thread 0x000001df7f888fb0 nmethod 2176 0x000001df667d6210 code [0x000001df667d63c0, 0x000001df667d66d8]
Event: 1.220 Thread 0x000001df7f888fb0 2171   !   3       java.lang.invoke.AbstractValidatingLambdaMetafactory::<init> (559 bytes)
Event: 1.226 Thread 0x000001df487af190 nmethod 2172 0x000001df6dfab710 code [0x000001df6dfab8c0, 0x000001df6dfabfb8]
Event: 1.226 Thread 0x000001df487af190 2179   !   4       java.net.URL::<init> (543 bytes)
Event: 1.228 Thread 0x000001df7f888fb0 nmethod 2171 0x000001df667d6810 code [0x000001df667d71a0, 0x000001df667dd128]
Event: 1.228 Thread 0x000001df7f888fb0 2169       3       org.springframework.boot.context.properties.source.SpringConfigurationPropertySources$SourcesIterator::hasNext (13 bytes)
Event: 1.229 Thread 0x000001df7f888fb0 nmethod 2169 0x000001df667def90 code [0x000001df667df140, 0x000001df667df2c8]
Event: 1.229 Thread 0x000001df7f888fb0 2167       3       org.springframework.boot.context.properties.source.SpringIterableConfigurationPropertySource::updateMappings (20 bytes)
Event: 1.229 Thread 0x000001df7f888fb0 nmethod 2167 0x000001df667df390 code [0x000001df667df5c0, 0x000001df667dff08]
Event: 1.229 Thread 0x000001df7f888fb0 2177       1       java.security.PermissionCollection::isReadOnly (5 bytes)
Event: 1.230 Thread 0x000001df7f888fb0 nmethod 2177 0x000001df6dfac210 code [0x000001df6dfac3a0, 0x000001df6dfac478]
Event: 1.232 Thread 0x000001df7f888fb0 2180       3       java.util.BitSet::wordIndex (5 bytes)
Event: 1.232 Thread 0x000001df7f888fb0 nmethod 2180 0x000001df667e0210 code [0x000001df667e03a0, 0x000001df667e0498]
Event: 1.232 Thread 0x000001df7f888fb0 2181       3       java.util.BitSet::checkInvariants (111 bytes)
Event: 1.233 Thread 0x000001df7f888fb0 nmethod 2181 0x000001df667e0510 code [0x000001df667e06a0, 0x000001df667e07d8]
Event: 1.236 Thread 0x000001df7f888fb0 2182       3       java.util.BitSet::get (69 bytes)
Event: 1.236 Thread 0x000001df7f888fb0 nmethod 2182 0x000001df667e0890 code [0x000001df667e0ae0, 0x000001df667e12c8]

GC Heap History (4 events):
Event: 0.565 GC heap before
{Heap before GC invocations=0 (full 0):
 garbage-first heap   total 260096K, used 22528K [0x0000000703600000, 0x0000000800000000)
  region size 2048K, 11 young (22528K), 0 survivors (0K)
 Metaspace       used 6737K, committed 6976K, reserved 1114112K
  class space    used 753K, committed 832K, reserved 1048576K
}
Event: 0.571 GC heap after
{Heap after GC invocations=1 (full 0):
 garbage-first heap   total 260096K, used 10507K [0x0000000703600000, 0x0000000800000000)
  region size 2048K, 2 young (4096K), 2 survivors (4096K)
 Metaspace       used 6737K, committed 6976K, reserved 1114112K
  class space    used 753K, committed 832K, reserved 1048576K
}
Event: 0.900 GC heap before
{Heap before GC invocations=1 (full 0):
 garbage-first heap   total 260096K, used 26891K [0x0000000703600000, 0x0000000800000000)
  region size 2048K, 10 young (20480K), 2 survivors (4096K)
 Metaspace       used 11352K, committed 11584K, reserved 1114112K
  class space    used 1421K, committed 1536K, reserved 1048576K
}
Event: 0.904 GC heap after
{Heap after GC invocations=2 (full 0):
 garbage-first heap   total 260096K, used 12173K [0x0000000703600000, 0x0000000800000000)
  region size 2048K, 1 young (2048K), 1 survivors (2048K)
 Metaspace       used 11352K, committed 11584K, reserved 1114112K
  class space    used 1421K, committed 1536K, reserved 1048576K
}

Dll operation events (9 events):
Event: 0.012 Loaded shared library C:\Users\Jastin Pepeo\.jdks\corretto-17.0.13\bin\java.dll
Event: 0.026 Loaded shared library C:\Users\Jastin Pepeo\.jdks\corretto-17.0.13\bin\jsvml.dll
Event: 0.135 Loaded shared library C:\Users\Jastin Pepeo\.jdks\corretto-17.0.13\bin\jimage.dll
Event: 0.140 Loaded shared library C:\Users\Jastin Pepeo\.jdks\corretto-17.0.13\bin\net.dll
Event: 0.142 Loaded shared library C:\Users\Jastin Pepeo\.jdks\corretto-17.0.13\bin\nio.dll
Event: 0.144 Loaded shared library C:\Users\Jastin Pepeo\.jdks\corretto-17.0.13\bin\zip.dll
Event: 0.244 Loaded shared library C:\Users\Jastin Pepeo\.jdks\corretto-17.0.13\bin\management.dll
Event: 0.254 Loaded shared library C:\Users\Jastin Pepeo\.jdks\corretto-17.0.13\bin\management_ext.dll
Event: 0.431 Loaded shared library C:\Users\Jastin Pepeo\.jdks\corretto-17.0.13\bin\extnet.dll

Deoptimization events (20 events):
Event: 0.886 Thread 0x000001df5cbde990 DEOPT PACKING pc=0x000001df6df6fc9c sp=0x0000002f37cfded0
Event: 0.886 Thread 0x000001df5cbde990 DEOPT UNPACKING pc=0x000001df6d98a1a3 sp=0x0000002f37cfde08 mode 2
Event: 0.913 Thread 0x000001df5cbde990 DEOPT PACKING pc=0x000001df665e34ef sp=0x0000002f37cfe350
Event: 0.913 Thread 0x000001df5cbde990 DEOPT UNPACKING pc=0x000001df6d98ace3 sp=0x0000002f37cfd7d8 mode 0
Event: 1.043 Thread 0x000001df5cbde990 Uncommon trap: trap_request=0xffffff45 fr.pc=0x000001df6df242d8 relative=0x0000000000000238
Event: 1.043 Thread 0x000001df5cbde990 Uncommon trap: reason=unstable_if action=reinterpret pc=0x000001df6df242d8 method=java.util.HashMap.hash(Ljava/lang/Object;)I @ 1 c2
Event: 1.043 Thread 0x000001df5cbde990 DEOPT PACKING pc=0x000001df6df242d8 sp=0x0000002f37cfe250
Event: 1.043 Thread 0x000001df5cbde990 DEOPT UNPACKING pc=0x000001df6d98a1a3 sp=0x0000002f37cfe0e8 mode 2
Event: 1.085 Thread 0x000001df5cbde990 Uncommon trap: trap_request=0xffffff45 fr.pc=0x000001df6df49ff0 relative=0x0000000000001930
Event: 1.085 Thread 0x000001df5cbde990 Uncommon trap: reason=unstable_if action=reinterpret pc=0x000001df6df49ff0 method=java.util.jar.JarFile.getEntry(Ljava/lang/String;)Ljava/util/zip/ZipEntry; @ 15 c2
Event: 1.085 Thread 0x000001df5cbde990 DEOPT PACKING pc=0x000001df6df49ff0 sp=0x0000002f37cfc970
Event: 1.085 Thread 0x000001df5cbde990 DEOPT UNPACKING pc=0x000001df6d98a1a3 sp=0x0000002f37cfc8a0 mode 2
Event: 1.113 Thread 0x000001df5cbde990 Uncommon trap: trap_request=0xffffff45 fr.pc=0x000001df6dee3eb8 relative=0x0000000000000038
Event: 1.113 Thread 0x000001df5cbde990 Uncommon trap: reason=unstable_if action=reinterpret pc=0x000001df6dee3eb8 method=java.lang.StringLatin1.canEncode(I)Z @ 4 c2
Event: 1.113 Thread 0x000001df5cbde990 DEOPT PACKING pc=0x000001df6dee3eb8 sp=0x0000002f37cfd460
Event: 1.113 Thread 0x000001df5cbde990 DEOPT UNPACKING pc=0x000001df6d98a1a3 sp=0x0000002f37cfd3f0 mode 2
Event: 1.155 Thread 0x000001df5cbde990 Uncommon trap: trap_request=0xffffff76 fr.pc=0x000001df6df9fe10 relative=0x00000000000003d0
Event: 1.155 Thread 0x000001df5cbde990 Uncommon trap: reason=predicate action=maybe_recompile pc=0x000001df6df9fe10 method=java.util.AbstractCollection.toArray([Ljava/lang/Object;)[Ljava/lang/Object; @ 43 c2
Event: 1.155 Thread 0x000001df5cbde990 DEOPT PACKING pc=0x000001df6df9fe10 sp=0x0000002f37cfe1c0
Event: 1.155 Thread 0x000001df5cbde990 DEOPT UNPACKING pc=0x000001df6d98a1a3 sp=0x0000002f37cfe178 mode 2

Classes loaded (20 events):
Event: 1.209 Loading class java/util/stream/IntPipeline$4
Event: 1.209 Loading class java/util/stream/IntPipeline$4 done
Event: 1.209 Loading class java/util/stream/ForEachOps$ForEachOp$OfInt
Event: 1.209 Loading class java/util/stream/ForEachOps$ForEachOp$OfInt done
Event: 1.210 Loading class java/util/stream/IntPipeline$4$1
Event: 1.210 Loading class java/util/stream/IntPipeline$4$1 done
Event: 1.210 Loading class java/util/RegularEnumSet$EnumSetIterator
Event: 1.210 Loading class java/util/RegularEnumSet$EnumSetIterator done
Event: 1.223 Loading class java/io/Console
Event: 1.223 Loading class java/io/Console done
Event: 1.223 Loading class java/io/Console$2
Event: 1.223 Loading class jdk/internal/access/JavaIOAccess
Event: 1.223 Loading class jdk/internal/access/JavaIOAccess done
Event: 1.224 Loading class java/io/Console$2 done
Event: 1.224 Loading class java/io/Console$3
Event: 1.224 Loading class java/io/Console$3 done
Event: 1.225 Loading class java/io/Console$LineReader
Event: 1.225 Loading class java/io/Console$LineReader done
Event: 1.235 Loading class java/lang/StrictMath
Event: 1.235 Loading class java/lang/StrictMath done

Classes unloaded (0 events):
No events

Classes redefined (0 events):
No events

Internal exceptions (20 events):
Event: 1.055 Thread 0x000001df5cbde990 Exception <a 'java/lang/NoSuchMethodError'{0x0000000712c6c440}: 'java.lang.Object java.lang.invoke.DirectMethodHandle$Holder.invokeSpecial(java.lang.Object, java.lang.Object, java.lang.Object, java.lang.Object, java.lang.Object, java.lang.Object, int)'> (0x0000000712c6c440) 
thrown [s\src\hotspot\share\interpreter\linkResolver.cpp, line 759]
Event: 1.055 Thread 0x000001df5cbde990 Exception <a 'java/lang/NoSuchMethodError'{0x0000000712c769a8}: 'java.lang.Object java.lang.invoke.DirectMethodHandle$Holder.newInvokeSpecial(java.lang.Object, java.lang.Object, java.lang.Object, java.lang.Object, java.lang.Object, java.lang.Object, int)'> (0x0000000712c769a8) 
thrown [s\src\hotspot\share\interpreter\linkResolver.cpp, line 759]
Event: 1.056 Thread 0x000001df5cbde990 Exception <a 'java/lang/NoSuchMethodError'{0x0000000712c7b9e8}: 'java.lang.Object java.lang.invoke.DirectMethodHandle$Holder.invokeSpecial(java.lang.Object, java.lang.Object, java.lang.Object, java.lang.Object, java.lang.Object, java.lang.Object, java.lang.Object, int)'> (0x0000000712c7b9e8) 
thrown [s\src\hotspot\share\interpreter\linkResolver.cpp, line 759]
Event: 1.082 Thread 0x000001df5cbde990 Exception <a 'java/lang/NoSuchMethodError'{0x0000000712a67b10}: 'void java.lang.invoke.DirectMethodHandle$Holder.invokeSpecial(java.lang.Object, java.lang.Object, java.lang.Object, java.lang.Object, java.lang.Object)'> (0x0000000712a67b10) 
thrown [s\src\hotspot\share\interpreter\linkResolver.cpp, line 759]
Event: 1.119 Thread 0x000001df5cbde990 Exception <a 'java/lang/NoSuchMethodError'{0x000000071298bb40}: 'void java.lang.invoke.DirectMethodHandle$Holder.invokeSpecial(java.lang.Object, java.lang.Object, java.lang.Object, java.lang.Object, java.lang.Object, java.lang.Object)'> (0x000000071298bb40) 
thrown [s\src\hotspot\share\interpreter\linkResolver.cpp, line 759]
Event: 1.129 Thread 0x000001df5cbde990 Exception <a 'java/lang/NoSuchMethodError'{0x0000000712644c00}: 'java.lang.Object java.lang.invoke.DirectMethodHandle$Holder.invokeSpecial(java.lang.Object, java.lang.Object, java.lang.Object, int, java.lang.Object)'> (0x0000000712644c00) 
thrown [s\src\hotspot\share\interpreter\linkResolver.cpp, line 759]
Event: 1.130 Thread 0x000001df5cbde990 Exception <a 'java/lang/NoSuchMethodError'{0x000000071264d168}: 'java.lang.Object java.lang.invoke.DirectMethodHandle$Holder.newInvokeSpecial(java.lang.Object, java.lang.Object, java.lang.Object, int, java.lang.Object)'> (0x000000071264d168) 
thrown [s\src\hotspot\share\interpreter\linkResolver.cpp, line 759]
Event: 1.130 Thread 0x000001df5cbde990 Exception <a 'java/lang/NoSuchMethodError'{0x0000000712654b38}: 'java.lang.Object java.lang.invoke.Invokers$Holder.linkToTargetMethod(java.lang.Object, java.lang.Object, int, java.lang.Object, java.lang.Object)'> (0x0000000712654b38) 
thrown [s\src\hotspot\share\interpreter\linkResolver.cpp, line 759]
Event: 1.131 Thread 0x000001df5cbde990 Exception <a 'java/lang/NoSuchMethodError'{0x0000000712664a38}: 'java.lang.Object java.lang.invoke.DirectMethodHandle$Holder.newInvokeSpecial(java.lang.Object, int, java.lang.Object)'> (0x0000000712664a38) 
thrown [s\src\hotspot\share\interpreter\linkResolver.cpp, line 759]
Event: 1.131 Thread 0x000001df5cbde990 Exception <a 'java/lang/NoSuchMethodError'{0x0000000712668a08}: 'int java.lang.invoke.DirectMethodHandle$Holder.invokeSpecialIFC(java.lang.Object, java.lang.Object, java.lang.Object, java.lang.Object)'> (0x0000000712668a08) 
thrown [s\src\hotspot\share\interpreter\linkResolver.cpp, line 759]
Event: 1.145 Thread 0x000001df5cbde990 Exception <a 'java/lang/NoSuchMethodError'{0x0000000712778c98}: 'void java.lang.invoke.DirectMethodHandle$Holder.invokeInterface(java.lang.Object, java.lang.Object, java.lang.Object)'> (0x0000000712778c98) 
thrown [s\src\hotspot\share\interpreter\linkResolver.cpp, line 759]
Event: 1.161 Thread 0x000001df5cbde990 Exception <a 'java/lang/NoSuchMethodError'{0x0000000712440130}: 'void java.lang.invoke.DirectMethodHandle$Holder.invokeStaticInit(java.lang.Object, java.lang.Object, java.lang.Object)'> (0x0000000712440130) 
thrown [s\src\hotspot\share\interpreter\linkResolver.cpp, line 759]
Event: 1.164 Thread 0x000001df5cbde990 Exception <a 'java/lang/NoSuchMethodError'{0x000000071245c580}: 'java.lang.Object java.lang.invoke.DirectMethodHandle$Holder.invokeStatic(java.lang.Object, java.lang.Object, long, java.lang.Object)'> (0x000000071245c580) 
thrown [s\src\hotspot\share\interpreter\linkResolver.cpp, line 759]
Event: 1.164 Thread 0x000001df5cbde990 Exception <a 'java/lang/NoSuchMethodError'{0x0000000712460018}: 'java.lang.Object java.lang.invoke.DirectMethodHandle$Holder.invokeStaticInit(java.lang.Object, java.lang.Object, long, java.lang.Object)'> (0x0000000712460018) 
thrown [s\src\hotspot\share\interpreter\linkResolver.cpp, line 759]
Event: 1.164 Thread 0x000001df5cbde990 Exception <a 'java/lang/NoSuchMethodError'{0x0000000712466628}: 'java.lang.Object java.lang.invoke.DirectMethodHandle$Holder.newInvokeSpecial(java.lang.Object, java.lang.Object, long)'> (0x0000000712466628) 
thrown [s\src\hotspot\share\interpreter\linkResolver.cpp, line 759]
Event: 1.173 Thread 0x000001df5cbde990 Exception <a 'java/lang/NoSuchMethodError'{0x00000007124c2928}: 'java.lang.Object java.lang.invoke.DirectMethodHandle$Holder.newInvokeSpecial(java.lang.Object, java.lang.Object, java.lang.Object, java.lang.Object, java.lang.Object, java.lang.Object)'> (0x00000007124c2928) 
thrown [s\src\hotspot\share\interpreter\linkResolver.cpp, line 759]
Event: 1.186 Thread 0x000001df5cbde990 Exception <a 'java/lang/NoSuchMethodError'{0x0000000712537f58}: 'void java.lang.invoke.DirectMethodHandle$Holder.invokeSpecial(java.lang.Object, java.lang.Object, java.lang.Object)'> (0x0000000712537f58) 
thrown [s\src\hotspot\share\interpreter\linkResolver.cpp, line 759]
Event: 1.191 Thread 0x000001df5cbde990 Exception <a 'java/lang/NoSuchMethodError'{0x0000000712554b50}: 'java.lang.Object java.lang.invoke.DirectMethodHandle$Holder.invokeVirtual(java.lang.Object, java.lang.Object, java.lang.Object)'> (0x0000000712554b50) 
thrown [s\src\hotspot\share\interpreter\linkResolver.cpp, line 759]
Event: 1.209 Thread 0x000001df5cbde990 Exception <a 'java/lang/NoSuchMethodError'{0x000000071204ae98}: 'void java.lang.invoke.DirectMethodHandle$Holder.invokeStatic(java.lang.Object, java.lang.Object, int)'> (0x000000071204ae98) 
thrown [s\src\hotspot\share\interpreter\linkResolver.cpp, line 759]
Event: 1.217 Thread 0x000001df5cbde990 Exception <a 'java/lang/IncompatibleClassChangeError'{0x00000007120818e8}: Found class java.lang.Object, but interface was expected> (0x00000007120818e8) 
thrown [s\src\hotspot\share\interpreter\linkResolver.cpp, line 826]

VM Operations (20 events):
Event: 0.539 Executing VM operation: ICBufferFull
Event: 0.539 Executing VM operation: ICBufferFull done
Event: 0.564 Executing VM operation: G1CollectForAllocation
Event: 0.571 Executing VM operation: G1CollectForAllocation done
Event: 0.737 Executing VM operation: HandshakeAllThreads
Event: 0.737 Executing VM operation: HandshakeAllThreads done
Event: 0.759 Executing VM operation: HandshakeAllThreads
Event: 0.759 Executing VM operation: HandshakeAllThreads done
Event: 0.759 Executing VM operation: HandshakeAllThreads
Event: 0.759 Executing VM operation: HandshakeAllThreads done
Event: 0.764 Executing VM operation: HandshakeAllThreads
Event: 0.764 Executing VM operation: HandshakeAllThreads done
Event: 0.886 Executing VM operation: HandshakeAllThreads
Event: 0.886 Executing VM operation: HandshakeAllThreads done
Event: 0.900 Executing VM operation: G1CollectForAllocation
Event: 0.904 Executing VM operation: G1CollectForAllocation done
Event: 1.092 Executing VM operation: HandshakeAllThreads
Event: 1.092 Executing VM operation: HandshakeAllThreads done
Event: 1.183 Executing VM operation: ICBufferFull
Event: 1.183 Executing VM operation: ICBufferFull done

Memory protections (0 events):
No events

Nmethod flushes (0 events):
No events

Events (20 events):
Event: 0.029 Thread 0x000001df5cbde990 Thread added: 0x000001df7f8675f0
Event: 0.044 Thread 0x000001df5cbde990 Thread added: 0x000001df7f8a8700
Event: 0.044 Thread 0x000001df5cbde990 Thread added: 0x000001df7f8837b0
Event: 0.044 Thread 0x000001df5cbde990 Thread added: 0x000001df7f884170
Event: 0.044 Thread 0x000001df5cbde990 Thread added: 0x000001df7f884b30
Event: 0.044 Thread 0x000001df5cbde990 Thread added: 0x000001df7f8858d0
Event: 0.044 Thread 0x000001df5cbde990 Thread added: 0x000001df7f888fb0
Event: 0.044 Thread 0x000001df5cbde990 Thread added: 0x000001df7f88fde0
Event: 0.118 Thread 0x000001df5cbde990 Thread added: 0x000001df7f853130
Event: 0.126 Thread 0x000001df7f888fb0 Thread added: 0x000001df025be5b0
Event: 0.129 Thread 0x000001df5cbde990 Thread added: 0x000001df02632340
Event: 0.433 Thread 0x000001df5cbde990 Thread added: 0x000001df48649b50
Event: 0.439 Thread 0x000001df5cbde990 Thread added: 0x000001df4866b850
Event: 0.454 Thread 0x000001df5cbde990 Thread added: 0x000001df4862e160
Event: 0.484 Thread 0x000001df4866b850 Thread added: 0x000001df48746370
Event: 0.502 Thread 0x000001df48746370 Thread added: 0x000001df48766a00
Event: 0.502 Thread 0x000001df48649b50 Thread added: 0x000001df48766ee0
Event: 0.515 Thread 0x000001df7f888fb0 Thread added: 0x000001df487af190
Event: 0.516 Thread 0x000001df48766ee0 Thread added: 0x000001df487655c0
Event: 1.213 Thread 0x000001df5cbde990 Thread added: 0x000001df49822e90


Dynamic libraries:
0x00007ff683bd0000 - 0x00007ff683bde000 	C:\Users\Jastin Pepeo\.jdks\corretto-17.0.13\bin\java.exe
0x00007ffba7910000 - 0x00007ffba7b27000 	C:\WINDOWS\SYSTEM32\ntdll.dll
0x00007ffba6520000 - 0x00007ffba65e4000 	C:\WINDOWS\System32\KERNEL32.DLL
0x00007ffba5050000 - 0x00007ffba53f5000 	C:\WINDOWS\System32\KERNELBASE.dll
0x00007ffba5480000 - 0x00007ffba5591000 	C:\WINDOWS\System32\ucrtbase.dll
0x00007ffb8dbd0000 - 0x00007ffb8dbeb000 	C:\Users\Jastin Pepeo\.jdks\corretto-17.0.13\bin\VCRUNTIME140.dll
0x00007ffb88980000 - 0x00007ffb88997000 	C:\Users\Jastin Pepeo\.jdks\corretto-17.0.13\bin\jli.dll
0x00007ffba5900000 - 0x00007ffba5aae000 	C:\WINDOWS\System32\USER32.dll
0x00007ffba4d90000 - 0x00007ffba4db6000 	C:\WINDOWS\System32\win32u.dll
0x00007ffba7340000 - 0x00007ffba7369000 	C:\WINDOWS\System32\GDI32.dll
0x00007ffba4dc0000 - 0x00007ffba4ed9000 	C:\WINDOWS\System32\gdi32full.dll
0x00007ffba4cf0000 - 0x00007ffba4d8a000 	C:\WINDOWS\System32\msvcp_win.dll
0x00007ffb80550000 - 0x00007ffb807e3000 	C:\WINDOWS\WinSxS\amd64_microsoft.windows.common-controls_6595b64144ccf1df_6.0.22621.2506_none_270c5ae97388e100\COMCTL32.dll
0x00007ffba68d0000 - 0x00007ffba6977000 	C:\WINDOWS\System32\msvcrt.dll
0x00007ffba6890000 - 0x00007ffba68c1000 	C:\WINDOWS\System32\IMM32.DLL
0x000000005c7c0000 - 0x000000005c7cd000 	C:\Program Files (x86)\360\360Safe\safemon\SafeWrapper.dll
0x00007ffba7420000 - 0x00007ffba74d1000 	C:\WINDOWS\System32\ADVAPI32.dll
0x00007ffba7370000 - 0x00007ffba7416000 	C:\WINDOWS\System32\sechost.dll
0x00007ffba6d20000 - 0x00007ffba6e37000 	C:\WINDOWS\System32\RPCRT4.dll
0x00007ffb91180000 - 0x00007ffb91283000 	C:\Program Files (x86)\360\360Safe\safemon\libzdtp64.dll
0x00007ffba5cc0000 - 0x00007ffba6519000 	C:\WINDOWS\System32\SHELL32.dll
0x00007ffba77e0000 - 0x00007ffba783e000 	C:\WINDOWS\System32\SHLWAPI.dll
0x00007ffba48c0000 - 0x00007ffba48ca000 	C:\WINDOWS\SYSTEM32\VERSION.dll
0x00007ffb9ba40000 - 0x00007ffb9ba4c000 	C:\Users\Jastin Pepeo\.jdks\corretto-17.0.13\bin\vcruntime140_1.dll
0x00007ffb35a50000 - 0x00007ffb35add000 	C:\Users\Jastin Pepeo\.jdks\corretto-17.0.13\bin\msvcp140.dll
0x00007ffb14bb0000 - 0x00007ffb1581c000 	C:\Users\Jastin Pepeo\.jdks\corretto-17.0.13\bin\server\jvm.dll
0x00007ffba76f0000 - 0x00007ffba7761000 	C:\WINDOWS\System32\WS2_32.dll
0x00007ffba3a20000 - 0x00007ffba3a6d000 	C:\WINDOWS\SYSTEM32\POWRPROF.dll
0x00007ffb9d680000 - 0x00007ffb9d6b4000 	C:\WINDOWS\SYSTEM32\WINMM.dll
0x00007ffba3a00000 - 0x00007ffba3a13000 	C:\WINDOWS\SYSTEM32\UMPDC.dll
0x00007ffba3c60000 - 0x00007ffba3c78000 	C:\WINDOWS\SYSTEM32\kernel.appcore.dll
0x00007ffb9b930000 - 0x00007ffb9b93a000 	C:\Users\Jastin Pepeo\.jdks\corretto-17.0.13\bin\jimage.dll
0x00007ffba2180000 - 0x00007ffba23b3000 	C:\WINDOWS\SYSTEM32\DBGHELP.DLL
0x00007ffba6990000 - 0x00007ffba6d19000 	C:\WINDOWS\System32\combase.dll
0x00007ffba5820000 - 0x00007ffba58f7000 	C:\WINDOWS\System32\OLEAUT32.dll
0x00007ffb998d0000 - 0x00007ffb99902000 	C:\WINDOWS\SYSTEM32\dbgcore.DLL
0x00007ffba5400000 - 0x00007ffba547a000 	C:\WINDOWS\System32\bcryptPrimitives.dll
0x00007ffb72b10000 - 0x00007ffb72b35000 	C:\Users\Jastin Pepeo\.jdks\corretto-17.0.13\bin\java.dll
0x00007ffb2acd0000 - 0x00007ffb2ada7000 	C:\Users\Jastin Pepeo\.jdks\corretto-17.0.13\bin\jsvml.dll
0x00007ffba29c0000 - 0x00007ffba32b4000 	C:\WINDOWS\SYSTEM32\windows.storage.dll
0x00007ffba2880000 - 0x00007ffba29be000 	C:\WINDOWS\SYSTEM32\wintypes.dll
0x00007ffba5710000 - 0x00007ffba5803000 	C:\WINDOWS\System32\SHCORE.dll
0x00007ffba4bb0000 - 0x00007ffba4bd6000 	C:\WINDOWS\SYSTEM32\profapi.dll
0x00007ffb72c70000 - 0x00007ffb72c89000 	C:\Users\Jastin Pepeo\.jdks\corretto-17.0.13\bin\net.dll
0x00007ffb9d9e0000 - 0x00007ffb9db17000 	C:\WINDOWS\SYSTEM32\WINHTTP.dll
0x00007ffba4130000 - 0x00007ffba4199000 	C:\WINDOWS\system32\mswsock.dll
0x00007ffb728c0000 - 0x00007ffb728d6000 	C:\Users\Jastin Pepeo\.jdks\corretto-17.0.13\bin\nio.dll
0x00007ffb713c0000 - 0x00007ffb713d8000 	C:\Users\Jastin Pepeo\.jdks\corretto-17.0.13\bin\zip.dll
0x00007ffb8f8f0000 - 0x00007ffb8f8f9000 	C:\Users\Jastin Pepeo\.jdks\corretto-17.0.13\bin\management.dll
0x00007ffb8dbc0000 - 0x00007ffb8dbcb000 	C:\Users\Jastin Pepeo\.jdks\corretto-17.0.13\bin\management_ext.dll
0x00007ffba74e0000 - 0x00007ffba74e8000 	C:\WINDOWS\System32\PSAPI.DLL
0x00007ffb889a0000 - 0x00007ffb889b7000 	C:\WINDOWS\system32\napinsp.dll
0x00007ffb80330000 - 0x00007ffb8034b000 	C:\WINDOWS\system32\pnrpnsp.dll
0x00007ffba3730000 - 0x00007ffba3829000 	C:\WINDOWS\SYSTEM32\DNSAPI.dll
0x00007ffba36c0000 - 0x00007ffba36ed000 	C:\WINDOWS\SYSTEM32\IPHLPAPI.DLL
0x00007ffba6980000 - 0x00007ffba6989000 	C:\WINDOWS\System32\NSI.dll
0x00007ffb802d0000 - 0x00007ffb802e1000 	C:\WINDOWS\System32\winrnr.dll
0x00007ffb9cc90000 - 0x00007ffb9cca5000 	C:\WINDOWS\system32\wshbth.dll
0x00007ffb802a0000 - 0x00007ffb802c1000 	C:\WINDOWS\system32\nlansp_c.dll
0x00007ffb88960000 - 0x00007ffb8897f000 	C:\WINDOWS\system32\wlidnsp.dll
0x00007ffb9bb50000 - 0x00007ffb9bb5a000 	C:\Windows\System32\rasadhlp.dll
0x00007ffb9cf10000 - 0x00007ffb9cf93000 	C:\WINDOWS\System32\fwpuclnt.dll
0x00007ffba4480000 - 0x00007ffba449b000 	C:\WINDOWS\SYSTEM32\CRYPTSP.dll
0x00007ffba3c20000 - 0x00007ffba3c55000 	C:\WINDOWS\system32\rsaenh.dll
0x00007ffba41d0000 - 0x00007ffba41fc000 	C:\WINDOWS\SYSTEM32\USERENV.dll
0x00007ffba45a0000 - 0x00007ffba45c8000 	C:\WINDOWS\SYSTEM32\bcrypt.dll
0x00007ffba4460000 - 0x00007ffba446c000 	C:\WINDOWS\SYSTEM32\CRYPTBASE.dll
0x00007ffb9d8d0000 - 0x00007ffb9d8e9000 	C:\WINDOWS\SYSTEM32\dhcpcsvc6.DLL
0x00007ffb9d6c0000 - 0x00007ffb9d6df000 	C:\WINDOWS\SYSTEM32\dhcpcsvc.DLL
0x00007ffb86870000 - 0x00007ffb86879000 	C:\Users\Jastin Pepeo\.jdks\corretto-17.0.13\bin\extnet.dll

dbghelp: loaded successfully - version: 4.0.5 - missing functions: none
symbol engine: initialized successfully - sym options: 0x614 - pdb path: .;C:\Users\Jastin Pepeo\.jdks\corretto-17.0.13\bin;C:\WINDOWS\SYSTEM32;C:\WINDOWS\WinSxS\amd64_microsoft.windows.common-controls_6595b64144ccf1df_6.0.22621.2506_none_270c5ae97388e100;C:\Program Files (x86)\360\360Safe\safemon;C:\Users\Jastin Pepeo\.jdks\corretto-17.0.13\bin\server

VM Arguments:
jvm_args: -XX:+ShowCodeDetailsInExceptionMessages -Dspring.jmx.enabled=true -Dmanagement.endpoints.jmx.exposure.include=* -Dspring.application.admin.enabled=true -Dspring.boot.project.name=chatRoom -Djava.rmi.server.hostname=localhost -Dcom.sun.management.jmxremote.port=45556 -Dcom.sun.management.jmxremote.authenticate=false -Dcom.sun.management.jmxremote.ssl=false 
java_command: com.example.Application
java_class_path (initial): D:\lora\chatRoom\target\classes;C:\Users\Jastin Pepeo\.m2\repository\io\netty\netty-all\4.1.105.Final\netty-all-4.1.105.Final.jar;C:\Users\Jastin Pepeo\.m2\repository\io\netty\netty-buffer\4.1.105.Final\netty-buffer-4.1.105.Final.jar;C:\Users\Jastin Pepeo\.m2\repository\io\netty\netty-codec\4.1.105.Final\netty-codec-4.1.105.Final.jar;C:\Users\Jastin Pepeo\.m2\repository\io\netty\netty-codec-dns\4.1.105.Final\netty-codec-dns-4.1.105.Final.jar;C:\Users\Jastin Pepeo\.m2\repository\io\netty\netty-codec-haproxy\4.1.105.Final\netty-codec-haproxy-4.1.105.Final.jar;C:\Users\Jastin Pepeo\.m2\repository\io\netty\netty-codec-http\4.1.105.Final\netty-codec-http-4.1.105.Final.jar;C:\Users\Jastin Pepeo\.m2\repository\io\netty\netty-codec-http2\4.1.105.Final\netty-codec-http2-4.1.105.Final.jar;C:\Users\Jastin Pepeo\.m2\repository\io\netty\netty-codec-memcache\4.1.105.Final\netty-codec-memcache-4.1.105.Final.jar;C:\Users\Jastin Pepeo\.m2\repository\io\netty\netty-codec-mqtt\4.1.105.Final\netty-codec-mqtt-4.1.105.Final.jar;C:\Users\Jastin Pepeo\.m2\repository\io\netty\netty-codec-redis\4.1.105.Final\netty-codec-redis-4.1.105.Final.jar;C:\Users\Jastin Pepeo\.m2\repository\io\netty\netty-codec-smtp\4.1.105.Final\netty-codec-smtp-4.1.105.Final.jar;C:\Users\Jastin Pepeo\.m2\repository\io\netty\netty-codec-socks\4.1.105.Final\netty-codec-socks-4.1.105.Final.jar;C:\Users\Jastin Pepeo\.m2\repository\io\netty\netty-codec-stomp\4.1.105.Final\netty-codec-stomp-4.1.105.Final.jar;C:\Users\Jastin Pepeo\.m2\repository\io\netty\netty-codec-xml\4.1.105.Final\netty-codec-xml-4.1.105.Final.jar;C:\Users\Jastin Pepeo\.m2\repository\io\netty\netty-common\4.1.105.Final\netty-common-4.1.105.Final.jar;C:\Users\Jastin Pepeo\.m2\repository\io\netty\netty-handler\4.1.105.Final\netty-handler-4.1.105.Final.jar;C:\Users\Jastin Pepeo\.m2\repository\io\netty\netty-transport-native-unix-common\4.1.105.Final\netty-transport-native-unix-common-4.1.105.Final.jar;C:\Users\Jastin Pepeo\.m2\r
Launcher Type: SUN_STANDARD

[Global flags]
     intx CICompilerCount                          = 4                                         {product} {ergonomic}
     uint ConcGCThreads                            = 3                                         {product} {ergonomic}
     uint G1ConcRefinementThreads                  = 10                                        {product} {ergonomic}
   size_t G1HeapRegionSize                         = 2097152                                   {product} {ergonomic}
    uintx GCDrainStackTargetSize                   = 64                                        {product} {ergonomic}
   size_t InitialHeapSize                          = 266338304                                 {product} {ergonomic}
     bool ManagementServer                         = true                                      {product} {command line}
   size_t MarkStackSize                            = 4194304                                   {product} {ergonomic}
   size_t MaxHeapSize                              = 4238344192                                {product} {ergonomic}
   size_t MaxNewSize                               = 2541748224                                {product} {ergonomic}
   size_t MinHeapDeltaBytes                        = 2097152                                   {product} {ergonomic}
   size_t MinHeapSize                              = 8388608                                   {product} {ergonomic}
    uintx NonNMethodCodeHeapSize                   = 5839372                                {pd product} {ergonomic}
    uintx NonProfiledCodeHeapSize                  = 122909434                              {pd product} {ergonomic}
    uintx ProfiledCodeHeapSize                     = 122909434                              {pd product} {ergonomic}
    uintx ReservedCodeCacheSize                    = 251658240                              {pd product} {ergonomic}
     bool SegmentedCodeCache                       = true                                      {product} {ergonomic}
     bool ShowCodeDetailsInExceptionMessages       = true                                   {manageable} {command line}
   size_t SoftMaxHeapSize                          = 4238344192                             {manageable} {ergonomic}
     bool UseCompressedClassPointers               = true                           {product lp64_product} {ergonomic}
     bool UseCompressedOops                        = true                           {product lp64_product} {ergonomic}
     bool UseG1GC                                  = true                                      {product} {ergonomic}
     bool UseLargePagesIndividualAllocation        = false                                  {pd product} {ergonomic}

Logging:
Log output configuration:
 #0: stdout all=warning uptime,level,tags
 #1: stderr all=off uptime,level,tags

Environment Variables:
JAVA_HOME=C:\Users\Jastin Pepeo\.jdks\corretto-17.0.13
CLASSPATH=E:\LINGO64_18\Lingo18.jar
PATH=D:\Program Files\MATLAB\R2023b\runtime\win64;D:\Program Files\MATLAB\R2023b\bin;D:\Program Files\MATLAB\R2019a\bin\win64;C:\Program Files (x86)\Common Files\Intel\Shared Libraries\redist\intel64\compiler;C:\Windows\system32;C:\Windows;C:\Windows\System32\Wbem;C:\Windows\System32\WindowsPowerShell\v1.0\;C:\Windows\System32\OpenSSH\;C:\Program Files (x86)\NVIDIA Corporation\PhysX\Common;C:\Program Files\NVIDIA Corporation\NVIDIA NvDLISR;C:\Program Files\dotnet\;C:\Program Files\Microsoft SQL Server\150\Tools\Binn\;C:\Program Files (x86)\EasyShare\x86\;C:\Program Files (x86)\EasyShare\x64\;C:\WINDOWS\system32;C:\WINDOWS;C:\WINDOWS\System32\Wbem;C:\WINDOWS\System32\WindowsPowerShell\v1.0\;C:\WINDOWS\System32\OpenSSH\;C:\Users\Jastin Pepeo\AppData\Local\Programs\Python\Python312\Scripts\;C:\Users\Jastin Pepeo\AppData\Local\Programs\Python\Python312\;C:\Users\Jastin Pepeo\AppData\Local\Microsoft\WindowsApps;C:\Users\Jastin Pepeo\.dotnet\tools;C:\Program Files\Wolfram Research\WolframScript\;C:\Program Files\nodejs\;D:\Program Files\Erlang OTP\bin;C:\Program Files\CodeBlocks\MinGW\bin;C:\Program Files (x86)\NetSarang\Xftp 7\;E:\LINGO64_18\;C:\Program Files (x86)\Graphviz2.38\bin;C:\Program Files\Git\cmd;C:\Program Files\Docker\Docker\resources\bin;C:\Program Files (x86)\NetSarang\Xshell 8\;C:\Program Files (x86)\Windows Kits\8.1\Windows Performance Toolkit\;D:\Program Files (x86)\Go\bin;C:\Users\Jastin Pepeo\AppData\Local\Programs\Python\Python312\Scripts\;C:\Users\Jastin Pepeo\AppData\Local\Programs\Python\Python312\;C:\Users\Jastin Pepeo\AppData\Local\Microsoft\WindowsApps;C:\Users\Jastin Pepeo\.dotnet\tools;C:\Users\Jastin Pepeo\AppData\Roaming\npm;C:\Users\Jastin Pepeo\AppData\Local\Programs\Microsoft VS Code\bin;D:\Program Files\JetBrains\PyCharm 2023.2.5\bin;C:\Users\Jastin Pepeo\AppData\Local\JetBrains\Toolbox\scripts;E:\\ffmpeg\bin;D:\lora\Mysql\mysql-5.7.19-winx64\bin\bin;C:\Users\Jastin Pepeo\.jdks\corretto-17.0.13\bin;C:\Users\Jastin Pepeo\.jdks\corr
USERNAME=Jastin Pepeo
LANG=zh_CN.UTF-8
OS=Windows_NT
PROCESSOR_IDENTIFIER=Intel64 Family 6 Model 141 Stepping 1, GenuineIntel
TMP=C:\Users\JASTIN~1\AppData\Local\Temp
TEMP=C:\Users\JASTIN~1\AppData\Local\Temp



Periodic native trim disabled


---------------  S Y S T E M  ---------------

OS:
 Windows 11 , 64 bit Build 22621 (10.0.22621.2506)
OS uptime: 0 days 1:38 hours
Hyper-V role detected

CPU: total 12 (initial active 12) (6 cores per cpu, 2 threads per core) family 6 model 141 stepping 1 microcode 0x2c, cx8, cmov, fxsr, ht, mmx, 3dnowpref, sse, sse2, sse3, ssse3, sse4.1, sse4.2, popcnt, lzcnt, tsc, tscinvbit, avx, avx2, aes, erms, clmul, bmi1, bmi2, adx, avx512f, avx512dq, avx512cd, avx512bw, avx512vl, sha, fma, vzeroupper, avx512_vpopcntdq, avx512_vpclmulqdq, avx512_vaes, avx512_vnni, clflush, clflushopt, clwb, avx512_vbmi2, avx512_vbmi, hv
Processor Information for all 12 processors :
  Max Mhz: 2611, Current Mhz: 2611, Mhz Limit: 2611

Memory: 4k page, system-wide physical 16163M (2949M free)
TotalPageFile size 19363M (AvailPageFile size 5M)
current process WorkingSet (physical memory assigned to process): 141M, peak: 141M
current process commit charge ("private bytes"): 413M, peak: 413M

vm_info: OpenJDK 64-Bit Server VM (17.0.13+11-LTS) for windows-amd64 JRE (17.0.13+11-LTS), built on Oct 10 2024 19:51:30 by "Administrator" with MS VC++ 16.10 / 16.11 (VS2019)

END.
